2023-01-14 16:44:29[WARN] user: dan
GET /cart
USE eager loading detected
  LineItem => [:product]
  Add to your query: .includes([:product])
Call stack
  /home/dan/RubyHW/HW12/Shop/app/views/carts/show.html.erb:15:in `block in _app_views_carts_show_html_erb__733846677379636003_42120'
  /home/dan/RubyHW/HW12/Shop/app/views/carts/show.html.erb:11:in `_app_views_carts_show_html_erb__733846677379636003_42120'

2023-01-14 16:55:29[WARN] user: dan
GET /orders
USE eager loading detected
  Order => [:cart]
  Add to your query: .includes([:cart])
Call stack
  /home/dan/RubyHW/HW12/Shop/app/views/orders/index.html.erb:13:in `block in _app_views_orders_index_html_erb__3726546502492209098_42560'
  /home/dan/RubyHW/HW12/Shop/app/views/orders/index.html.erb:5:in `_app_views_orders_index_html_erb__3726546502492209098_42560'

2023-01-14 16:55:29[WARN] user: dan
GET /orders
USE eager loading detected
  LineItem => [:product]
  Add to your query: .includes([:product])
Call stack
  /home/dan/RubyHW/HW12/Shop/app/views/orders/index.html.erb:15:in `block (2 levels) in _app_views_orders_index_html_erb__3726546502492209098_42560'
  /home/dan/RubyHW/HW12/Shop/app/views/orders/index.html.erb:13:in `block in _app_views_orders_index_html_erb__3726546502492209098_42560'
  /home/dan/RubyHW/HW12/Shop/app/views/orders/index.html.erb:5:in `_app_views_orders_index_html_erb__3726546502492209098_42560'

2023-01-14 16:57:13[WARN] user: dan
GET /orders
USE eager loading detected
  Cart => [:line_items]
  Add to your query: .includes([:line_items])
Call stack
  /home/dan/RubyHW/HW12/Shop/app/views/orders/index.html.erb:25:in `map'
  /home/dan/RubyHW/HW12/Shop/app/views/orders/index.html.erb:25:in `block in _app_views_orders_index_html_erb__3726546502492209098_42860'
  /home/dan/RubyHW/HW12/Shop/app/views/orders/index.html.erb:5:in `_app_views_orders_index_html_erb__3726546502492209098_42860'

2023-01-14 16:59:45[WARN] user: dan
GET /orders/8
USE eager loading detected
  LineItem => [:product]
  Add to your query: .includes([:product])
Call stack
  /home/dan/RubyHW/HW12/Shop/app/views/orders/show.html.erb:15:in `block in _app_views_orders_show_html_erb__4500346221317634254_44200'
  /home/dan/RubyHW/HW12/Shop/app/views/orders/show.html.erb:12:in `each'
  /home/dan/RubyHW/HW12/Shop/app/views/orders/show.html.erb:12:in `with_index'
  /home/dan/RubyHW/HW12/Shop/app/views/orders/show.html.erb:12:in `_app_views_orders_show_html_erb__4500346221317634254_44200'

2023-01-14 17:01:14[WARN] user: dan
GET /orders
USE eager loading detected
  Cart => [:line_items]
  Add to your query: .includes([:line_items])
Call stack
  /home/dan/RubyHW/HW12/Shop/app/views/orders/index.html.erb:25:in `map'
  /home/dan/RubyHW/HW12/Shop/app/views/orders/index.html.erb:25:in `block in _app_views_orders_index_html_erb__3726546502492209098_44420'
  /home/dan/RubyHW/HW12/Shop/app/views/orders/index.html.erb:5:in `_app_views_orders_index_html_erb__3726546502492209098_44420'

2023-01-14 17:03:19[WARN] user: dan
GET /orders
USE eager loading detected
  Cart => [:line_items]
  Add to your query: .includes([:line_items])
Call stack
  /home/dan/RubyHW/HW12/Shop/app/views/orders/index.html.erb:25:in `map'
  /home/dan/RubyHW/HW12/Shop/app/views/orders/index.html.erb:25:in `block in _app_views_orders_index_html_erb__3726546502492209098_44420'
  /home/dan/RubyHW/HW12/Shop/app/views/orders/index.html.erb:5:in `_app_views_orders_index_html_erb__3726546502492209098_44420'

2023-01-14 17:05:43[WARN] user: dan
GET /orders
USE eager loading detected
  Cart => [:line_items]
  Add to your query: .includes([:line_items])
Call stack
  /home/dan/RubyHW/HW12/Shop/app/views/orders/index.html.erb:25:in `map'
  /home/dan/RubyHW/HW12/Shop/app/views/orders/index.html.erb:25:in `block in _app_views_orders_index_html_erb__3726546502492209098_46140'
  /home/dan/RubyHW/HW12/Shop/app/views/orders/index.html.erb:5:in `_app_views_orders_index_html_erb__3726546502492209098_46140'

2023-01-14 17:16:32[WARN] user: dan
GET /orders
USE eager loading detected
  Cart => [:line_items]
  Add to your query: .includes([:line_items])
Call stack
  /home/dan/RubyHW/HW12/Shop/app/views/orders/index.html.erb:25:in `map'
  /home/dan/RubyHW/HW12/Shop/app/views/orders/index.html.erb:25:in `block in _app_views_orders_index_html_erb__3726546502492209098_48400'
  /home/dan/RubyHW/HW12/Shop/app/views/orders/index.html.erb:5:in `_app_views_orders_index_html_erb__3726546502492209098_48400'

2023-01-14 17:18:19[WARN] user: dan
GET /orders
USE eager loading detected
  Cart => [:line_items]
  Add to your query: .includes([:line_items])
Call stack
  /home/dan/RubyHW/HW12/Shop/app/views/orders/index.html.erb:25:in `map'
  /home/dan/RubyHW/HW12/Shop/app/views/orders/index.html.erb:25:in `block in _app_views_orders_index_html_erb__3726546502492209098_48400'
  /home/dan/RubyHW/HW12/Shop/app/views/orders/index.html.erb:5:in `_app_views_orders_index_html_erb__3726546502492209098_48400'

2023-01-14 17:26:17[WARN] user: dan
GET /orders
USE eager loading detected
  Cart => [:line_items]
  Add to your query: .includes([:line_items])
Call stack
  /home/dan/RubyHW/HW12/Shop/app/views/orders/index.html.erb:25:in `map'
  /home/dan/RubyHW/HW12/Shop/app/views/orders/index.html.erb:25:in `block in _app_views_orders_index_html_erb__3726546502492209098_88880'
  /home/dan/RubyHW/HW12/Shop/app/views/orders/index.html.erb:5:in `_app_views_orders_index_html_erb__3726546502492209098_88880'

2023-01-14 17:28:51[WARN] user: dan
GET /orders
USE eager loading detected
  Cart => [:line_items]
  Add to your query: .includes([:line_items])
Call stack
  /home/dan/RubyHW/HW12/Shop/app/views/orders/index.html.erb:13:in `block in _app_views_orders_index_html_erb__3726546502492209098_90540'
  /home/dan/RubyHW/HW12/Shop/app/views/orders/index.html.erb:5:in `_app_views_orders_index_html_erb__3726546502492209098_90540'

2023-01-14 17:28:51[WARN] user: dan
GET /orders
USE eager loading detected
  LineItem => [:product]
  Add to your query: .includes([:product])
Call stack
  /home/dan/RubyHW/HW12/Shop/app/views/orders/index.html.erb:15:in `block (2 levels) in _app_views_orders_index_html_erb__3726546502492209098_90540'
  /home/dan/RubyHW/HW12/Shop/app/views/orders/index.html.erb:13:in `block in _app_views_orders_index_html_erb__3726546502492209098_90540'
  /home/dan/RubyHW/HW12/Shop/app/views/orders/index.html.erb:5:in `_app_views_orders_index_html_erb__3726546502492209098_90540'

2023-01-14 17:34:14[WARN] user: dan
GET /orders
USE eager loading detected
  Cart => [:line_items]
  Add to your query: .includes([:line_items])
Call stack
  /home/dan/RubyHW/HW12/Shop/app/models/cart.rb:26:in `map'
  /home/dan/RubyHW/HW12/Shop/app/models/cart.rb:26:in `sum_price'
  /home/dan/RubyHW/HW12/Shop/app/views/orders/index.html.erb:25:in `block in _app_views_orders_index_html_erb__3726546502492209098_91420'
  /home/dan/RubyHW/HW12/Shop/app/views/orders/index.html.erb:5:in `_app_views_orders_index_html_erb__3726546502492209098_91420'

2023-01-14 17:34:43[WARN] user: dan
GET /orders
USE eager loading detected
  Cart => [:line_items]
  Add to your query: .includes([:line_items])
Call stack
  /home/dan/RubyHW/HW12/Shop/app/models/cart.rb:26:in `map'
  /home/dan/RubyHW/HW12/Shop/app/models/cart.rb:26:in `sum_price'
  /home/dan/RubyHW/HW12/Shop/app/views/orders/index.html.erb:25:in `block in _app_views_orders_index_html_erb__3726546502492209098_91420'
  /home/dan/RubyHW/HW12/Shop/app/views/orders/index.html.erb:5:in `_app_views_orders_index_html_erb__3726546502492209098_91420'

2023-01-14 17:38:15[WARN] user: dan
GET /orders
USE eager loading detected
  Order => [:cart]
  Add to your query: .includes([:cart])
Call stack
  /home/dan/RubyHW/HW12/Shop/app/views/orders/index.html.erb:13:in `block in _app_views_orders_index_html_erb__3726546502492209098_92520'
  /home/dan/RubyHW/HW12/Shop/app/views/orders/index.html.erb:5:in `_app_views_orders_index_html_erb__3726546502492209098_92520'

2023-01-14 17:38:15[WARN] user: dan
GET /orders
USE eager loading detected
  LineItem => [:product]
  Add to your query: .includes([:product])
Call stack
  /home/dan/RubyHW/HW12/Shop/app/views/orders/index.html.erb:15:in `block (2 levels) in _app_views_orders_index_html_erb__3726546502492209098_92520'
  /home/dan/RubyHW/HW12/Shop/app/views/orders/index.html.erb:13:in `block in _app_views_orders_index_html_erb__3726546502492209098_92520'
  /home/dan/RubyHW/HW12/Shop/app/views/orders/index.html.erb:5:in `_app_views_orders_index_html_erb__3726546502492209098_92520'

2023-01-14 17:38:26[WARN] user: dan
GET /orders
USE eager loading detected
  Order => [:cart]
  Add to your query: .includes([:cart])
Call stack
  /home/dan/RubyHW/HW12/Shop/app/views/orders/index.html.erb:13:in `block in _app_views_orders_index_html_erb__3726546502492209098_92520'
  /home/dan/RubyHW/HW12/Shop/app/views/orders/index.html.erb:5:in `_app_views_orders_index_html_erb__3726546502492209098_92520'

2023-01-14 17:38:26[WARN] user: dan
GET /orders
USE eager loading detected
  LineItem => [:product]
  Add to your query: .includes([:product])
Call stack
  /home/dan/RubyHW/HW12/Shop/app/views/orders/index.html.erb:15:in `block (2 levels) in _app_views_orders_index_html_erb__3726546502492209098_92520'
  /home/dan/RubyHW/HW12/Shop/app/views/orders/index.html.erb:13:in `block in _app_views_orders_index_html_erb__3726546502492209098_92520'
  /home/dan/RubyHW/HW12/Shop/app/views/orders/index.html.erb:5:in `_app_views_orders_index_html_erb__3726546502492209098_92520'

2023-01-14 17:40:30[WARN] user: dan
GET /orders
USE eager loading detected
  Cart => [:line_items]
  Add to your query: .includes([:line_items])
Call stack
  /home/dan/RubyHW/HW12/Shop/app/views/orders/index.html.erb:13:in `block in _app_views_orders_index_html_erb__3726546502492209098_92760'
  /home/dan/RubyHW/HW12/Shop/app/views/orders/index.html.erb:5:in `_app_views_orders_index_html_erb__3726546502492209098_92760'

2023-01-14 17:40:30[WARN] user: dan
GET /orders
USE eager loading detected
  LineItem => [:product]
  Add to your query: .includes([:product])
Call stack
  /home/dan/RubyHW/HW12/Shop/app/views/orders/index.html.erb:15:in `block (2 levels) in _app_views_orders_index_html_erb__3726546502492209098_92760'
  /home/dan/RubyHW/HW12/Shop/app/views/orders/index.html.erb:13:in `block in _app_views_orders_index_html_erb__3726546502492209098_92760'
  /home/dan/RubyHW/HW12/Shop/app/views/orders/index.html.erb:5:in `_app_views_orders_index_html_erb__3726546502492209098_92760'

2023-01-14 17:42:45[WARN] user: dan
GET /orders
USE eager loading detected
  Cart => [:line_items]
  Add to your query: .includes([:line_items])
Call stack
  /home/dan/RubyHW/HW12/Shop/app/views/orders/index.html.erb:13:in `block in _app_views_orders_index_html_erb__3726546502492209098_94160'
  /home/dan/RubyHW/HW12/Shop/app/views/orders/index.html.erb:5:in `_app_views_orders_index_html_erb__3726546502492209098_94160'

2023-01-14 17:42:45[WARN] user: dan
GET /orders
USE eager loading detected
  LineItem => [:product]
  Add to your query: .includes([:product])
Call stack
  /home/dan/RubyHW/HW12/Shop/app/views/orders/index.html.erb:15:in `block (2 levels) in _app_views_orders_index_html_erb__3726546502492209098_94160'
  /home/dan/RubyHW/HW12/Shop/app/views/orders/index.html.erb:13:in `block in _app_views_orders_index_html_erb__3726546502492209098_94160'
  /home/dan/RubyHW/HW12/Shop/app/views/orders/index.html.erb:5:in `_app_views_orders_index_html_erb__3726546502492209098_94160'

2023-01-14 17:43:27[WARN] user: dan
GET /orders
USE eager loading detected
  Cart => [:line_items]
  Add to your query: .includes([:line_items])
Call stack
  /home/dan/RubyHW/HW12/Shop/app/models/cart.rb:26:in `map'
  /home/dan/RubyHW/HW12/Shop/app/models/cart.rb:26:in `sum_price'
  /home/dan/RubyHW/HW12/Shop/app/views/orders/index.html.erb:25:in `block in _app_views_orders_index_html_erb__3726546502492209098_94280'
  /home/dan/RubyHW/HW12/Shop/app/views/orders/index.html.erb:5:in `_app_views_orders_index_html_erb__3726546502492209098_94280'

2023-01-14 17:44:49[WARN] user: dan
GET /orders
USE eager loading detected
  Cart => [:line_items]
  Add to your query: .includes([:line_items])
Call stack
  /home/dan/RubyHW/HW12/Shop/app/models/cart.rb:26:in `map'
  /home/dan/RubyHW/HW12/Shop/app/models/cart.rb:26:in `sum_price'
  /home/dan/RubyHW/HW12/Shop/app/views/orders/index.html.erb:25:in `block in _app_views_orders_index_html_erb__3726546502492209098_95060'
  /home/dan/RubyHW/HW12/Shop/app/views/orders/index.html.erb:5:in `_app_views_orders_index_html_erb__3726546502492209098_95060'

2023-01-14 17:44:53[WARN] user: dan
GET /orders
USE eager loading detected
  Cart => [:line_items]
  Add to your query: .includes([:line_items])
Call stack
  /home/dan/RubyHW/HW12/Shop/app/models/cart.rb:26:in `map'
  /home/dan/RubyHW/HW12/Shop/app/models/cart.rb:26:in `sum_price'
  /home/dan/RubyHW/HW12/Shop/app/views/orders/index.html.erb:25:in `block in _app_views_orders_index_html_erb__3726546502492209098_95060'
  /home/dan/RubyHW/HW12/Shop/app/views/orders/index.html.erb:5:in `_app_views_orders_index_html_erb__3726546502492209098_95060'

2023-01-14 17:47:42[WARN] user: dan
GET /orders
USE eager loading detected
  Cart => [:line_items]
  Add to your query: .includes([:line_items])
Call stack
  /home/dan/RubyHW/HW12/Shop/app/models/cart.rb:26:in `map'
  /home/dan/RubyHW/HW12/Shop/app/models/cart.rb:26:in `sum_price'
  /home/dan/RubyHW/HW12/Shop/app/views/orders/index.html.erb:25:in `block in _app_views_orders_index_html_erb__3726546502492209098_96860'
  /home/dan/RubyHW/HW12/Shop/app/views/orders/index.html.erb:5:in `_app_views_orders_index_html_erb__3726546502492209098_96860'

2023-01-14 17:50:47[WARN] user: dan
GET /orders
USE eager loading detected
  Cart => [:line_items]
  Add to your query: .includes([:line_items])
Call stack
  /home/dan/RubyHW/HW12/Shop/app/models/cart.rb:26:in `map'
  /home/dan/RubyHW/HW12/Shop/app/models/cart.rb:26:in `sum_price'
  /home/dan/RubyHW/HW12/Shop/app/views/orders/index.html.erb:25:in `block in _app_views_orders_index_html_erb__3726546502492209098_99360'
  /home/dan/RubyHW/HW12/Shop/app/views/orders/index.html.erb:5:in `_app_views_orders_index_html_erb__3726546502492209098_99360'

2023-01-14 17:54:13[WARN] user: dan
GET /orders
USE eager loading detected
  Cart => [:line_items]
  Add to your query: .includes([:line_items])
Call stack
  /home/dan/RubyHW/HW12/Shop/app/models/cart.rb:26:in `map'
  /home/dan/RubyHW/HW12/Shop/app/models/cart.rb:26:in `sum_price'
  /home/dan/RubyHW/HW12/Shop/app/views/orders/index.html.erb:25:in `block in _app_views_orders_index_html_erb__3726546502492209098_100780'
  /home/dan/RubyHW/HW12/Shop/app/views/orders/index.html.erb:5:in `_app_views_orders_index_html_erb__3726546502492209098_100780'

2023-01-14 17:56:20[WARN] user: dan
GET /orders
USE eager loading detected
  Cart => [:line_items]
  Add to your query: .includes([:line_items])
Call stack
  /home/dan/RubyHW/HW12/Shop/app/models/cart.rb:26:in `map'
  /home/dan/RubyHW/HW12/Shop/app/models/cart.rb:26:in `sum_price'
  /home/dan/RubyHW/HW12/Shop/app/views/orders/index.html.erb:25:in `block in _app_views_orders_index_html_erb__3726546502492209098_101740'
  /home/dan/RubyHW/HW12/Shop/app/views/orders/index.html.erb:5:in `_app_views_orders_index_html_erb__3726546502492209098_101740'

2023-01-14 17:59:29[WARN] user: dan
GET /orders
USE eager loading detected
  Order => [:cart]
  Add to your query: .includes([:cart])
Call stack
  /home/dan/RubyHW/HW12/Shop/app/views/orders/index.html.erb:13:in `block in _app_views_orders_index_html_erb__3726546502492209098_102000'
  /home/dan/RubyHW/HW12/Shop/app/views/orders/index.html.erb:5:in `_app_views_orders_index_html_erb__3726546502492209098_102000'

2023-01-14 18:01:05[WARN] user: dan
GET /orders
USE eager loading detected
  Cart => [:line_items]
  Add to your query: .includes([:line_items])
Call stack
  /home/dan/RubyHW/HW12/Shop/app/models/cart.rb:26:in `map'
  /home/dan/RubyHW/HW12/Shop/app/models/cart.rb:26:in `sum_price'
  /home/dan/RubyHW/HW12/Shop/app/views/orders/index.html.erb:25:in `block in _app_views_orders_index_html_erb__3726546502492209098_102000'
  /home/dan/RubyHW/HW12/Shop/app/views/orders/index.html.erb:5:in `_app_views_orders_index_html_erb__3726546502492209098_102000'

2023-01-14 18:02:05[WARN] user: dan
GET /orders
USE eager loading detected
  Cart => [:line_items]
  Add to your query: .includes([:line_items])
Call stack
  /home/dan/RubyHW/HW12/Shop/app/models/cart.rb:26:in `map'
  /home/dan/RubyHW/HW12/Shop/app/models/cart.rb:26:in `sum_price'
  /home/dan/RubyHW/HW12/Shop/app/views/orders/index.html.erb:25:in `block in _app_views_orders_index_html_erb__3726546502492209098_122520'
  /home/dan/RubyHW/HW12/Shop/app/views/orders/index.html.erb:5:in `_app_views_orders_index_html_erb__3726546502492209098_122520'

2023-01-14 18:02:18[WARN] user: dan
GET /orders
USE eager loading detected
  Cart => [:line_items]
  Add to your query: .includes([:line_items])
Call stack
  /home/dan/RubyHW/HW12/Shop/app/models/cart.rb:26:in `map'
  /home/dan/RubyHW/HW12/Shop/app/models/cart.rb:26:in `sum_price'
  /home/dan/RubyHW/HW12/Shop/app/views/orders/index.html.erb:25:in `block in _app_views_orders_index_html_erb__3726546502492209098_122520'
  /home/dan/RubyHW/HW12/Shop/app/views/orders/index.html.erb:5:in `_app_views_orders_index_html_erb__3726546502492209098_122520'

2023-01-14 18:02:34[WARN] user: dan
GET /orders
USE eager loading detected
  Cart => [:line_items]
  Add to your query: .includes([:line_items])
Call stack
  /home/dan/RubyHW/HW12/Shop/app/models/cart.rb:26:in `map'
  /home/dan/RubyHW/HW12/Shop/app/models/cart.rb:26:in `sum_price'
  /home/dan/RubyHW/HW12/Shop/app/views/orders/index.html.erb:25:in `block in _app_views_orders_index_html_erb__3726546502492209098_122520'
  /home/dan/RubyHW/HW12/Shop/app/views/orders/index.html.erb:5:in `_app_views_orders_index_html_erb__3726546502492209098_122520'

2023-01-14 18:02:45[WARN] user: dan
GET /orders
USE eager loading detected
  Cart => [:line_items]
  Add to your query: .includes([:line_items])
Call stack
  /home/dan/RubyHW/HW12/Shop/app/models/cart.rb:26:in `map'
  /home/dan/RubyHW/HW12/Shop/app/models/cart.rb:26:in `sum_price'
  /home/dan/RubyHW/HW12/Shop/app/views/orders/index.html.erb:25:in `block in _app_views_orders_index_html_erb__3726546502492209098_122520'
  /home/dan/RubyHW/HW12/Shop/app/views/orders/index.html.erb:5:in `_app_views_orders_index_html_erb__3726546502492209098_122520'

2023-01-14 18:05:08[WARN] user: dan
GET /orders
USE eager loading detected
  Cart => [:line_items]
  Add to your query: .includes([:line_items])
Call stack
  /home/dan/RubyHW/HW12/Shop/app/models/cart.rb:26:in `map'
  /home/dan/RubyHW/HW12/Shop/app/models/cart.rb:26:in `sum_price'
  /home/dan/RubyHW/HW12/Shop/app/views/orders/index.html.erb:25:in `block in _app_views_orders_index_html_erb__3726546502492209098_143600'
  /home/dan/RubyHW/HW12/Shop/app/views/orders/index.html.erb:5:in `_app_views_orders_index_html_erb__3726546502492209098_143600'

2023-01-14 18:10:05[WARN] user: dan
GET /orders
USE eager loading detected
  Cart => [:line_items]
  Add to your query: .includes([:line_items])
Call stack
  /home/dan/RubyHW/HW12/Shop/app/models/cart.rb:26:in `map'
  /home/dan/RubyHW/HW12/Shop/app/models/cart.rb:26:in `sum_price'
  /home/dan/RubyHW/HW12/Shop/app/views/orders/index.html.erb:25:in `block in _app_views_orders_index_html_erb__3726546502492209098_224220'
  /home/dan/RubyHW/HW12/Shop/app/views/orders/index.html.erb:5:in `_app_views_orders_index_html_erb__3726546502492209098_224220'

2023-01-14 18:10:18[WARN] user: dan
GET /orders
USE eager loading detected
  Cart => [:line_items]
  Add to your query: .includes([:line_items])
Call stack
  /home/dan/RubyHW/HW12/Shop/app/models/cart.rb:26:in `map'
  /home/dan/RubyHW/HW12/Shop/app/models/cart.rb:26:in `sum_price'
  /home/dan/RubyHW/HW12/Shop/app/views/orders/index.html.erb:25:in `block in _app_views_orders_index_html_erb__3726546502492209098_224220'
  /home/dan/RubyHW/HW12/Shop/app/views/orders/index.html.erb:5:in `_app_views_orders_index_html_erb__3726546502492209098_224220'

2023-01-14 18:12:28[WARN] user: dan
GET /orders
USE eager loading detected
  Cart => [:line_items]
  Add to your query: .includes([:line_items])
Call stack
  /home/dan/RubyHW/HW12/Shop/app/views/orders/index.html.erb:13:in `block in _app_views_orders_index_html_erb__3726546502492209098_226420'
  /home/dan/RubyHW/HW12/Shop/app/views/orders/index.html.erb:5:in `_app_views_orders_index_html_erb__3726546502492209098_226420'

2023-01-14 18:12:28[WARN] user: dan
GET /orders
USE eager loading detected
  LineItem => [:product]
  Add to your query: .includes([:product])
Call stack
  /home/dan/RubyHW/HW12/Shop/app/views/orders/index.html.erb:15:in `block (2 levels) in _app_views_orders_index_html_erb__3726546502492209098_226420'
  /home/dan/RubyHW/HW12/Shop/app/views/orders/index.html.erb:13:in `block in _app_views_orders_index_html_erb__3726546502492209098_226420'
  /home/dan/RubyHW/HW12/Shop/app/views/orders/index.html.erb:5:in `_app_views_orders_index_html_erb__3726546502492209098_226420'

2023-01-14 18:13:24[WARN] user: dan
GET /orders
USE eager loading detected
  Cart => [:line_items]
  Add to your query: .includes([:line_items])
Call stack
  /home/dan/RubyHW/HW12/Shop/app/models/cart.rb:26:in `map'
  /home/dan/RubyHW/HW12/Shop/app/models/cart.rb:26:in `sum_price'
  /home/dan/RubyHW/HW12/Shop/app/views/orders/index.html.erb:25:in `block in _app_views_orders_index_html_erb__3726546502492209098_226540'
  /home/dan/RubyHW/HW12/Shop/app/views/orders/index.html.erb:5:in `_app_views_orders_index_html_erb__3726546502492209098_226540'

2023-01-14 18:19:05[WARN] user: dan
GET /orders
USE eager loading detected
  Cart => [:line_items]
  Add to your query: .includes([:line_items])
Call stack
  /home/dan/RubyHW/HW12/Shop/app/models/cart.rb:26:in `map'
  /home/dan/RubyHW/HW12/Shop/app/models/cart.rb:26:in `sum_price'
  /home/dan/RubyHW/HW12/Shop/app/views/orders/index.html.erb:25:in `block in _app_views_orders_index_html_erb__3726546502492209098_285800'
  /home/dan/RubyHW/HW12/Shop/app/views/orders/index.html.erb:5:in `_app_views_orders_index_html_erb__3726546502492209098_285800'

2023-01-14 18:20:34[WARN] user: dan
GET /orders
USE eager loading detected
  Cart => [:line_items]
  Add to your query: .includes([:line_items])
Call stack
  /home/dan/RubyHW/HW12/Shop/app/models/cart.rb:26:in `map'
  /home/dan/RubyHW/HW12/Shop/app/models/cart.rb:26:in `sum_price'
  /home/dan/RubyHW/HW12/Shop/app/views/orders/index.html.erb:25:in `block in _app_views_orders_index_html_erb__3726546502492209098_285800'
  /home/dan/RubyHW/HW12/Shop/app/views/orders/index.html.erb:5:in `_app_views_orders_index_html_erb__3726546502492209098_285800'

2023-01-14 18:30:29[WARN] user: dan
GET /orders
USE eager loading detected
  Order => [:cart]
  Add to your query: .includes([:cart])
Call stack
  /home/dan/RubyHW/HW12/Shop/app/views/orders/index.html.erb:13:in `block in _app_views_orders_index_html_erb___1820818414487428308_41520'
  /home/dan/RubyHW/HW12/Shop/app/views/orders/index.html.erb:5:in `_app_views_orders_index_html_erb___1820818414487428308_41520'

2023-02-20 20:38:23[WARN] user: dan
GET /admin/products
USE eager loading detected
  Product => [:category]
  Add to your query: .includes([:category])
Call stack
  /home/dan/RubyHW/HW13w1/Shop/app/admin/products.rb:47:in `block (3 levels) in <main>'
  /home/dan/RubyHW/HW13w1/Shop/app/admin/products.rb:32:in `each'
  /home/dan/RubyHW/HW13w1/Shop/app/admin/products.rb:32:in `block (2 levels) in <main>'

2023-02-21 19:38:47[WARN] user: dan
GET /admin/products
USE eager loading detected
  Product => [:category]
  Add to your query: .includes([:category])
Call stack
  /home/dan/RubyHW/HW13w1/Shop/app/admin/products.rb:47:in `block (3 levels) in <main>'
  /home/dan/RubyHW/HW13w1/Shop/app/admin/products.rb:32:in `each'
  /home/dan/RubyHW/HW13w1/Shop/app/admin/products.rb:32:in `block (2 levels) in <main>'

2023-02-21 19:38:47[WARN] user: dan
GET /admin/products
USE eager loading detected
  ActiveStorage::Attachment => [:blob]
  Add to your query: .includes([:blob])
Call stack

2023-02-21 19:39:34[WARN] user: dan
GET /admin/products
USE eager loading detected
  Product => [:category]
  Add to your query: .includes([:category])
Call stack
  /home/dan/RubyHW/HW13w1/Shop/app/admin/products.rb:47:in `block (3 levels) in <main>'
  /home/dan/RubyHW/HW13w1/Shop/app/admin/products.rb:32:in `each'
  /home/dan/RubyHW/HW13w1/Shop/app/admin/products.rb:32:in `block (2 levels) in <main>'

2023-02-21 19:39:34[WARN] user: dan
GET /admin/products
USE eager loading detected
  ActiveStorage::Attachment => [:blob]
  Add to your query: .includes([:blob])
Call stack

2023-02-21 19:58:16[WARN] user: dan
GET /admin/products
USE eager loading detected
  Product => [:category]
  Add to your query: .includes([:category])
Call stack
  /home/dan/RubyHW/HW13w1/Shop/app/admin/products.rb:47:in `block (3 levels) in <main>'
  /home/dan/RubyHW/HW13w1/Shop/app/admin/products.rb:32:in `each'
  /home/dan/RubyHW/HW13w1/Shop/app/admin/products.rb:32:in `block (2 levels) in <main>'

2023-02-21 19:58:16[WARN] user: dan
GET /admin/products
USE eager loading detected
  ActiveStorage::Attachment => [:blob]
  Add to your query: .includes([:blob])
Call stack

2023-02-21 20:01:16[WARN] user: dan
GET /admin/products
USE eager loading detected
  Product => [:category]
  Add to your query: .includes([:category])
Call stack
  /home/dan/RubyHW/HW13w1/Shop/app/admin/products.rb:47:in `block (3 levels) in <main>'
  /home/dan/RubyHW/HW13w1/Shop/app/admin/products.rb:32:in `each'
  /home/dan/RubyHW/HW13w1/Shop/app/admin/products.rb:32:in `block (2 levels) in <main>'

2023-02-21 20:01:16[WARN] user: dan
GET /admin/products
USE eager loading detected
  ActiveStorage::Attachment => [:blob]
  Add to your query: .includes([:blob])
Call stack

2023-02-21 20:02:40[WARN] user: dan
GET /admin/products
USE eager loading detected
  Product => [:category]
  Add to your query: .includes([:category])
Call stack
  /home/dan/RubyHW/HW13w1/Shop/app/admin/products.rb:47:in `block (3 levels) in <main>'
  /home/dan/RubyHW/HW13w1/Shop/app/admin/products.rb:32:in `each'
  /home/dan/RubyHW/HW13w1/Shop/app/admin/products.rb:32:in `block (2 levels) in <main>'

2023-02-21 20:02:40[WARN] user: dan
GET /admin/products
USE eager loading detected
  ActiveStorage::Attachment => [:blob]
  Add to your query: .includes([:blob])
Call stack

2023-02-21 20:02:52[WARN] user: dan
GET /admin/products?order=image_desc
USE eager loading detected
  Product => [:category]
  Add to your query: .includes([:category])
Call stack
  /home/dan/RubyHW/HW13w1/Shop/app/admin/products.rb:47:in `block (3 levels) in <main>'
  /home/dan/RubyHW/HW13w1/Shop/app/admin/products.rb:32:in `each'
  /home/dan/RubyHW/HW13w1/Shop/app/admin/products.rb:32:in `block (2 levels) in <main>'

2023-02-21 20:02:52[WARN] user: dan
GET /admin/products?order=image_desc
USE eager loading detected
  ActiveStorage::Attachment => [:blob]
  Add to your query: .includes([:blob])
Call stack

2023-02-21 20:03:02[WARN] user: dan
GET /admin/products?order=image_asc
USE eager loading detected
  Product => [:category]
  Add to your query: .includes([:category])
Call stack
  /home/dan/RubyHW/HW13w1/Shop/app/admin/products.rb:47:in `block (3 levels) in <main>'
  /home/dan/RubyHW/HW13w1/Shop/app/admin/products.rb:32:in `each'
  /home/dan/RubyHW/HW13w1/Shop/app/admin/products.rb:32:in `block (2 levels) in <main>'

2023-02-21 20:03:02[WARN] user: dan
GET /admin/products?order=image_asc
USE eager loading detected
  ActiveStorage::Attachment => [:blob]
  Add to your query: .includes([:blob])
Call stack

2023-02-21 20:03:10[WARN] user: dan
GET /admin/products?order=id_desc
USE eager loading detected
  Product => [:category]
  Add to your query: .includes([:category])
Call stack
  /home/dan/RubyHW/HW13w1/Shop/app/admin/products.rb:47:in `block (3 levels) in <main>'
  /home/dan/RubyHW/HW13w1/Shop/app/admin/products.rb:32:in `each'
  /home/dan/RubyHW/HW13w1/Shop/app/admin/products.rb:32:in `block (2 levels) in <main>'

2023-02-21 20:03:10[WARN] user: dan
GET /admin/products?order=id_desc
USE eager loading detected
  ActiveStorage::Attachment => [:blob]
  Add to your query: .includes([:blob])
Call stack

2023-02-21 20:06:14[WARN] user: dan
GET /admin/products?order=id_desc
USE eager loading detected
  Product => [:category]
  Add to your query: .includes([:category])
Call stack
  /home/dan/RubyHW/HW13w1/Shop/app/admin/products.rb:47:in `block (3 levels) in <main>'
  /home/dan/RubyHW/HW13w1/Shop/app/admin/products.rb:32:in `each'
  /home/dan/RubyHW/HW13w1/Shop/app/admin/products.rb:32:in `block (2 levels) in <main>'

2023-02-21 20:06:14[WARN] user: dan
GET /admin/products?order=id_desc
USE eager loading detected
  ActiveStorage::Attachment => [:blob]
  Add to your query: .includes([:blob])
Call stack

2023-02-21 20:06:33[WARN] user: dan
GET /admin/products
USE eager loading detected
  Product => [:category]
  Add to your query: .includes([:category])
Call stack
  /home/dan/RubyHW/HW13w1/Shop/app/admin/products.rb:47:in `block (3 levels) in <main>'
  /home/dan/RubyHW/HW13w1/Shop/app/admin/products.rb:32:in `each'
  /home/dan/RubyHW/HW13w1/Shop/app/admin/products.rb:32:in `block (2 levels) in <main>'

2023-02-21 20:06:33[WARN] user: dan
GET /admin/products
USE eager loading detected
  ActiveStorage::Attachment => [:blob]
  Add to your query: .includes([:blob])
Call stack

2023-02-21 20:11:01[WARN] user: dan
GET /admin/products
USE eager loading detected
  Product => [:category]
  Add to your query: .includes([:category])
Call stack
  /home/dan/RubyHW/HW13w1/Shop/app/admin/products.rb:47:in `block (3 levels) in <main>'
  /home/dan/RubyHW/HW13w1/Shop/app/admin/products.rb:32:in `each'
  /home/dan/RubyHW/HW13w1/Shop/app/admin/products.rb:32:in `block (2 levels) in <main>'

2023-02-21 20:11:53[WARN] user: dan
GET /admin/products
USE eager loading detected
  Product => [:category]
  Add to your query: .includes([:category])
Call stack
  /home/dan/RubyHW/HW13w1/Shop/app/admin/products.rb:47:in `block (3 levels) in <main>'
  /home/dan/RubyHW/HW13w1/Shop/app/admin/products.rb:32:in `each'
  /home/dan/RubyHW/HW13w1/Shop/app/admin/products.rb:32:in `block (2 levels) in <main>'

2023-02-21 20:12:16[WARN] user: dan
GET /admin/products
USE eager loading detected
  Product => [:category]
  Add to your query: .includes([:category])
Call stack
  /home/dan/RubyHW/HW13w1/Shop/app/admin/products.rb:47:in `block (3 levels) in <main>'
  /home/dan/RubyHW/HW13w1/Shop/app/admin/products.rb:32:in `each'
  /home/dan/RubyHW/HW13w1/Shop/app/admin/products.rb:32:in `block (2 levels) in <main>'

2023-02-21 20:12:16[WARN] user: dan
GET /admin/products
USE eager loading detected
  ActiveStorage::Attachment => [:blob]
  Add to your query: .includes([:blob])
Call stack

2023-02-21 20:12:41[WARN] user: dan
GET /admin/products
USE eager loading detected
  Product => [:category]
  Add to your query: .includes([:category])
Call stack
  /home/dan/RubyHW/HW13w1/Shop/app/admin/products.rb:47:in `block (3 levels) in <main>'
  /home/dan/RubyHW/HW13w1/Shop/app/admin/products.rb:32:in `each'
  /home/dan/RubyHW/HW13w1/Shop/app/admin/products.rb:32:in `block (2 levels) in <main>'

2023-02-21 20:12:41[WARN] user: dan
GET /admin/products
USE eager loading detected
  ActiveStorage::Attachment => [:blob]
  Add to your query: .includes([:blob])
Call stack

2023-02-21 20:13:10[WARN] user: dan
GET /admin/products
USE eager loading detected
  Product => [:category]
  Add to your query: .includes([:category])
Call stack
  /home/dan/RubyHW/HW13w1/Shop/app/admin/products.rb:47:in `block (3 levels) in <main>'
  /home/dan/RubyHW/HW13w1/Shop/app/admin/products.rb:32:in `each'
  /home/dan/RubyHW/HW13w1/Shop/app/admin/products.rb:32:in `block (2 levels) in <main>'

2023-02-21 20:13:10[WARN] user: dan
GET /admin/products
USE eager loading detected
  ActiveStorage::Attachment => [:blob]
  Add to your query: .includes([:blob])
Call stack

2023-02-21 20:13:32[WARN] user: dan
GET /admin/products
USE eager loading detected
  Product => [:category]
  Add to your query: .includes([:category])
Call stack
  /home/dan/RubyHW/HW13w1/Shop/app/admin/products.rb:47:in `block (3 levels) in <main>'
  /home/dan/RubyHW/HW13w1/Shop/app/admin/products.rb:32:in `each'
  /home/dan/RubyHW/HW13w1/Shop/app/admin/products.rb:32:in `block (2 levels) in <main>'

2023-02-21 20:13:32[WARN] user: dan
GET /admin/products
USE eager loading detected
  ActiveStorage::Attachment => [:blob]
  Add to your query: .includes([:blob])
Call stack

2023-02-21 20:13:53[WARN] user: dan
GET /admin/products
USE eager loading detected
  Product => [:category]
  Add to your query: .includes([:category])
Call stack
  /home/dan/RubyHW/HW13w1/Shop/app/admin/products.rb:47:in `block (3 levels) in <main>'
  /home/dan/RubyHW/HW13w1/Shop/app/admin/products.rb:32:in `each'
  /home/dan/RubyHW/HW13w1/Shop/app/admin/products.rb:32:in `block (2 levels) in <main>'

2023-02-21 20:13:53[WARN] user: dan
GET /admin/products
USE eager loading detected
  ActiveStorage::Attachment => [:blob]
  Add to your query: .includes([:blob])
Call stack

2023-02-21 20:14:14[WARN] user: dan
GET /admin/products
USE eager loading detected
  Product => [:category]
  Add to your query: .includes([:category])
Call stack
  /home/dan/RubyHW/HW13w1/Shop/app/admin/products.rb:47:in `block (3 levels) in <main>'
  /home/dan/RubyHW/HW13w1/Shop/app/admin/products.rb:32:in `each'
  /home/dan/RubyHW/HW13w1/Shop/app/admin/products.rb:32:in `block (2 levels) in <main>'

2023-02-21 20:14:14[WARN] user: dan
GET /admin/products
USE eager loading detected
  ActiveStorage::Attachment => [:blob]
  Add to your query: .includes([:blob])
Call stack

2023-02-21 20:14:35[WARN] user: dan
GET /admin/products
USE eager loading detected
  Product => [:category]
  Add to your query: .includes([:category])
Call stack
  /home/dan/RubyHW/HW13w1/Shop/app/admin/products.rb:47:in `block (3 levels) in <main>'
  /home/dan/RubyHW/HW13w1/Shop/app/admin/products.rb:32:in `each'
  /home/dan/RubyHW/HW13w1/Shop/app/admin/products.rb:32:in `block (2 levels) in <main>'

2023-02-21 20:14:35[WARN] user: dan
GET /admin/products
USE eager loading detected
  ActiveStorage::Attachment => [:blob]
  Add to your query: .includes([:blob])
Call stack

2023-02-21 20:14:54[WARN] user: dan
GET /admin/products
USE eager loading detected
  Product => [:category]
  Add to your query: .includes([:category])
Call stack
  /home/dan/RubyHW/HW13w1/Shop/app/admin/products.rb:47:in `block (3 levels) in <main>'
  /home/dan/RubyHW/HW13w1/Shop/app/admin/products.rb:32:in `each'
  /home/dan/RubyHW/HW13w1/Shop/app/admin/products.rb:32:in `block (2 levels) in <main>'

2023-02-21 20:14:54[WARN] user: dan
GET /admin/products
USE eager loading detected
  ActiveStorage::Attachment => [:blob]
  Add to your query: .includes([:blob])
Call stack

2023-02-21 20:20:07[WARN] user: dan
GET /admin/products
USE eager loading detected
  Product => [:category]
  Add to your query: .includes([:category])
Call stack
  /home/dan/RubyHW/HW13w1/Shop/app/admin/products.rb:47:in `block (3 levels) in <main>'
  /home/dan/RubyHW/HW13w1/Shop/app/admin/products.rb:32:in `each'
  /home/dan/RubyHW/HW13w1/Shop/app/admin/products.rb:32:in `block (2 levels) in <main>'

2023-02-21 20:20:07[WARN] user: dan
GET /admin/products
USE eager loading detected
  ActiveStorage::Attachment => [:blob]
  Add to your query: .includes([:blob])
Call stack

2023-02-21 20:21:51[WARN] user: dan
GET /admin/products
USE eager loading detected
  Product => [:category]
  Add to your query: .includes([:category])
Call stack
  /home/dan/RubyHW/HW13w1/Shop/app/admin/products.rb:47:in `block (3 levels) in <main>'
  /home/dan/RubyHW/HW13w1/Shop/app/admin/products.rb:32:in `each'
  /home/dan/RubyHW/HW13w1/Shop/app/admin/products.rb:32:in `block (2 levels) in <main>'

2023-02-21 20:21:51[WARN] user: dan
GET /admin/products
USE eager loading detected
  ActiveStorage::Attachment => [:blob]
  Add to your query: .includes([:blob])
Call stack

2023-02-21 20:29:48[WARN] user: dan
GET /admin/products
USE eager loading detected
  Product => [:category]
  Add to your query: .includes([:category])
Call stack
  /home/dan/RubyHW/HW13w1/Shop/app/admin/products.rb:47:in `block (3 levels) in <main>'
  /home/dan/RubyHW/HW13w1/Shop/app/admin/products.rb:32:in `each'
  /home/dan/RubyHW/HW13w1/Shop/app/admin/products.rb:32:in `block (2 levels) in <main>'

2023-02-21 20:29:48[WARN] user: dan
GET /admin/products
USE eager loading detected
  ActiveStorage::Attachment => [:blob]
  Add to your query: .includes([:blob])
Call stack

2023-02-21 20:30:27[WARN] user: dan
GET /admin/products
USE eager loading detected
  Product => [:category]
  Add to your query: .includes([:category])
Call stack
  /home/dan/RubyHW/HW13w1/Shop/app/admin/products.rb:47:in `block (3 levels) in <main>'
  /home/dan/RubyHW/HW13w1/Shop/app/admin/products.rb:32:in `each'
  /home/dan/RubyHW/HW13w1/Shop/app/admin/products.rb:32:in `block (2 levels) in <main>'

2023-02-21 20:30:27[WARN] user: dan
GET /admin/products
USE eager loading detected
  ActiveStorage::Attachment => [:blob]
  Add to your query: .includes([:blob])
Call stack

2023-02-21 20:31:09[WARN] user: dan
GET /admin/products
USE eager loading detected
  Product => [:category]
  Add to your query: .includes([:category])
Call stack
  /home/dan/RubyHW/HW13w1/Shop/app/admin/products.rb:47:in `block (3 levels) in <main>'
  /home/dan/RubyHW/HW13w1/Shop/app/admin/products.rb:32:in `each'
  /home/dan/RubyHW/HW13w1/Shop/app/admin/products.rb:32:in `block (2 levels) in <main>'

2023-02-21 20:31:09[WARN] user: dan
GET /admin/products
USE eager loading detected
  ActiveStorage::Attachment => [:blob]
  Add to your query: .includes([:blob])
Call stack

2023-02-21 20:35:31[WARN] user: dan
GET /
USE eager loading detected
  Product => [:foto_attachment]
  Add to your query: .includes([:foto_attachment])
Call stack
  /home/dan/RubyHW/HW13w1/Shop/app/views/products/index.html.erb:11:in `block (2 levels) in _app_views_products_index_html_erb__4167013058708750316_266800'
  /home/dan/RubyHW/HW13w1/Shop/app/views/products/index.html.erb:10:in `block in _app_views_products_index_html_erb__4167013058708750316_266800'
  /home/dan/RubyHW/HW13w1/Shop/app/views/products/index.html.erb:8:in `_app_views_products_index_html_erb__4167013058708750316_266800'

2023-02-21 20:36:29[WARN] user: dan
GET /
USE eager loading detected
  Product => [:foto_attachment]
  Add to your query: .includes([:foto_attachment])
Call stack
  /home/dan/RubyHW/HW13w1/Shop/app/views/products/index.html.erb:8:in `block (2 levels) in _app_views_products_index_html_erb__4167013058708750316_297300'
  /home/dan/RubyHW/HW13w1/Shop/app/views/products/index.html.erb:7:in `block in _app_views_products_index_html_erb__4167013058708750316_297300'
  /home/dan/RubyHW/HW13w1/Shop/app/views/products/index.html.erb:5:in `_app_views_products_index_html_erb__4167013058708750316_297300'

2023-02-21 20:39:14[WARN] user: dan
GET /
USE eager loading detected
  Product => [:foto_attachment]
  Add to your query: .includes([:foto_attachment])
Call stack
  /home/dan/RubyHW/HW13w1/Shop/app/views/products/index.html.erb:8:in `block (2 levels) in _app_views_products_index_html_erb__4167013058708750316_307760'
  /home/dan/RubyHW/HW13w1/Shop/app/views/products/index.html.erb:7:in `block in _app_views_products_index_html_erb__4167013058708750316_307760'
  /home/dan/RubyHW/HW13w1/Shop/app/views/products/index.html.erb:5:in `_app_views_products_index_html_erb__4167013058708750316_307760'

2023-02-21 20:39:41[WARN] user: dan
GET /
USE eager loading detected
  Product => [:foto_attachment]
  Add to your query: .includes([:foto_attachment])
Call stack
  /home/dan/RubyHW/HW13w1/Shop/app/views/products/index.html.erb:8:in `block (2 levels) in _app_views_products_index_html_erb__4167013058708750316_307760'
  /home/dan/RubyHW/HW13w1/Shop/app/views/products/index.html.erb:7:in `block in _app_views_products_index_html_erb__4167013058708750316_307760'
  /home/dan/RubyHW/HW13w1/Shop/app/views/products/index.html.erb:5:in `_app_views_products_index_html_erb__4167013058708750316_307760'

2023-02-21 20:41:45[WARN] user: dan
GET /
USE eager loading detected
  Product => [:foto_attachment]
  Add to your query: .includes([:foto_attachment])
Call stack
  /home/dan/RubyHW/HW13w1/Shop/app/views/products/index.html.erb:8:in `block (2 levels) in _app_views_products_index_html_erb__4167013058708750316_308720'
  /home/dan/RubyHW/HW13w1/Shop/app/views/products/index.html.erb:7:in `block in _app_views_products_index_html_erb__4167013058708750316_308720'
  /home/dan/RubyHW/HW13w1/Shop/app/views/products/index.html.erb:5:in `_app_views_products_index_html_erb__4167013058708750316_308720'

2023-02-21 20:43:06[WARN] user: dan
GET /
USE eager loading detected
  ActiveStorage::Attachment => [:blob]
  Add to your query: .includes([:blob])
Call stack
  /home/dan/RubyHW/HW13w1/Shop/app/views/products/index.html.erb:8:in `block (2 levels) in _app_views_products_index_html_erb__4167013058708750316_309780'
  /home/dan/RubyHW/HW13w1/Shop/app/views/products/index.html.erb:7:in `block in _app_views_products_index_html_erb__4167013058708750316_309780'
  /home/dan/RubyHW/HW13w1/Shop/app/views/products/index.html.erb:5:in `_app_views_products_index_html_erb__4167013058708750316_309780'

2023-02-21 20:46:51[WARN] user: dan
GET /
USE eager loading detected
  Product => [:foto_attachment]
  Add to your query: .includes([:foto_attachment])
Call stack
  /home/dan/RubyHW/HW13w1/Shop/app/views/products/index.html.erb:8:in `block (2 levels) in _app_views_products_index_html_erb__4167013058708750316_313780'
  /home/dan/RubyHW/HW13w1/Shop/app/views/products/index.html.erb:7:in `block in _app_views_products_index_html_erb__4167013058708750316_313780'
  /home/dan/RubyHW/HW13w1/Shop/app/views/products/index.html.erb:5:in `_app_views_products_index_html_erb__4167013058708750316_313780'

2023-02-21 20:47:49[WARN] user: dan
GET /
USE eager loading detected
  ActiveStorage::Attachment => [:blob]
  Add to your query: .includes([:blob])
Call stack
  /home/dan/RubyHW/HW13w1/Shop/app/views/products/index.html.erb:8:in `block (2 levels) in _app_views_products_index_html_erb__4167013058708750316_314360'
  /home/dan/RubyHW/HW13w1/Shop/app/views/products/index.html.erb:7:in `block in _app_views_products_index_html_erb__4167013058708750316_314360'
  /home/dan/RubyHW/HW13w1/Shop/app/views/products/index.html.erb:5:in `_app_views_products_index_html_erb__4167013058708750316_314360'

2023-02-21 20:48:44[WARN] user: dan
GET /
USE eager loading detected
  ActiveStorage::Attachment => [:blob]
  Add to your query: .includes([:blob])
Call stack
  /home/dan/RubyHW/HW13w1/Shop/app/views/products/index.html.erb:8:in `block (2 levels) in _app_views_products_index_html_erb__4167013058708750316_314360'
  /home/dan/RubyHW/HW13w1/Shop/app/views/products/index.html.erb:7:in `block in _app_views_products_index_html_erb__4167013058708750316_314360'
  /home/dan/RubyHW/HW13w1/Shop/app/views/products/index.html.erb:5:in `_app_views_products_index_html_erb__4167013058708750316_314360'

2023-02-21 20:50:31[WARN] user: dan
GET /
USE eager loading detected
  ActiveStorage::Attachment => [:blob]
  Add to your query: .includes([:blob])
Call stack
  /home/dan/RubyHW/HW13w1/Shop/app/views/products/index.html.erb:8:in `block (2 levels) in _app_views_products_index_html_erb__4167013058708750316_315860'
  /home/dan/RubyHW/HW13w1/Shop/app/views/products/index.html.erb:7:in `block in _app_views_products_index_html_erb__4167013058708750316_315860'
  /home/dan/RubyHW/HW13w1/Shop/app/views/products/index.html.erb:5:in `_app_views_products_index_html_erb__4167013058708750316_315860'

2023-02-21 20:50:37[WARN] user: dan
GET /cart
USE eager loading detected
  Product => [:foto_attachment]
  Add to your query: .includes([:foto_attachment])
Call stack
  /home/dan/RubyHW/HW13w1/Shop/app/views/carts/show.html.erb:15:in `block in _app_views_carts_show_html_erb___2761484391426419036_316440'
  /home/dan/RubyHW/HW13w1/Shop/app/views/carts/show.html.erb:11:in `_app_views_carts_show_html_erb___2761484391426419036_316440'

2023-02-21 20:52:08[WARN] user: dan
GET /
USE eager loading detected
  ActiveStorage::Attachment => [:blob]
  Add to your query: .includes([:blob])
Call stack
  /home/dan/RubyHW/HW13w1/Shop/app/views/products/index.html.erb:8:in `block (2 levels) in _app_views_products_index_html_erb__4167013058708750316_319420'
  /home/dan/RubyHW/HW13w1/Shop/app/views/products/index.html.erb:7:in `block in _app_views_products_index_html_erb__4167013058708750316_319420'
  /home/dan/RubyHW/HW13w1/Shop/app/views/products/index.html.erb:5:in `_app_views_products_index_html_erb__4167013058708750316_319420'

2023-02-21 20:52:15[WARN] user: dan
GET /
USE eager loading detected
  ActiveStorage::Attachment => [:blob]
  Add to your query: .includes([:blob])
Call stack
  /home/dan/RubyHW/HW13w1/Shop/app/views/products/index.html.erb:8:in `block (2 levels) in _app_views_products_index_html_erb__4167013058708750316_319420'
  /home/dan/RubyHW/HW13w1/Shop/app/views/products/index.html.erb:7:in `block in _app_views_products_index_html_erb__4167013058708750316_319420'
  /home/dan/RubyHW/HW13w1/Shop/app/views/products/index.html.erb:5:in `_app_views_products_index_html_erb__4167013058708750316_319420'

2023-02-21 20:52:24[WARN] user: dan
GET /
USE eager loading detected
  ActiveStorage::Attachment => [:blob]
  Add to your query: .includes([:blob])
Call stack
  /home/dan/RubyHW/HW13w1/Shop/app/views/products/index.html.erb:8:in `block (2 levels) in _app_views_products_index_html_erb__4167013058708750316_319420'
  /home/dan/RubyHW/HW13w1/Shop/app/views/products/index.html.erb:7:in `block in _app_views_products_index_html_erb__4167013058708750316_319420'
  /home/dan/RubyHW/HW13w1/Shop/app/views/products/index.html.erb:5:in `_app_views_products_index_html_erb__4167013058708750316_319420'

2023-02-21 20:52:31[WARN] user: dan
GET /
USE eager loading detected
  ActiveStorage::Attachment => [:blob]
  Add to your query: .includes([:blob])
Call stack
  /home/dan/RubyHW/HW13w1/Shop/app/views/products/index.html.erb:8:in `block (2 levels) in _app_views_products_index_html_erb__4167013058708750316_319420'
  /home/dan/RubyHW/HW13w1/Shop/app/views/products/index.html.erb:7:in `block in _app_views_products_index_html_erb__4167013058708750316_319420'
  /home/dan/RubyHW/HW13w1/Shop/app/views/products/index.html.erb:5:in `_app_views_products_index_html_erb__4167013058708750316_319420'

2023-02-21 20:53:23[WARN] user: dan
GET /
USE eager loading detected
  ActiveStorage::Attachment => [:blob]
  Add to your query: .includes([:blob])
Call stack
  /home/dan/RubyHW/HW13w1/Shop/app/views/products/index.html.erb:8:in `block (2 levels) in _app_views_products_index_html_erb__4167013058708750316_321260'
  /home/dan/RubyHW/HW13w1/Shop/app/views/products/index.html.erb:7:in `block in _app_views_products_index_html_erb__4167013058708750316_321260'
  /home/dan/RubyHW/HW13w1/Shop/app/views/products/index.html.erb:5:in `_app_views_products_index_html_erb__4167013058708750316_321260'

2023-02-21 20:53:27[WARN] user: dan
GET /cart
USE eager loading detected
  Product => [:foto_attachment]
  Add to your query: .includes([:foto_attachment])
Call stack
  /home/dan/RubyHW/HW13w1/Shop/app/views/carts/show.html.erb:15:in `block in _app_views_carts_show_html_erb___2761484391426419036_321940'
  /home/dan/RubyHW/HW13w1/Shop/app/views/carts/show.html.erb:11:in `_app_views_carts_show_html_erb___2761484391426419036_321940'

2023-02-21 20:53:35[WARN] user: dan
GET /cart
USE eager loading detected
  Product => [:foto_attachment]
  Add to your query: .includes([:foto_attachment])
Call stack
  /home/dan/RubyHW/HW13w1/Shop/app/views/carts/show.html.erb:15:in `block in _app_views_carts_show_html_erb___2761484391426419036_321940'
  /home/dan/RubyHW/HW13w1/Shop/app/views/carts/show.html.erb:11:in `_app_views_carts_show_html_erb___2761484391426419036_321940'

2023-02-21 20:56:21[WARN] user: dan
GET /cart
USE eager loading detected
  Product => [:foto_attachment]
  Add to your query: .includes([:foto_attachment])
Call stack
  /home/dan/RubyHW/HW13w1/Shop/app/views/carts/show.html.erb:15:in `block in _app_views_carts_show_html_erb___2761484391426419036_326300'
  /home/dan/RubyHW/HW13w1/Shop/app/views/carts/show.html.erb:11:in `_app_views_carts_show_html_erb___2761484391426419036_326300'

2023-02-21 20:57:26[WARN] user: dan
GET /cart
USE eager loading detected
  Product => [:foto_attachment]
  Add to your query: .includes([:foto_attachment])
Call stack
  /home/dan/RubyHW/HW13w1/Shop/app/views/carts/show.html.erb:15:in `block in _app_views_carts_show_html_erb___2761484391426419036_327020'
  /home/dan/RubyHW/HW13w1/Shop/app/views/carts/show.html.erb:11:in `_app_views_carts_show_html_erb___2761484391426419036_327020'

2023-02-21 20:57:33[WARN] user: dan
GET /orders/2
USE eager loading detected
  Product => [:foto_attachment]
  Add to your query: .includes([:foto_attachment])
Call stack
  /home/dan/RubyHW/HW13w1/Shop/app/views/orders/show.html.erb:15:in `block in _app_views_orders_show_html_erb___2285333468751950719_327300'
  /home/dan/RubyHW/HW13w1/Shop/app/views/orders/show.html.erb:12:in `each'
  /home/dan/RubyHW/HW13w1/Shop/app/views/orders/show.html.erb:12:in `with_index'
  /home/dan/RubyHW/HW13w1/Shop/app/views/orders/show.html.erb:12:in `_app_views_orders_show_html_erb___2285333468751950719_327300'

2023-02-21 20:57:55[WARN] user: dan
GET /orders/1
USE eager loading detected
  Product => [:foto_attachment]
  Add to your query: .includes([:foto_attachment])
Call stack
  /home/dan/RubyHW/HW13w1/Shop/app/views/orders/show.html.erb:15:in `block in _app_views_orders_show_html_erb___2285333468751950719_327300'
  /home/dan/RubyHW/HW13w1/Shop/app/views/orders/show.html.erb:12:in `each'
  /home/dan/RubyHW/HW13w1/Shop/app/views/orders/show.html.erb:12:in `with_index'
  /home/dan/RubyHW/HW13w1/Shop/app/views/orders/show.html.erb:12:in `_app_views_orders_show_html_erb___2285333468751950719_327300'

2023-02-21 20:58:08[WARN] user: dan
GET /orders/1
USE eager loading detected
  Product => [:foto_attachment]
  Add to your query: .includes([:foto_attachment])
Call stack
  /home/dan/RubyHW/HW13w1/Shop/app/views/orders/show.html.erb:15:in `block in _app_views_orders_show_html_erb___2285333468751950719_327300'
  /home/dan/RubyHW/HW13w1/Shop/app/views/orders/show.html.erb:12:in `each'
  /home/dan/RubyHW/HW13w1/Shop/app/views/orders/show.html.erb:12:in `with_index'
  /home/dan/RubyHW/HW13w1/Shop/app/views/orders/show.html.erb:12:in `_app_views_orders_show_html_erb___2285333468751950719_327300'

2023-02-21 20:58:32[WARN] user: dan
GET /products.1
USE eager loading detected
  ActiveStorage::Attachment => [:blob]
  Add to your query: .includes([:blob])
Call stack
  /home/dan/RubyHW/HW13w1/Shop/app/views/products/index.html.erb:8:in `block (2 levels) in _app_views_products_index_html_erb__4167013058708750316_328240'
  /home/dan/RubyHW/HW13w1/Shop/app/views/products/index.html.erb:7:in `block in _app_views_products_index_html_erb__4167013058708750316_328240'
  /home/dan/RubyHW/HW13w1/Shop/app/views/products/index.html.erb:5:in `_app_views_products_index_html_erb__4167013058708750316_328240'

2023-02-21 20:58:40[WARN] user: dan
GET /
USE eager loading detected
  ActiveStorage::Attachment => [:blob]
  Add to your query: .includes([:blob])
Call stack
  /home/dan/RubyHW/HW13w1/Shop/app/views/products/index.html.erb:8:in `block (2 levels) in _app_views_products_index_html_erb__4167013058708750316_328240'
  /home/dan/RubyHW/HW13w1/Shop/app/views/products/index.html.erb:7:in `block in _app_views_products_index_html_erb__4167013058708750316_328240'
  /home/dan/RubyHW/HW13w1/Shop/app/views/products/index.html.erb:5:in `_app_views_products_index_html_erb__4167013058708750316_328240'

2023-02-21 21:06:48[WARN] user: dan
GET /
USE eager loading detected
  Product => [:foto_attachment]
  Add to your query: .includes([:foto_attachment])
Call stack
  /home/dan/RubyHW/HW13w1/Shop/app/views/products/index.html.erb:8:in `block (2 levels) in _app_views_products_index_html_erb__4167013058708750316_329100'
  /home/dan/RubyHW/HW13w1/Shop/app/views/products/index.html.erb:7:in `block in _app_views_products_index_html_erb__4167013058708750316_329100'
  /home/dan/RubyHW/HW13w1/Shop/app/views/products/index.html.erb:5:in `_app_views_products_index_html_erb__4167013058708750316_329100'

2023-02-21 21:07:07[WARN] user: dan
GET /
USE eager loading detected
  ActiveStorage::Attachment => [:blob]
  Add to your query: .includes([:blob])
Call stack
  /home/dan/RubyHW/HW13w1/Shop/app/views/products/index.html.erb:8:in `block (2 levels) in _app_views_products_index_html_erb__4167013058708750316_329100'
  /home/dan/RubyHW/HW13w1/Shop/app/views/products/index.html.erb:7:in `block in _app_views_products_index_html_erb__4167013058708750316_329100'
  /home/dan/RubyHW/HW13w1/Shop/app/views/products/index.html.erb:5:in `_app_views_products_index_html_erb__4167013058708750316_329100'

2023-02-21 21:08:58[WARN] user: dan
GET /
USE eager loading detected
  ActiveStorage::Attachment => [:blob]
  Add to your query: .includes([:blob])
Call stack
  /home/dan/RubyHW/HW13w1/Shop/app/views/products/index.html.erb:8:in `block (2 levels) in _app_views_products_index_html_erb__4167013058708750316_350780'
  /home/dan/RubyHW/HW13w1/Shop/app/views/products/index.html.erb:7:in `block in _app_views_products_index_html_erb__4167013058708750316_350780'
  /home/dan/RubyHW/HW13w1/Shop/app/views/products/index.html.erb:5:in `_app_views_products_index_html_erb__4167013058708750316_350780'

2023-02-21 21:09:10[WARN] user: dan
GET /orders/1
USE eager loading detected
  Product => [:foto_attachment]
  Add to your query: .includes([:foto_attachment])
Call stack
  /home/dan/RubyHW/HW13w1/Shop/app/views/orders/show.html.erb:15:in `block in _app_views_orders_show_html_erb___2285333468751950719_351860'
  /home/dan/RubyHW/HW13w1/Shop/app/views/orders/show.html.erb:12:in `each'
  /home/dan/RubyHW/HW13w1/Shop/app/views/orders/show.html.erb:12:in `with_index'
  /home/dan/RubyHW/HW13w1/Shop/app/views/orders/show.html.erb:12:in `_app_views_orders_show_html_erb___2285333468751950719_351860'

2023-02-21 21:09:55[WARN] user: dan
GET /orders/1
USE eager loading detected
  Product => [:foto_attachment]
  Add to your query: .includes([:foto_attachment])
Call stack
  /home/dan/RubyHW/HW13w1/Shop/app/views/orders/show.html.erb:15:in `block in _app_views_orders_show_html_erb___2285333468751950719_351860'
  /home/dan/RubyHW/HW13w1/Shop/app/views/orders/show.html.erb:12:in `each'
  /home/dan/RubyHW/HW13w1/Shop/app/views/orders/show.html.erb:12:in `with_index'
  /home/dan/RubyHW/HW13w1/Shop/app/views/orders/show.html.erb:12:in `_app_views_orders_show_html_erb___2285333468751950719_351860'

2023-02-21 21:10:37[WARN] user: dan
GET /orders/1
USE eager loading detected
  Product => [:foto_attachment]
  Add to your query: .includes([:foto_attachment])
Call stack
  /home/dan/RubyHW/HW13w1/Shop/app/views/orders/show.html.erb:15:in `block in _app_views_orders_show_html_erb___2285333468751950719_351860'
  /home/dan/RubyHW/HW13w1/Shop/app/views/orders/show.html.erb:12:in `each'
  /home/dan/RubyHW/HW13w1/Shop/app/views/orders/show.html.erb:12:in `with_index'
  /home/dan/RubyHW/HW13w1/Shop/app/views/orders/show.html.erb:12:in `_app_views_orders_show_html_erb___2285333468751950719_351860'

2023-02-21 21:16:07[WARN] user: dan
GET /orders/1
USE eager loading detected
  Product => [:foto_attachment]
  Add to your query: .includes([:foto_attachment])
Call stack
  /home/dan/RubyHW/HW13w1/Shop/app/views/orders/show.html.erb:15:in `block in _app_views_orders_show_html_erb___2285333468751950719_412620'
  /home/dan/RubyHW/HW13w1/Shop/app/views/orders/show.html.erb:12:in `each'
  /home/dan/RubyHW/HW13w1/Shop/app/views/orders/show.html.erb:12:in `with_index'
  /home/dan/RubyHW/HW13w1/Shop/app/views/orders/show.html.erb:12:in `_app_views_orders_show_html_erb___2285333468751950719_412620'

2023-02-21 21:16:34[WARN] user: dan
GET /orders/1
USE eager loading detected
  Product => [:foto_attachment]
  Add to your query: .includes([:foto_attachment])
Call stack
  /home/dan/RubyHW/HW13w1/Shop/app/views/orders/show.html.erb:15:in `block in _app_views_orders_show_html_erb___2285333468751950719_412960'
  /home/dan/RubyHW/HW13w1/Shop/app/views/orders/show.html.erb:12:in `each'
  /home/dan/RubyHW/HW13w1/Shop/app/views/orders/show.html.erb:12:in `with_index'
  /home/dan/RubyHW/HW13w1/Shop/app/views/orders/show.html.erb:12:in `_app_views_orders_show_html_erb___2285333468751950719_412960'

2023-02-21 21:17:24[WARN] user: dan
GET /orders/1
USE eager loading detected
  Product => [:foto_attachment]
  Add to your query: .includes([:foto_attachment])
Call stack
  /home/dan/RubyHW/HW13w1/Shop/app/views/orders/show.html.erb:15:in `block in _app_views_orders_show_html_erb___2285333468751950719_413620'
  /home/dan/RubyHW/HW13w1/Shop/app/views/orders/show.html.erb:12:in `each'
  /home/dan/RubyHW/HW13w1/Shop/app/views/orders/show.html.erb:12:in `with_index'
  /home/dan/RubyHW/HW13w1/Shop/app/views/orders/show.html.erb:12:in `_app_views_orders_show_html_erb___2285333468751950719_413620'

2023-02-21 21:43:43[WARN] user: dan
GET /
USE eager loading detected
  ActiveStorage::Attachment => [:blob]
  Add to your query: .includes([:blob])
Call stack
  /home/dan/RubyHW/HW13w1/Shop/app/views/products/index.html.erb:8:in `block (2 levels) in _app_views_products_index_html_erb__4167013058708750316_413840'
  /home/dan/RubyHW/HW13w1/Shop/app/views/products/index.html.erb:7:in `block in _app_views_products_index_html_erb__4167013058708750316_413840'
  /home/dan/RubyHW/HW13w1/Shop/app/views/products/index.html.erb:5:in `_app_views_products_index_html_erb__4167013058708750316_413840'

2023-02-21 21:44:13[WARN] user: dan
GET /
USE eager loading detected
  ActiveStorage::Attachment => [:blob]
  Add to your query: .includes([:blob])
Call stack
  /home/dan/RubyHW/HW13w1/Shop/app/views/products/index.html.erb:8:in `block (2 levels) in _app_views_products_index_html_erb__4167013058708750316_434420'
  /home/dan/RubyHW/HW13w1/Shop/app/views/products/index.html.erb:7:in `block in _app_views_products_index_html_erb__4167013058708750316_434420'
  /home/dan/RubyHW/HW13w1/Shop/app/views/products/index.html.erb:5:in `_app_views_products_index_html_erb__4167013058708750316_434420'

2023-02-21 21:45:05[WARN] user: dan
GET /
USE eager loading detected
  ActiveStorage::Attachment => [:blob]
  Add to your query: .includes([:blob])
Call stack
  /home/dan/RubyHW/HW13w1/Shop/app/views/products/index.html.erb:8:in `block (2 levels) in _app_views_products_index_html_erb__1079475415125927202_40980'
  /home/dan/RubyHW/HW13w1/Shop/app/views/products/index.html.erb:7:in `block in _app_views_products_index_html_erb__1079475415125927202_40980'
  /home/dan/RubyHW/HW13w1/Shop/app/views/products/index.html.erb:5:in `_app_views_products_index_html_erb__1079475415125927202_40980'

2023-02-21 21:45:11[WARN] user: dan
GET /
USE eager loading detected
  ActiveStorage::Attachment => [:blob]
  Add to your query: .includes([:blob])
Call stack
  /home/dan/RubyHW/HW13w1/Shop/app/views/products/index.html.erb:8:in `block (2 levels) in _app_views_products_index_html_erb__1079475415125927202_40980'
  /home/dan/RubyHW/HW13w1/Shop/app/views/products/index.html.erb:7:in `block in _app_views_products_index_html_erb__1079475415125927202_40980'
  /home/dan/RubyHW/HW13w1/Shop/app/views/products/index.html.erb:5:in `_app_views_products_index_html_erb__1079475415125927202_40980'

2023-02-21 21:45:49[WARN] user: dan
GET /products.1
USE eager loading detected
  ActiveStorage::Attachment => [:blob]
  Add to your query: .includes([:blob])
Call stack
  /home/dan/RubyHW/HW13w1/Shop/app/views/products/index.html.erb:8:in `block (2 levels) in _app_views_products_index_html_erb__1079475415125927202_40980'
  /home/dan/RubyHW/HW13w1/Shop/app/views/products/index.html.erb:7:in `block in _app_views_products_index_html_erb__1079475415125927202_40980'
  /home/dan/RubyHW/HW13w1/Shop/app/views/products/index.html.erb:5:in `_app_views_products_index_html_erb__1079475415125927202_40980'

2023-02-21 21:55:02[WARN] user: dan
GET /
USE eager loading detected
  ActiveStorage::Attachment => [:blob]
  Add to your query: .includes([:blob])
Call stack
  /home/dan/RubyHW/HW13w1/Shop/app/views/products/index.html.erb:8:in `block (2 levels) in _app_views_products_index_html_erb__1079475415125927202_45020'
  /home/dan/RubyHW/HW13w1/Shop/app/views/products/index.html.erb:7:in `block in _app_views_products_index_html_erb__1079475415125927202_45020'
  /home/dan/RubyHW/HW13w1/Shop/app/views/products/index.html.erb:5:in `_app_views_products_index_html_erb__1079475415125927202_45020'

2023-02-21 21:55:40[WARN] user: dan
GET /
USE eager loading detected
  ActiveStorage::Attachment => [:blob]
  Add to your query: .includes([:blob])
Call stack
  /home/dan/RubyHW/HW13w1/Shop/app/views/products/index.html.erb:8:in `block (2 levels) in _app_views_products_index_html_erb__1079475415125927202_45020'
  /home/dan/RubyHW/HW13w1/Shop/app/views/products/index.html.erb:7:in `block in _app_views_products_index_html_erb__1079475415125927202_45020'
  /home/dan/RubyHW/HW13w1/Shop/app/views/products/index.html.erb:5:in `_app_views_products_index_html_erb__1079475415125927202_45020'

2023-02-21 21:55:48[WARN] user: dan
GET /
USE eager loading detected
  ActiveStorage::Attachment => [:blob]
  Add to your query: .includes([:blob])
Call stack
  /home/dan/RubyHW/HW13w1/Shop/app/views/products/index.html.erb:8:in `block (2 levels) in _app_views_products_index_html_erb__1079475415125927202_45020'
  /home/dan/RubyHW/HW13w1/Shop/app/views/products/index.html.erb:7:in `block in _app_views_products_index_html_erb__1079475415125927202_45020'
  /home/dan/RubyHW/HW13w1/Shop/app/views/products/index.html.erb:5:in `_app_views_products_index_html_erb__1079475415125927202_45020'

2023-02-21 21:55:52[WARN] user: dan
GET /
USE eager loading detected
  ActiveStorage::Attachment => [:blob]
  Add to your query: .includes([:blob])
Call stack
  /home/dan/RubyHW/HW13w1/Shop/app/views/products/index.html.erb:8:in `block (2 levels) in _app_views_products_index_html_erb__1079475415125927202_45020'
  /home/dan/RubyHW/HW13w1/Shop/app/views/products/index.html.erb:7:in `block in _app_views_products_index_html_erb__1079475415125927202_45020'
  /home/dan/RubyHW/HW13w1/Shop/app/views/products/index.html.erb:5:in `_app_views_products_index_html_erb__1079475415125927202_45020'

2023-02-21 21:55:55[WARN] user: dan
GET /cart
USE eager loading detected
  Product => [:foto_attachment]
  Add to your query: .includes([:foto_attachment])
Call stack
  /home/dan/RubyHW/HW13w1/Shop/app/views/carts/show.html.erb:15:in `block in _app_views_carts_show_html_erb___3549997887153004650_46020'
  /home/dan/RubyHW/HW13w1/Shop/app/views/carts/show.html.erb:11:in `_app_views_carts_show_html_erb___3549997887153004650_46020'

2023-02-21 21:56:06[WARN] user: dan
GET /
USE eager loading detected
  ActiveStorage::Attachment => [:blob]
  Add to your query: .includes([:blob])
Call stack
  /home/dan/RubyHW/HW13w1/Shop/app/views/products/index.html.erb:8:in `block (2 levels) in _app_views_products_index_html_erb__1079475415125927202_45020'
  /home/dan/RubyHW/HW13w1/Shop/app/views/products/index.html.erb:7:in `block in _app_views_products_index_html_erb__1079475415125927202_45020'
  /home/dan/RubyHW/HW13w1/Shop/app/views/products/index.html.erb:5:in `_app_views_products_index_html_erb__1079475415125927202_45020'

2023-02-21 21:56:09[WARN] user: dan
GET /cart
USE eager loading detected
  Product => [:foto_attachment]
  Add to your query: .includes([:foto_attachment])
Call stack
  /home/dan/RubyHW/HW13w1/Shop/app/views/carts/show.html.erb:15:in `block in _app_views_carts_show_html_erb___3549997887153004650_46020'
  /home/dan/RubyHW/HW13w1/Shop/app/views/carts/show.html.erb:11:in `_app_views_carts_show_html_erb___3549997887153004650_46020'

2023-02-21 21:56:23[WARN] user: dan
GET /
USE eager loading detected
  ActiveStorage::Attachment => [:blob]
  Add to your query: .includes([:blob])
Call stack
  /home/dan/RubyHW/HW13w1/Shop/app/views/products/index.html.erb:8:in `block (2 levels) in _app_views_products_index_html_erb__1079475415125927202_45020'
  /home/dan/RubyHW/HW13w1/Shop/app/views/products/index.html.erb:7:in `block in _app_views_products_index_html_erb__1079475415125927202_45020'
  /home/dan/RubyHW/HW13w1/Shop/app/views/products/index.html.erb:5:in `_app_views_products_index_html_erb__1079475415125927202_45020'

2023-02-21 21:56:35[WARN] user: dan
GET /
USE eager loading detected
  ActiveStorage::Attachment => [:blob]
  Add to your query: .includes([:blob])
Call stack
  /home/dan/RubyHW/HW13w1/Shop/app/views/products/index.html.erb:8:in `block (2 levels) in _app_views_products_index_html_erb__1079475415125927202_45020'
  /home/dan/RubyHW/HW13w1/Shop/app/views/products/index.html.erb:7:in `block in _app_views_products_index_html_erb__1079475415125927202_45020'
  /home/dan/RubyHW/HW13w1/Shop/app/views/products/index.html.erb:5:in `_app_views_products_index_html_erb__1079475415125927202_45020'

2023-02-21 21:57:13[WARN] user: dan
GET /products.5
USE eager loading detected
  ActiveStorage::Attachment => [:blob]
  Add to your query: .includes([:blob])
Call stack
  /home/dan/RubyHW/HW13w1/Shop/app/views/products/index.html.erb:8:in `block (2 levels) in _app_views_products_index_html_erb__1079475415125927202_45020'
  /home/dan/RubyHW/HW13w1/Shop/app/views/products/index.html.erb:7:in `block in _app_views_products_index_html_erb__1079475415125927202_45020'
  /home/dan/RubyHW/HW13w1/Shop/app/views/products/index.html.erb:5:in `_app_views_products_index_html_erb__1079475415125927202_45020'

2023-02-21 21:57:47[WARN] user: dan
GET /products.5
USE eager loading detected
  ActiveStorage::Attachment => [:blob]
  Add to your query: .includes([:blob])
Call stack
  /home/dan/RubyHW/HW13w1/Shop/app/views/products/index.html.erb:8:in `block (2 levels) in _app_views_products_index_html_erb__1079475415125927202_45020'
  /home/dan/RubyHW/HW13w1/Shop/app/views/products/index.html.erb:7:in `block in _app_views_products_index_html_erb__1079475415125927202_45020'
  /home/dan/RubyHW/HW13w1/Shop/app/views/products/index.html.erb:5:in `_app_views_products_index_html_erb__1079475415125927202_45020'

2023-02-21 21:57:47[WARN] user: dan
GET /products.5
USE eager loading detected
  ActiveStorage::Attachment => [:blob]
  Add to your query: .includes([:blob])
Call stack
  /home/dan/RubyHW/HW13w1/Shop/app/views/products/index.html.erb:8:in `block (2 levels) in _app_views_products_index_html_erb__1079475415125927202_45020'
  /home/dan/RubyHW/HW13w1/Shop/app/views/products/index.html.erb:7:in `block in _app_views_products_index_html_erb__1079475415125927202_45020'
  /home/dan/RubyHW/HW13w1/Shop/app/views/products/index.html.erb:5:in `_app_views_products_index_html_erb__1079475415125927202_45020'

2023-02-21 21:57:50[WARN] user: dan
GET /cart
USE eager loading detected
  Product => [:foto_attachment]
  Add to your query: .includes([:foto_attachment])
Call stack
  /home/dan/RubyHW/HW13w1/Shop/app/views/carts/show.html.erb:15:in `block in _app_views_carts_show_html_erb___3549997887153004650_46020'
  /home/dan/RubyHW/HW13w1/Shop/app/views/carts/show.html.erb:11:in `_app_views_carts_show_html_erb___3549997887153004650_46020'

2023-02-21 21:57:59[WARN] user: dan
GET /
USE eager loading detected
  ActiveStorage::Attachment => [:blob]
  Add to your query: .includes([:blob])
Call stack
  /home/dan/RubyHW/HW13w1/Shop/app/views/products/index.html.erb:8:in `block (2 levels) in _app_views_products_index_html_erb__1079475415125927202_45020'
  /home/dan/RubyHW/HW13w1/Shop/app/views/products/index.html.erb:7:in `block in _app_views_products_index_html_erb__1079475415125927202_45020'
  /home/dan/RubyHW/HW13w1/Shop/app/views/products/index.html.erb:5:in `_app_views_products_index_html_erb__1079475415125927202_45020'

2023-02-21 21:58:15[WARN] user: dan
GET /
USE eager loading detected
  ActiveStorage::Attachment => [:blob]
  Add to your query: .includes([:blob])
Call stack
  /home/dan/RubyHW/HW13w1/Shop/app/views/products/index.html.erb:8:in `block (2 levels) in _app_views_products_index_html_erb__1079475415125927202_45020'
  /home/dan/RubyHW/HW13w1/Shop/app/views/products/index.html.erb:7:in `block in _app_views_products_index_html_erb__1079475415125927202_45020'
  /home/dan/RubyHW/HW13w1/Shop/app/views/products/index.html.erb:5:in `_app_views_products_index_html_erb__1079475415125927202_45020'

2023-02-21 21:58:19[WARN] user: dan
GET /cart
USE eager loading detected
  Product => [:foto_attachment]
  Add to your query: .includes([:foto_attachment])
Call stack
  /home/dan/RubyHW/HW13w1/Shop/app/views/carts/show.html.erb:15:in `block in _app_views_carts_show_html_erb___3549997887153004650_46020'
  /home/dan/RubyHW/HW13w1/Shop/app/views/carts/show.html.erb:11:in `_app_views_carts_show_html_erb___3549997887153004650_46020'

2023-02-23 20:43:17[WARN] user: dan
GET /
USE eager loading detected
  ActiveStorage::Attachment => [:blob]
  Add to your query: .includes([:blob])
Call stack
  /home/dan/RubyHW/HW13w2/Shop/app/views/products/index.html.erb:8:in `block (2 levels) in _app_views_products_index_html_erb__819366765002065794_40980'
  /home/dan/RubyHW/HW13w2/Shop/app/views/products/index.html.erb:7:in `block in _app_views_products_index_html_erb__819366765002065794_40980'
  /home/dan/RubyHW/HW13w2/Shop/app/views/products/index.html.erb:5:in `_app_views_products_index_html_erb__819366765002065794_40980'

2023-02-23 20:43:47[WARN] user: dan
GET /
USE eager loading detected
  ActiveStorage::Attachment => [:blob]
  Add to your query: .includes([:blob])
Call stack
  /home/dan/RubyHW/HW13w2/Shop/app/views/products/index.html.erb:8:in `block (2 levels) in _app_views_products_index_html_erb__819366765002065794_40980'
  /home/dan/RubyHW/HW13w2/Shop/app/views/products/index.html.erb:7:in `block in _app_views_products_index_html_erb__819366765002065794_40980'
  /home/dan/RubyHW/HW13w2/Shop/app/views/products/index.html.erb:5:in `_app_views_products_index_html_erb__819366765002065794_40980'

2023-02-23 20:44:03[WARN] user: dan
GET /
USE eager loading detected
  ActiveStorage::Attachment => [:blob]
  Add to your query: .includes([:blob])
Call stack
  /home/dan/RubyHW/HW13w2/Shop/app/views/products/index.html.erb:8:in `block (2 levels) in _app_views_products_index_html_erb__819366765002065794_40980'
  /home/dan/RubyHW/HW13w2/Shop/app/views/products/index.html.erb:7:in `block in _app_views_products_index_html_erb__819366765002065794_40980'
  /home/dan/RubyHW/HW13w2/Shop/app/views/products/index.html.erb:5:in `_app_views_products_index_html_erb__819366765002065794_40980'

2023-02-23 20:44:08[WARN] user: dan
GET /
USE eager loading detected
  ActiveStorage::Attachment => [:blob]
  Add to your query: .includes([:blob])
Call stack
  /home/dan/RubyHW/HW13w2/Shop/app/views/products/index.html.erb:8:in `block (2 levels) in _app_views_products_index_html_erb__819366765002065794_40980'
  /home/dan/RubyHW/HW13w2/Shop/app/views/products/index.html.erb:7:in `block in _app_views_products_index_html_erb__819366765002065794_40980'
  /home/dan/RubyHW/HW13w2/Shop/app/views/products/index.html.erb:5:in `_app_views_products_index_html_erb__819366765002065794_40980'

2023-02-23 20:44:13[WARN] user: dan
GET /cart
USE eager loading detected
  Product => [:foto_attachment]
  Add to your query: .includes([:foto_attachment])
Call stack
  /home/dan/RubyHW/HW13w2/Shop/app/views/carts/show.html.erb:15:in `block in _app_views_carts_show_html_erb___4199660655660024173_44140'
  /home/dan/RubyHW/HW13w2/Shop/app/views/carts/show.html.erb:11:in `_app_views_carts_show_html_erb___4199660655660024173_44140'

2023-02-23 20:45:56[WARN] user: dan
GET /
USE eager loading detected
  ActiveStorage::Attachment => [:blob]
  Add to your query: .includes([:blob])
Call stack
  /home/dan/RubyHW/HW13w2/Shop/app/views/products/index.html.erb:8:in `block (2 levels) in _app_views_products_index_html_erb__819366765002065794_40980'
  /home/dan/RubyHW/HW13w2/Shop/app/views/products/index.html.erb:7:in `block in _app_views_products_index_html_erb__819366765002065794_40980'
  /home/dan/RubyHW/HW13w2/Shop/app/views/products/index.html.erb:5:in `_app_views_products_index_html_erb__819366765002065794_40980'

2023-02-23 20:47:45[WARN] user: dan
GET /orders/3
USE eager loading detected
  Product => [:foto_attachment]
  Add to your query: .includes([:foto_attachment])
Call stack
  /home/dan/RubyHW/HW13w2/Shop/app/views/orders/show.html.erb:15:in `block in _app_views_orders_show_html_erb___3429211681854205800_45300'
  /home/dan/RubyHW/HW13w2/Shop/app/views/orders/show.html.erb:12:in `each'
  /home/dan/RubyHW/HW13w2/Shop/app/views/orders/show.html.erb:12:in `with_index'
  /home/dan/RubyHW/HW13w2/Shop/app/views/orders/show.html.erb:12:in `_app_views_orders_show_html_erb___3429211681854205800_45300'

2023-02-23 22:00:54[WARN] user: dan
GET /
USE eager loading detected
  ActiveStorage::Attachment => [:blob]
  Add to your query: .includes([:blob])
Call stack
  /home/dan/RubyHW/HW13w2/Shop/app/views/products/index.html.erb:8:in `block (2 levels) in _app_views_products_index_html_erb__3615863928814501631_41780'
  /home/dan/RubyHW/HW13w2/Shop/app/views/products/index.html.erb:7:in `block in _app_views_products_index_html_erb__3615863928814501631_41780'
  /home/dan/RubyHW/HW13w2/Shop/app/views/products/index.html.erb:5:in `_app_views_products_index_html_erb__3615863928814501631_41780'

2023-02-23 22:01:12[WARN] user: dan
GET /
USE eager loading detected
  ActiveStorage::Attachment => [:blob]
  Add to your query: .includes([:blob])
Call stack
  /home/dan/RubyHW/HW13w2/Shop/app/views/products/index.html.erb:8:in `block (2 levels) in _app_views_products_index_html_erb__3615863928814501631_41780'
  /home/dan/RubyHW/HW13w2/Shop/app/views/products/index.html.erb:7:in `block in _app_views_products_index_html_erb__3615863928814501631_41780'
  /home/dan/RubyHW/HW13w2/Shop/app/views/products/index.html.erb:5:in `_app_views_products_index_html_erb__3615863928814501631_41780'

2023-02-23 22:01:18[WARN] user: dan
GET /
USE eager loading detected
  ActiveStorage::Attachment => [:blob]
  Add to your query: .includes([:blob])
Call stack
  /home/dan/RubyHW/HW13w2/Shop/app/views/products/index.html.erb:8:in `block (2 levels) in _app_views_products_index_html_erb__3615863928814501631_41780'
  /home/dan/RubyHW/HW13w2/Shop/app/views/products/index.html.erb:7:in `block in _app_views_products_index_html_erb__3615863928814501631_41780'
  /home/dan/RubyHW/HW13w2/Shop/app/views/products/index.html.erb:5:in `_app_views_products_index_html_erb__3615863928814501631_41780'

2023-02-23 22:06:20[WARN] user: dan
GET /
USE eager loading detected
  ActiveStorage::Attachment => [:blob]
  Add to your query: .includes([:blob])
Call stack
  /home/dan/RubyHW/HW13w2/Shop/app/views/products/index.html.erb:8:in `block (2 levels) in _app_views_products_index_html_erb__3615863928814501631_41780'
  /home/dan/RubyHW/HW13w2/Shop/app/views/products/index.html.erb:7:in `block in _app_views_products_index_html_erb__3615863928814501631_41780'
  /home/dan/RubyHW/HW13w2/Shop/app/views/products/index.html.erb:5:in `_app_views_products_index_html_erb__3615863928814501631_41780'

2023-02-23 22:06:20[WARN] user: dan
GET /
USE eager loading detected
  ActiveStorage::Attachment => [:blob]
  Add to your query: .includes([:blob])
Call stack
  /home/dan/RubyHW/HW13w2/Shop/app/views/products/index.html.erb:8:in `block (2 levels) in _app_views_products_index_html_erb__3615863928814501631_41780'
  /home/dan/RubyHW/HW13w2/Shop/app/views/products/index.html.erb:7:in `block in _app_views_products_index_html_erb__3615863928814501631_41780'
  /home/dan/RubyHW/HW13w2/Shop/app/views/products/index.html.erb:5:in `_app_views_products_index_html_erb__3615863928814501631_41780'

2023-02-23 22:08:08[WARN] user: dan
GET /
USE eager loading detected
  ActiveStorage::Attachment => [:blob]
  Add to your query: .includes([:blob])
Call stack
  /home/dan/RubyHW/HW13w2/Shop/app/views/products/index.html.erb:8:in `block (2 levels) in _app_views_products_index_html_erb__3615863928814501631_41780'
  /home/dan/RubyHW/HW13w2/Shop/app/views/products/index.html.erb:7:in `block in _app_views_products_index_html_erb__3615863928814501631_41780'
  /home/dan/RubyHW/HW13w2/Shop/app/views/products/index.html.erb:5:in `_app_views_products_index_html_erb__3615863928814501631_41780'

2023-02-23 22:08:08[WARN] user: dan
GET /
USE eager loading detected
  ActiveStorage::Attachment => [:blob]
  Add to your query: .includes([:blob])
Call stack
  /home/dan/RubyHW/HW13w2/Shop/app/views/products/index.html.erb:8:in `block (2 levels) in _app_views_products_index_html_erb__3615863928814501631_41780'
  /home/dan/RubyHW/HW13w2/Shop/app/views/products/index.html.erb:7:in `block in _app_views_products_index_html_erb__3615863928814501631_41780'
  /home/dan/RubyHW/HW13w2/Shop/app/views/products/index.html.erb:5:in `_app_views_products_index_html_erb__3615863928814501631_41780'

2023-02-23 22:11:02[WARN] user: dan
GET /
USE eager loading detected
  ActiveStorage::Attachment => [:blob]
  Add to your query: .includes([:blob])
Call stack
  /home/dan/RubyHW/HW13w2/Shop/app/views/products/index.html.erb:8:in `block (2 levels) in _app_views_products_index_html_erb__3615863928814501631_41780'
  /home/dan/RubyHW/HW13w2/Shop/app/views/products/index.html.erb:7:in `block in _app_views_products_index_html_erb__3615863928814501631_41780'
  /home/dan/RubyHW/HW13w2/Shop/app/views/products/index.html.erb:5:in `_app_views_products_index_html_erb__3615863928814501631_41780'

2023-02-23 22:11:06[WARN] user: dan
GET /
USE eager loading detected
  ActiveStorage::Attachment => [:blob]
  Add to your query: .includes([:blob])
Call stack
  /home/dan/RubyHW/HW13w2/Shop/app/views/products/index.html.erb:8:in `block (2 levels) in _app_views_products_index_html_erb__3615863928814501631_41780'
  /home/dan/RubyHW/HW13w2/Shop/app/views/products/index.html.erb:7:in `block in _app_views_products_index_html_erb__3615863928814501631_41780'
  /home/dan/RubyHW/HW13w2/Shop/app/views/products/index.html.erb:5:in `_app_views_products_index_html_erb__3615863928814501631_41780'

2023-02-23 22:11:09[WARN] user: dan
GET /
USE eager loading detected
  ActiveStorage::Attachment => [:blob]
  Add to your query: .includes([:blob])
Call stack
  /home/dan/RubyHW/HW13w2/Shop/app/views/products/index.html.erb:8:in `block (2 levels) in _app_views_products_index_html_erb__3615863928814501631_41780'
  /home/dan/RubyHW/HW13w2/Shop/app/views/products/index.html.erb:7:in `block in _app_views_products_index_html_erb__3615863928814501631_41780'
  /home/dan/RubyHW/HW13w2/Shop/app/views/products/index.html.erb:5:in `_app_views_products_index_html_erb__3615863928814501631_41780'

2023-02-23 22:11:13[WARN] user: dan
GET /
USE eager loading detected
  ActiveStorage::Attachment => [:blob]
  Add to your query: .includes([:blob])
Call stack
  /home/dan/RubyHW/HW13w2/Shop/app/views/products/index.html.erb:8:in `block (2 levels) in _app_views_products_index_html_erb__3615863928814501631_41780'
  /home/dan/RubyHW/HW13w2/Shop/app/views/products/index.html.erb:7:in `block in _app_views_products_index_html_erb__3615863928814501631_41780'
  /home/dan/RubyHW/HW13w2/Shop/app/views/products/index.html.erb:5:in `_app_views_products_index_html_erb__3615863928814501631_41780'

2023-02-23 22:11:16[WARN] user: dan
GET /cart
USE eager loading detected
  Product => [:foto_attachment]
  Add to your query: .includes([:foto_attachment])
Call stack
  /home/dan/RubyHW/HW13w2/Shop/app/views/carts/show.html.erb:15:in `block in _app_views_carts_show_html_erb___2598906394276640530_44640'
  /home/dan/RubyHW/HW13w2/Shop/app/views/carts/show.html.erb:11:in `_app_views_carts_show_html_erb___2598906394276640530_44640'

2023-02-23 22:11:21[WARN] user: dan
GET /orders/7
USE eager loading detected
  Product => [:foto_attachment]
  Add to your query: .includes([:foto_attachment])
Call stack
  /home/dan/RubyHW/HW13w2/Shop/app/views/orders/show.html.erb:15:in `block in _app_views_orders_show_html_erb__4316987592634404288_86520'
  /home/dan/RubyHW/HW13w2/Shop/app/views/orders/show.html.erb:12:in `each'
  /home/dan/RubyHW/HW13w2/Shop/app/views/orders/show.html.erb:12:in `with_index'
  /home/dan/RubyHW/HW13w2/Shop/app/views/orders/show.html.erb:12:in `_app_views_orders_show_html_erb__4316987592634404288_86520'

2023-02-23 22:28:51[WARN] user: dan
GET /
USE eager loading detected
  ActiveStorage::Attachment => [:blob]
  Add to your query: .includes([:blob])
Call stack
  /home/dan/RubyHW/HW13w2/Shop/app/views/products/index.html.erb:8:in `block (2 levels) in _app_views_products_index_html_erb___270768645850077290_41780'
  /home/dan/RubyHW/HW13w2/Shop/app/views/products/index.html.erb:7:in `block in _app_views_products_index_html_erb___270768645850077290_41780'
  /home/dan/RubyHW/HW13w2/Shop/app/views/products/index.html.erb:5:in `_app_views_products_index_html_erb___270768645850077290_41780'

2023-02-23 22:29:17[WARN] user: dan
GET /
USE eager loading detected
  ActiveStorage::Attachment => [:blob]
  Add to your query: .includes([:blob])
Call stack
  /home/dan/RubyHW/HW13w2/Shop/app/views/products/index.html.erb:8:in `block (2 levels) in _app_views_products_index_html_erb___270768645850077290_41780'
  /home/dan/RubyHW/HW13w2/Shop/app/views/products/index.html.erb:7:in `block in _app_views_products_index_html_erb___270768645850077290_41780'
  /home/dan/RubyHW/HW13w2/Shop/app/views/products/index.html.erb:5:in `_app_views_products_index_html_erb___270768645850077290_41780'

2023-02-23 22:29:21[WARN] user: dan
GET /
USE eager loading detected
  ActiveStorage::Attachment => [:blob]
  Add to your query: .includes([:blob])
Call stack
  /home/dan/RubyHW/HW13w2/Shop/app/views/products/index.html.erb:8:in `block (2 levels) in _app_views_products_index_html_erb___270768645850077290_41780'
  /home/dan/RubyHW/HW13w2/Shop/app/views/products/index.html.erb:7:in `block in _app_views_products_index_html_erb___270768645850077290_41780'
  /home/dan/RubyHW/HW13w2/Shop/app/views/products/index.html.erb:5:in `_app_views_products_index_html_erb___270768645850077290_41780'

2023-02-23 22:37:57[WARN] user: dan
GET /
USE eager loading detected
  ActiveStorage::Attachment => [:blob]
  Add to your query: .includes([:blob])
Call stack
  /home/dan/RubyHW/HW13w2/Shop/app/views/products/index.html.erb:8:in `block (2 levels) in _app_views_products_index_html_erb___270768645850077290_41780'
  /home/dan/RubyHW/HW13w2/Shop/app/views/products/index.html.erb:7:in `block in _app_views_products_index_html_erb___270768645850077290_41780'
  /home/dan/RubyHW/HW13w2/Shop/app/views/products/index.html.erb:5:in `_app_views_products_index_html_erb___270768645850077290_41780'

2023-02-23 22:38:01[WARN] user: dan
GET /
USE eager loading detected
  ActiveStorage::Attachment => [:blob]
  Add to your query: .includes([:blob])
Call stack
  /home/dan/RubyHW/HW13w2/Shop/app/views/products/index.html.erb:8:in `block (2 levels) in _app_views_products_index_html_erb___270768645850077290_41780'
  /home/dan/RubyHW/HW13w2/Shop/app/views/products/index.html.erb:7:in `block in _app_views_products_index_html_erb___270768645850077290_41780'
  /home/dan/RubyHW/HW13w2/Shop/app/views/products/index.html.erb:5:in `_app_views_products_index_html_erb___270768645850077290_41780'

2023-02-23 22:46:05[WARN] user: dan
GET /
USE eager loading detected
  ActiveStorage::Attachment => [:blob]
  Add to your query: .includes([:blob])
Call stack
  /home/dan/RubyHW/HW13w2/Shop/app/views/products/index.html.erb:8:in `block (2 levels) in _app_views_products_index_html_erb___270768645850077290_88100'
  /home/dan/RubyHW/HW13w2/Shop/app/views/products/index.html.erb:7:in `block in _app_views_products_index_html_erb___270768645850077290_88100'
  /home/dan/RubyHW/HW13w2/Shop/app/views/products/index.html.erb:5:in `_app_views_products_index_html_erb___270768645850077290_88100'

2023-02-23 22:46:12[WARN] user: dan
GET /
USE eager loading detected
  ActiveStorage::Attachment => [:blob]
  Add to your query: .includes([:blob])
Call stack
  /home/dan/RubyHW/HW13w2/Shop/app/views/products/index.html.erb:8:in `block (2 levels) in _app_views_products_index_html_erb___270768645850077290_88100'
  /home/dan/RubyHW/HW13w2/Shop/app/views/products/index.html.erb:7:in `block in _app_views_products_index_html_erb___270768645850077290_88100'
  /home/dan/RubyHW/HW13w2/Shop/app/views/products/index.html.erb:5:in `_app_views_products_index_html_erb___270768645850077290_88100'

2023-02-23 22:53:12[WARN] user: dan
GET /
USE eager loading detected
  ActiveStorage::Attachment => [:blob]
  Add to your query: .includes([:blob])
Call stack
  /home/dan/RubyHW/HW13w2/Shop/app/views/products/index.html.erb:8:in `block (2 levels) in _app_views_products_index_html_erb___270768645850077290_91820'
  /home/dan/RubyHW/HW13w2/Shop/app/views/products/index.html.erb:7:in `block in _app_views_products_index_html_erb___270768645850077290_91820'
  /home/dan/RubyHW/HW13w2/Shop/app/views/products/index.html.erb:5:in `_app_views_products_index_html_erb___270768645850077290_91820'

2023-02-23 22:53:16[WARN] user: dan
GET /
USE eager loading detected
  ActiveStorage::Attachment => [:blob]
  Add to your query: .includes([:blob])
Call stack
  /home/dan/RubyHW/HW13w2/Shop/app/views/products/index.html.erb:8:in `block (2 levels) in _app_views_products_index_html_erb___270768645850077290_91820'
  /home/dan/RubyHW/HW13w2/Shop/app/views/products/index.html.erb:7:in `block in _app_views_products_index_html_erb___270768645850077290_91820'
  /home/dan/RubyHW/HW13w2/Shop/app/views/products/index.html.erb:5:in `_app_views_products_index_html_erb___270768645850077290_91820'

2023-03-08 19:38:56[WARN] user: dan
GET /admin/products
USE eager loading detected
  Product => [:category]
  Add to your query: .includes([:category])
Call stack
  /home/dan/RubyHW/HW13w2/Shop/app/admin/products.rb:47:in `block (3 levels) in <main>'
  /home/dan/RubyHW/HW13w2/Shop/app/admin/products.rb:32:in `each'
  /home/dan/RubyHW/HW13w2/Shop/app/admin/products.rb:32:in `block (2 levels) in <main>'

2023-03-08 19:38:56[WARN] user: dan
GET /admin/products
USE eager loading detected
  ActiveStorage::Attachment => [:blob]
  Add to your query: .includes([:blob])
Call stack

