2023-01-14 16:44:29[WARN] user: dan
GET /cart
USE eager loading detected
  LineItem => [:product]
  Add to your query: .includes([:product])
Call stack
  /home/dan/RubyHW/HW12/Shop/app/views/carts/show.html.erb:15:in `block in _app_views_carts_show_html_erb__733846677379636003_42120'
  /home/dan/RubyHW/HW12/Shop/app/views/carts/show.html.erb:11:in `_app_views_carts_show_html_erb__733846677379636003_42120'

2023-01-14 16:55:29[WARN] user: dan
GET /orders
USE eager loading detected
  Order => [:cart]
  Add to your query: .includes([:cart])
Call stack
  /home/dan/RubyHW/HW12/Shop/app/views/orders/index.html.erb:13:in `block in _app_views_orders_index_html_erb__3726546502492209098_42560'
  /home/dan/RubyHW/HW12/Shop/app/views/orders/index.html.erb:5:in `_app_views_orders_index_html_erb__3726546502492209098_42560'

2023-01-14 16:55:29[WARN] user: dan
GET /orders
USE eager loading detected
  LineItem => [:product]
  Add to your query: .includes([:product])
Call stack
  /home/dan/RubyHW/HW12/Shop/app/views/orders/index.html.erb:15:in `block (2 levels) in _app_views_orders_index_html_erb__3726546502492209098_42560'
  /home/dan/RubyHW/HW12/Shop/app/views/orders/index.html.erb:13:in `block in _app_views_orders_index_html_erb__3726546502492209098_42560'
  /home/dan/RubyHW/HW12/Shop/app/views/orders/index.html.erb:5:in `_app_views_orders_index_html_erb__3726546502492209098_42560'

2023-01-14 16:57:13[WARN] user: dan
GET /orders
USE eager loading detected
  Cart => [:line_items]
  Add to your query: .includes([:line_items])
Call stack
  /home/dan/RubyHW/HW12/Shop/app/views/orders/index.html.erb:25:in `map'
  /home/dan/RubyHW/HW12/Shop/app/views/orders/index.html.erb:25:in `block in _app_views_orders_index_html_erb__3726546502492209098_42860'
  /home/dan/RubyHW/HW12/Shop/app/views/orders/index.html.erb:5:in `_app_views_orders_index_html_erb__3726546502492209098_42860'

2023-01-14 16:59:45[WARN] user: dan
GET /orders/8
USE eager loading detected
  LineItem => [:product]
  Add to your query: .includes([:product])
Call stack
  /home/dan/RubyHW/HW12/Shop/app/views/orders/show.html.erb:15:in `block in _app_views_orders_show_html_erb__4500346221317634254_44200'
  /home/dan/RubyHW/HW12/Shop/app/views/orders/show.html.erb:12:in `each'
  /home/dan/RubyHW/HW12/Shop/app/views/orders/show.html.erb:12:in `with_index'
  /home/dan/RubyHW/HW12/Shop/app/views/orders/show.html.erb:12:in `_app_views_orders_show_html_erb__4500346221317634254_44200'

2023-01-14 17:01:14[WARN] user: dan
GET /orders
USE eager loading detected
  Cart => [:line_items]
  Add to your query: .includes([:line_items])
Call stack
  /home/dan/RubyHW/HW12/Shop/app/views/orders/index.html.erb:25:in `map'
  /home/dan/RubyHW/HW12/Shop/app/views/orders/index.html.erb:25:in `block in _app_views_orders_index_html_erb__3726546502492209098_44420'
  /home/dan/RubyHW/HW12/Shop/app/views/orders/index.html.erb:5:in `_app_views_orders_index_html_erb__3726546502492209098_44420'

2023-01-14 17:03:19[WARN] user: dan
GET /orders
USE eager loading detected
  Cart => [:line_items]
  Add to your query: .includes([:line_items])
Call stack
  /home/dan/RubyHW/HW12/Shop/app/views/orders/index.html.erb:25:in `map'
  /home/dan/RubyHW/HW12/Shop/app/views/orders/index.html.erb:25:in `block in _app_views_orders_index_html_erb__3726546502492209098_44420'
  /home/dan/RubyHW/HW12/Shop/app/views/orders/index.html.erb:5:in `_app_views_orders_index_html_erb__3726546502492209098_44420'

2023-01-14 17:05:43[WARN] user: dan
GET /orders
USE eager loading detected
  Cart => [:line_items]
  Add to your query: .includes([:line_items])
Call stack
  /home/dan/RubyHW/HW12/Shop/app/views/orders/index.html.erb:25:in `map'
  /home/dan/RubyHW/HW12/Shop/app/views/orders/index.html.erb:25:in `block in _app_views_orders_index_html_erb__3726546502492209098_46140'
  /home/dan/RubyHW/HW12/Shop/app/views/orders/index.html.erb:5:in `_app_views_orders_index_html_erb__3726546502492209098_46140'

2023-01-14 17:16:32[WARN] user: dan
GET /orders
USE eager loading detected
  Cart => [:line_items]
  Add to your query: .includes([:line_items])
Call stack
  /home/dan/RubyHW/HW12/Shop/app/views/orders/index.html.erb:25:in `map'
  /home/dan/RubyHW/HW12/Shop/app/views/orders/index.html.erb:25:in `block in _app_views_orders_index_html_erb__3726546502492209098_48400'
  /home/dan/RubyHW/HW12/Shop/app/views/orders/index.html.erb:5:in `_app_views_orders_index_html_erb__3726546502492209098_48400'

2023-01-14 17:18:19[WARN] user: dan
GET /orders
USE eager loading detected
  Cart => [:line_items]
  Add to your query: .includes([:line_items])
Call stack
  /home/dan/RubyHW/HW12/Shop/app/views/orders/index.html.erb:25:in `map'
  /home/dan/RubyHW/HW12/Shop/app/views/orders/index.html.erb:25:in `block in _app_views_orders_index_html_erb__3726546502492209098_48400'
  /home/dan/RubyHW/HW12/Shop/app/views/orders/index.html.erb:5:in `_app_views_orders_index_html_erb__3726546502492209098_48400'

2023-01-14 17:26:17[WARN] user: dan
GET /orders
USE eager loading detected
  Cart => [:line_items]
  Add to your query: .includes([:line_items])
Call stack
  /home/dan/RubyHW/HW12/Shop/app/views/orders/index.html.erb:25:in `map'
  /home/dan/RubyHW/HW12/Shop/app/views/orders/index.html.erb:25:in `block in _app_views_orders_index_html_erb__3726546502492209098_88880'
  /home/dan/RubyHW/HW12/Shop/app/views/orders/index.html.erb:5:in `_app_views_orders_index_html_erb__3726546502492209098_88880'

2023-01-14 17:28:51[WARN] user: dan
GET /orders
USE eager loading detected
  Cart => [:line_items]
  Add to your query: .includes([:line_items])
Call stack
  /home/dan/RubyHW/HW12/Shop/app/views/orders/index.html.erb:13:in `block in _app_views_orders_index_html_erb__3726546502492209098_90540'
  /home/dan/RubyHW/HW12/Shop/app/views/orders/index.html.erb:5:in `_app_views_orders_index_html_erb__3726546502492209098_90540'

2023-01-14 17:28:51[WARN] user: dan
GET /orders
USE eager loading detected
  LineItem => [:product]
  Add to your query: .includes([:product])
Call stack
  /home/dan/RubyHW/HW12/Shop/app/views/orders/index.html.erb:15:in `block (2 levels) in _app_views_orders_index_html_erb__3726546502492209098_90540'
  /home/dan/RubyHW/HW12/Shop/app/views/orders/index.html.erb:13:in `block in _app_views_orders_index_html_erb__3726546502492209098_90540'
  /home/dan/RubyHW/HW12/Shop/app/views/orders/index.html.erb:5:in `_app_views_orders_index_html_erb__3726546502492209098_90540'

2023-01-14 17:34:14[WARN] user: dan
GET /orders
USE eager loading detected
  Cart => [:line_items]
  Add to your query: .includes([:line_items])
Call stack
  /home/dan/RubyHW/HW12/Shop/app/models/cart.rb:26:in `map'
  /home/dan/RubyHW/HW12/Shop/app/models/cart.rb:26:in `sum_price'
  /home/dan/RubyHW/HW12/Shop/app/views/orders/index.html.erb:25:in `block in _app_views_orders_index_html_erb__3726546502492209098_91420'
  /home/dan/RubyHW/HW12/Shop/app/views/orders/index.html.erb:5:in `_app_views_orders_index_html_erb__3726546502492209098_91420'

2023-01-14 17:34:43[WARN] user: dan
GET /orders
USE eager loading detected
  Cart => [:line_items]
  Add to your query: .includes([:line_items])
Call stack
  /home/dan/RubyHW/HW12/Shop/app/models/cart.rb:26:in `map'
  /home/dan/RubyHW/HW12/Shop/app/models/cart.rb:26:in `sum_price'
  /home/dan/RubyHW/HW12/Shop/app/views/orders/index.html.erb:25:in `block in _app_views_orders_index_html_erb__3726546502492209098_91420'
  /home/dan/RubyHW/HW12/Shop/app/views/orders/index.html.erb:5:in `_app_views_orders_index_html_erb__3726546502492209098_91420'

2023-01-14 17:38:15[WARN] user: dan
GET /orders
USE eager loading detected
  Order => [:cart]
  Add to your query: .includes([:cart])
Call stack
  /home/dan/RubyHW/HW12/Shop/app/views/orders/index.html.erb:13:in `block in _app_views_orders_index_html_erb__3726546502492209098_92520'
  /home/dan/RubyHW/HW12/Shop/app/views/orders/index.html.erb:5:in `_app_views_orders_index_html_erb__3726546502492209098_92520'

2023-01-14 17:38:15[WARN] user: dan
GET /orders
USE eager loading detected
  LineItem => [:product]
  Add to your query: .includes([:product])
Call stack
  /home/dan/RubyHW/HW12/Shop/app/views/orders/index.html.erb:15:in `block (2 levels) in _app_views_orders_index_html_erb__3726546502492209098_92520'
  /home/dan/RubyHW/HW12/Shop/app/views/orders/index.html.erb:13:in `block in _app_views_orders_index_html_erb__3726546502492209098_92520'
  /home/dan/RubyHW/HW12/Shop/app/views/orders/index.html.erb:5:in `_app_views_orders_index_html_erb__3726546502492209098_92520'

2023-01-14 17:38:26[WARN] user: dan
GET /orders
USE eager loading detected
  Order => [:cart]
  Add to your query: .includes([:cart])
Call stack
  /home/dan/RubyHW/HW12/Shop/app/views/orders/index.html.erb:13:in `block in _app_views_orders_index_html_erb__3726546502492209098_92520'
  /home/dan/RubyHW/HW12/Shop/app/views/orders/index.html.erb:5:in `_app_views_orders_index_html_erb__3726546502492209098_92520'

2023-01-14 17:38:26[WARN] user: dan
GET /orders
USE eager loading detected
  LineItem => [:product]
  Add to your query: .includes([:product])
Call stack
  /home/dan/RubyHW/HW12/Shop/app/views/orders/index.html.erb:15:in `block (2 levels) in _app_views_orders_index_html_erb__3726546502492209098_92520'
  /home/dan/RubyHW/HW12/Shop/app/views/orders/index.html.erb:13:in `block in _app_views_orders_index_html_erb__3726546502492209098_92520'
  /home/dan/RubyHW/HW12/Shop/app/views/orders/index.html.erb:5:in `_app_views_orders_index_html_erb__3726546502492209098_92520'

2023-01-14 17:40:30[WARN] user: dan
GET /orders
USE eager loading detected
  Cart => [:line_items]
  Add to your query: .includes([:line_items])
Call stack
  /home/dan/RubyHW/HW12/Shop/app/views/orders/index.html.erb:13:in `block in _app_views_orders_index_html_erb__3726546502492209098_92760'
  /home/dan/RubyHW/HW12/Shop/app/views/orders/index.html.erb:5:in `_app_views_orders_index_html_erb__3726546502492209098_92760'

2023-01-14 17:40:30[WARN] user: dan
GET /orders
USE eager loading detected
  LineItem => [:product]
  Add to your query: .includes([:product])
Call stack
  /home/dan/RubyHW/HW12/Shop/app/views/orders/index.html.erb:15:in `block (2 levels) in _app_views_orders_index_html_erb__3726546502492209098_92760'
  /home/dan/RubyHW/HW12/Shop/app/views/orders/index.html.erb:13:in `block in _app_views_orders_index_html_erb__3726546502492209098_92760'
  /home/dan/RubyHW/HW12/Shop/app/views/orders/index.html.erb:5:in `_app_views_orders_index_html_erb__3726546502492209098_92760'

2023-01-14 17:42:45[WARN] user: dan
GET /orders
USE eager loading detected
  Cart => [:line_items]
  Add to your query: .includes([:line_items])
Call stack
  /home/dan/RubyHW/HW12/Shop/app/views/orders/index.html.erb:13:in `block in _app_views_orders_index_html_erb__3726546502492209098_94160'
  /home/dan/RubyHW/HW12/Shop/app/views/orders/index.html.erb:5:in `_app_views_orders_index_html_erb__3726546502492209098_94160'

2023-01-14 17:42:45[WARN] user: dan
GET /orders
USE eager loading detected
  LineItem => [:product]
  Add to your query: .includes([:product])
Call stack
  /home/dan/RubyHW/HW12/Shop/app/views/orders/index.html.erb:15:in `block (2 levels) in _app_views_orders_index_html_erb__3726546502492209098_94160'
  /home/dan/RubyHW/HW12/Shop/app/views/orders/index.html.erb:13:in `block in _app_views_orders_index_html_erb__3726546502492209098_94160'
  /home/dan/RubyHW/HW12/Shop/app/views/orders/index.html.erb:5:in `_app_views_orders_index_html_erb__3726546502492209098_94160'

2023-01-14 17:43:27[WARN] user: dan
GET /orders
USE eager loading detected
  Cart => [:line_items]
  Add to your query: .includes([:line_items])
Call stack
  /home/dan/RubyHW/HW12/Shop/app/models/cart.rb:26:in `map'
  /home/dan/RubyHW/HW12/Shop/app/models/cart.rb:26:in `sum_price'
  /home/dan/RubyHW/HW12/Shop/app/views/orders/index.html.erb:25:in `block in _app_views_orders_index_html_erb__3726546502492209098_94280'
  /home/dan/RubyHW/HW12/Shop/app/views/orders/index.html.erb:5:in `_app_views_orders_index_html_erb__3726546502492209098_94280'

2023-01-14 17:44:49[WARN] user: dan
GET /orders
USE eager loading detected
  Cart => [:line_items]
  Add to your query: .includes([:line_items])
Call stack
  /home/dan/RubyHW/HW12/Shop/app/models/cart.rb:26:in `map'
  /home/dan/RubyHW/HW12/Shop/app/models/cart.rb:26:in `sum_price'
  /home/dan/RubyHW/HW12/Shop/app/views/orders/index.html.erb:25:in `block in _app_views_orders_index_html_erb__3726546502492209098_95060'
  /home/dan/RubyHW/HW12/Shop/app/views/orders/index.html.erb:5:in `_app_views_orders_index_html_erb__3726546502492209098_95060'

2023-01-14 17:44:53[WARN] user: dan
GET /orders
USE eager loading detected
  Cart => [:line_items]
  Add to your query: .includes([:line_items])
Call stack
  /home/dan/RubyHW/HW12/Shop/app/models/cart.rb:26:in `map'
  /home/dan/RubyHW/HW12/Shop/app/models/cart.rb:26:in `sum_price'
  /home/dan/RubyHW/HW12/Shop/app/views/orders/index.html.erb:25:in `block in _app_views_orders_index_html_erb__3726546502492209098_95060'
  /home/dan/RubyHW/HW12/Shop/app/views/orders/index.html.erb:5:in `_app_views_orders_index_html_erb__3726546502492209098_95060'

2023-01-14 17:47:42[WARN] user: dan
GET /orders
USE eager loading detected
  Cart => [:line_items]
  Add to your query: .includes([:line_items])
Call stack
  /home/dan/RubyHW/HW12/Shop/app/models/cart.rb:26:in `map'
  /home/dan/RubyHW/HW12/Shop/app/models/cart.rb:26:in `sum_price'
  /home/dan/RubyHW/HW12/Shop/app/views/orders/index.html.erb:25:in `block in _app_views_orders_index_html_erb__3726546502492209098_96860'
  /home/dan/RubyHW/HW12/Shop/app/views/orders/index.html.erb:5:in `_app_views_orders_index_html_erb__3726546502492209098_96860'

2023-01-14 17:50:47[WARN] user: dan
GET /orders
USE eager loading detected
  Cart => [:line_items]
  Add to your query: .includes([:line_items])
Call stack
  /home/dan/RubyHW/HW12/Shop/app/models/cart.rb:26:in `map'
  /home/dan/RubyHW/HW12/Shop/app/models/cart.rb:26:in `sum_price'
  /home/dan/RubyHW/HW12/Shop/app/views/orders/index.html.erb:25:in `block in _app_views_orders_index_html_erb__3726546502492209098_99360'
  /home/dan/RubyHW/HW12/Shop/app/views/orders/index.html.erb:5:in `_app_views_orders_index_html_erb__3726546502492209098_99360'

2023-01-14 17:54:13[WARN] user: dan
GET /orders
USE eager loading detected
  Cart => [:line_items]
  Add to your query: .includes([:line_items])
Call stack
  /home/dan/RubyHW/HW12/Shop/app/models/cart.rb:26:in `map'
  /home/dan/RubyHW/HW12/Shop/app/models/cart.rb:26:in `sum_price'
  /home/dan/RubyHW/HW12/Shop/app/views/orders/index.html.erb:25:in `block in _app_views_orders_index_html_erb__3726546502492209098_100780'
  /home/dan/RubyHW/HW12/Shop/app/views/orders/index.html.erb:5:in `_app_views_orders_index_html_erb__3726546502492209098_100780'

2023-01-14 17:56:20[WARN] user: dan
GET /orders
USE eager loading detected
  Cart => [:line_items]
  Add to your query: .includes([:line_items])
Call stack
  /home/dan/RubyHW/HW12/Shop/app/models/cart.rb:26:in `map'
  /home/dan/RubyHW/HW12/Shop/app/models/cart.rb:26:in `sum_price'
  /home/dan/RubyHW/HW12/Shop/app/views/orders/index.html.erb:25:in `block in _app_views_orders_index_html_erb__3726546502492209098_101740'
  /home/dan/RubyHW/HW12/Shop/app/views/orders/index.html.erb:5:in `_app_views_orders_index_html_erb__3726546502492209098_101740'

2023-01-14 17:59:29[WARN] user: dan
GET /orders
USE eager loading detected
  Order => [:cart]
  Add to your query: .includes([:cart])
Call stack
  /home/dan/RubyHW/HW12/Shop/app/views/orders/index.html.erb:13:in `block in _app_views_orders_index_html_erb__3726546502492209098_102000'
  /home/dan/RubyHW/HW12/Shop/app/views/orders/index.html.erb:5:in `_app_views_orders_index_html_erb__3726546502492209098_102000'

2023-01-14 18:01:05[WARN] user: dan
GET /orders
USE eager loading detected
  Cart => [:line_items]
  Add to your query: .includes([:line_items])
Call stack
  /home/dan/RubyHW/HW12/Shop/app/models/cart.rb:26:in `map'
  /home/dan/RubyHW/HW12/Shop/app/models/cart.rb:26:in `sum_price'
  /home/dan/RubyHW/HW12/Shop/app/views/orders/index.html.erb:25:in `block in _app_views_orders_index_html_erb__3726546502492209098_102000'
  /home/dan/RubyHW/HW12/Shop/app/views/orders/index.html.erb:5:in `_app_views_orders_index_html_erb__3726546502492209098_102000'

2023-01-14 18:02:05[WARN] user: dan
GET /orders
USE eager loading detected
  Cart => [:line_items]
  Add to your query: .includes([:line_items])
Call stack
  /home/dan/RubyHW/HW12/Shop/app/models/cart.rb:26:in `map'
  /home/dan/RubyHW/HW12/Shop/app/models/cart.rb:26:in `sum_price'
  /home/dan/RubyHW/HW12/Shop/app/views/orders/index.html.erb:25:in `block in _app_views_orders_index_html_erb__3726546502492209098_122520'
  /home/dan/RubyHW/HW12/Shop/app/views/orders/index.html.erb:5:in `_app_views_orders_index_html_erb__3726546502492209098_122520'

2023-01-14 18:02:18[WARN] user: dan
GET /orders
USE eager loading detected
  Cart => [:line_items]
  Add to your query: .includes([:line_items])
Call stack
  /home/dan/RubyHW/HW12/Shop/app/models/cart.rb:26:in `map'
  /home/dan/RubyHW/HW12/Shop/app/models/cart.rb:26:in `sum_price'
  /home/dan/RubyHW/HW12/Shop/app/views/orders/index.html.erb:25:in `block in _app_views_orders_index_html_erb__3726546502492209098_122520'
  /home/dan/RubyHW/HW12/Shop/app/views/orders/index.html.erb:5:in `_app_views_orders_index_html_erb__3726546502492209098_122520'

2023-01-14 18:02:34[WARN] user: dan
GET /orders
USE eager loading detected
  Cart => [:line_items]
  Add to your query: .includes([:line_items])
Call stack
  /home/dan/RubyHW/HW12/Shop/app/models/cart.rb:26:in `map'
  /home/dan/RubyHW/HW12/Shop/app/models/cart.rb:26:in `sum_price'
  /home/dan/RubyHW/HW12/Shop/app/views/orders/index.html.erb:25:in `block in _app_views_orders_index_html_erb__3726546502492209098_122520'
  /home/dan/RubyHW/HW12/Shop/app/views/orders/index.html.erb:5:in `_app_views_orders_index_html_erb__3726546502492209098_122520'

2023-01-14 18:02:45[WARN] user: dan
GET /orders
USE eager loading detected
  Cart => [:line_items]
  Add to your query: .includes([:line_items])
Call stack
  /home/dan/RubyHW/HW12/Shop/app/models/cart.rb:26:in `map'
  /home/dan/RubyHW/HW12/Shop/app/models/cart.rb:26:in `sum_price'
  /home/dan/RubyHW/HW12/Shop/app/views/orders/index.html.erb:25:in `block in _app_views_orders_index_html_erb__3726546502492209098_122520'
  /home/dan/RubyHW/HW12/Shop/app/views/orders/index.html.erb:5:in `_app_views_orders_index_html_erb__3726546502492209098_122520'

2023-01-14 18:05:08[WARN] user: dan
GET /orders
USE eager loading detected
  Cart => [:line_items]
  Add to your query: .includes([:line_items])
Call stack
  /home/dan/RubyHW/HW12/Shop/app/models/cart.rb:26:in `map'
  /home/dan/RubyHW/HW12/Shop/app/models/cart.rb:26:in `sum_price'
  /home/dan/RubyHW/HW12/Shop/app/views/orders/index.html.erb:25:in `block in _app_views_orders_index_html_erb__3726546502492209098_143600'
  /home/dan/RubyHW/HW12/Shop/app/views/orders/index.html.erb:5:in `_app_views_orders_index_html_erb__3726546502492209098_143600'

2023-01-14 18:10:05[WARN] user: dan
GET /orders
USE eager loading detected
  Cart => [:line_items]
  Add to your query: .includes([:line_items])
Call stack
  /home/dan/RubyHW/HW12/Shop/app/models/cart.rb:26:in `map'
  /home/dan/RubyHW/HW12/Shop/app/models/cart.rb:26:in `sum_price'
  /home/dan/RubyHW/HW12/Shop/app/views/orders/index.html.erb:25:in `block in _app_views_orders_index_html_erb__3726546502492209098_224220'
  /home/dan/RubyHW/HW12/Shop/app/views/orders/index.html.erb:5:in `_app_views_orders_index_html_erb__3726546502492209098_224220'

2023-01-14 18:10:18[WARN] user: dan
GET /orders
USE eager loading detected
  Cart => [:line_items]
  Add to your query: .includes([:line_items])
Call stack
  /home/dan/RubyHW/HW12/Shop/app/models/cart.rb:26:in `map'
  /home/dan/RubyHW/HW12/Shop/app/models/cart.rb:26:in `sum_price'
  /home/dan/RubyHW/HW12/Shop/app/views/orders/index.html.erb:25:in `block in _app_views_orders_index_html_erb__3726546502492209098_224220'
  /home/dan/RubyHW/HW12/Shop/app/views/orders/index.html.erb:5:in `_app_views_orders_index_html_erb__3726546502492209098_224220'

2023-01-14 18:12:28[WARN] user: dan
GET /orders
USE eager loading detected
  Cart => [:line_items]
  Add to your query: .includes([:line_items])
Call stack
  /home/dan/RubyHW/HW12/Shop/app/views/orders/index.html.erb:13:in `block in _app_views_orders_index_html_erb__3726546502492209098_226420'
  /home/dan/RubyHW/HW12/Shop/app/views/orders/index.html.erb:5:in `_app_views_orders_index_html_erb__3726546502492209098_226420'

2023-01-14 18:12:28[WARN] user: dan
GET /orders
USE eager loading detected
  LineItem => [:product]
  Add to your query: .includes([:product])
Call stack
  /home/dan/RubyHW/HW12/Shop/app/views/orders/index.html.erb:15:in `block (2 levels) in _app_views_orders_index_html_erb__3726546502492209098_226420'
  /home/dan/RubyHW/HW12/Shop/app/views/orders/index.html.erb:13:in `block in _app_views_orders_index_html_erb__3726546502492209098_226420'
  /home/dan/RubyHW/HW12/Shop/app/views/orders/index.html.erb:5:in `_app_views_orders_index_html_erb__3726546502492209098_226420'

2023-01-14 18:13:24[WARN] user: dan
GET /orders
USE eager loading detected
  Cart => [:line_items]
  Add to your query: .includes([:line_items])
Call stack
  /home/dan/RubyHW/HW12/Shop/app/models/cart.rb:26:in `map'
  /home/dan/RubyHW/HW12/Shop/app/models/cart.rb:26:in `sum_price'
  /home/dan/RubyHW/HW12/Shop/app/views/orders/index.html.erb:25:in `block in _app_views_orders_index_html_erb__3726546502492209098_226540'
  /home/dan/RubyHW/HW12/Shop/app/views/orders/index.html.erb:5:in `_app_views_orders_index_html_erb__3726546502492209098_226540'

2023-01-14 18:19:05[WARN] user: dan
GET /orders
USE eager loading detected
  Cart => [:line_items]
  Add to your query: .includes([:line_items])
Call stack
  /home/dan/RubyHW/HW12/Shop/app/models/cart.rb:26:in `map'
  /home/dan/RubyHW/HW12/Shop/app/models/cart.rb:26:in `sum_price'
  /home/dan/RubyHW/HW12/Shop/app/views/orders/index.html.erb:25:in `block in _app_views_orders_index_html_erb__3726546502492209098_285800'
  /home/dan/RubyHW/HW12/Shop/app/views/orders/index.html.erb:5:in `_app_views_orders_index_html_erb__3726546502492209098_285800'

2023-01-14 18:20:34[WARN] user: dan
GET /orders
USE eager loading detected
  Cart => [:line_items]
  Add to your query: .includes([:line_items])
Call stack
  /home/dan/RubyHW/HW12/Shop/app/models/cart.rb:26:in `map'
  /home/dan/RubyHW/HW12/Shop/app/models/cart.rb:26:in `sum_price'
  /home/dan/RubyHW/HW12/Shop/app/views/orders/index.html.erb:25:in `block in _app_views_orders_index_html_erb__3726546502492209098_285800'
  /home/dan/RubyHW/HW12/Shop/app/views/orders/index.html.erb:5:in `_app_views_orders_index_html_erb__3726546502492209098_285800'

2023-01-14 18:30:29[WARN] user: dan
GET /orders
USE eager loading detected
  Order => [:cart]
  Add to your query: .includes([:cart])
Call stack
  /home/dan/RubyHW/HW12/Shop/app/views/orders/index.html.erb:13:in `block in _app_views_orders_index_html_erb___1820818414487428308_41520'
  /home/dan/RubyHW/HW12/Shop/app/views/orders/index.html.erb:5:in `_app_views_orders_index_html_erb___1820818414487428308_41520'

