Started GET "/" for ::1 at 2022-11-16 20:51:25 +0200
  
ActiveRecord::NoDatabaseError (We could not find your database: Stories_development. Which can be found in the database configuration file located at config/database.yml.

To resolve this issue:

- Did you create the database for this app, or delete it? You may need to create your database.
- Has the database name changed? Check your database.yml config has the correct database name.

To create your database, run:

        bin/rails db:create
):
  
activerecord (7.0.4) lib/active_record/connection_adapters/postgresql_adapter.rb:81:in `rescue in new_client'
activerecord (7.0.4) lib/active_record/connection_adapters/postgresql_adapter.rb:77:in `new_client'
activerecord (7.0.4) lib/active_record/connection_adapters/postgresql_adapter.rb:37:in `postgresql_connection'
activerecord (7.0.4) lib/active_record/connection_adapters/abstract/connection_pool.rb:656:in `public_send'
activerecord (7.0.4) lib/active_record/connection_adapters/abstract/connection_pool.rb:656:in `new_connection'
activerecord (7.0.4) lib/active_record/connection_adapters/abstract/connection_pool.rb:700:in `checkout_new_connection'
activerecord (7.0.4) lib/active_record/connection_adapters/abstract/connection_pool.rb:679:in `try_to_checkout_new_connection'
activerecord (7.0.4) lib/active_record/connection_adapters/abstract/connection_pool.rb:640:in `acquire_connection'
activerecord (7.0.4) lib/active_record/connection_adapters/abstract/connection_pool.rb:341:in `checkout'
activerecord (7.0.4) lib/active_record/connection_adapters/abstract/connection_pool.rb:181:in `connection'
activerecord (7.0.4) lib/active_record/connection_adapters/abstract/connection_handler.rb:211:in `retrieve_connection'
activerecord (7.0.4) lib/active_record/connection_handling.rb:313:in `retrieve_connection'
activerecord (7.0.4) lib/active_record/connection_handling.rb:280:in `connection'
activerecord (7.0.4) lib/active_record/migration.rb:613:in `connection'
activerecord (7.0.4) lib/active_record/migration.rb:608:in `build_watcher'
activerecord (7.0.4) lib/active_record/migration.rb:590:in `block in call'
activerecord (7.0.4) lib/active_record/migration.rb:589:in `synchronize'
activerecord (7.0.4) lib/active_record/migration.rb:589:in `call'
actionpack (7.0.4) lib/action_dispatch/middleware/callbacks.rb:27:in `block in call'
activesupport (7.0.4) lib/active_support/callbacks.rb:99:in `run_callbacks'
actionpack (7.0.4) lib/action_dispatch/middleware/callbacks.rb:26:in `call'
actionpack (7.0.4) lib/action_dispatch/middleware/executor.rb:14:in `call'
actionpack (7.0.4) lib/action_dispatch/middleware/actionable_exceptions.rb:17:in `call'
actionpack (7.0.4) lib/action_dispatch/middleware/debug_exceptions.rb:28:in `call'
actionpack (7.0.4) lib/action_dispatch/middleware/show_exceptions.rb:26:in `call'
railties (7.0.4) lib/rails/rack/logger.rb:40:in `call_app'
railties (7.0.4) lib/rails/rack/logger.rb:25:in `block in call'
activesupport (7.0.4) lib/active_support/tagged_logging.rb:99:in `block in tagged'
activesupport (7.0.4) lib/active_support/tagged_logging.rb:37:in `tagged'
activesupport (7.0.4) lib/active_support/tagged_logging.rb:99:in `tagged'
railties (7.0.4) lib/rails/rack/logger.rb:25:in `call'
actionpack (7.0.4) lib/action_dispatch/middleware/remote_ip.rb:93:in `call'
actionpack (7.0.4) lib/action_dispatch/middleware/request_id.rb:26:in `call'
rack (2.2.4) lib/rack/runtime.rb:22:in `call'
activesupport (7.0.4) lib/active_support/cache/strategy/local_cache_middleware.rb:29:in `call'
actionpack (7.0.4) lib/action_dispatch/middleware/server_timing.rb:61:in `block in call'
actionpack (7.0.4) lib/action_dispatch/middleware/server_timing.rb:26:in `collect_events'
actionpack (7.0.4) lib/action_dispatch/middleware/server_timing.rb:60:in `call'
actionpack (7.0.4) lib/action_dispatch/middleware/executor.rb:14:in `call'
actionpack (7.0.4) lib/action_dispatch/middleware/static.rb:23:in `call'
rack (2.2.4) lib/rack/sendfile.rb:110:in `call'
actionpack (7.0.4) lib/action_dispatch/middleware/host_authorization.rb:137:in `call'
railties (7.0.4) lib/rails/engine.rb:530:in `call'
puma (5.6.5) lib/puma/configuration.rb:252:in `call'
puma (5.6.5) lib/puma/request.rb:77:in `block in handle_request'
puma (5.6.5) lib/puma/thread_pool.rb:340:in `with_force_shutdown'
puma (5.6.5) lib/puma/request.rb:76:in `handle_request'
puma (5.6.5) lib/puma/server.rb:443:in `process_client'
puma (5.6.5) lib/puma/thread_pool.rb:147:in `block in spawn_thread'
Started GET "/favicon.ico" for ::1 at 2022-11-16 20:51:26 +0200
  
ActiveRecord::NoDatabaseError (We could not find your database: Stories_development. Which can be found in the database configuration file located at config/database.yml.

To resolve this issue:

- Did you create the database for this app, or delete it? You may need to create your database.
- Has the database name changed? Check your database.yml config has the correct database name.

To create your database, run:

        bin/rails db:create
):
  
activerecord (7.0.4) lib/active_record/connection_adapters/postgresql_adapter.rb:81:in `rescue in new_client'
activerecord (7.0.4) lib/active_record/connection_adapters/postgresql_adapter.rb:77:in `new_client'
activerecord (7.0.4) lib/active_record/connection_adapters/postgresql_adapter.rb:37:in `postgresql_connection'
activerecord (7.0.4) lib/active_record/connection_adapters/abstract/connection_pool.rb:656:in `public_send'
activerecord (7.0.4) lib/active_record/connection_adapters/abstract/connection_pool.rb:656:in `new_connection'
activerecord (7.0.4) lib/active_record/connection_adapters/abstract/connection_pool.rb:700:in `checkout_new_connection'
activerecord (7.0.4) lib/active_record/connection_adapters/abstract/connection_pool.rb:679:in `try_to_checkout_new_connection'
activerecord (7.0.4) lib/active_record/connection_adapters/abstract/connection_pool.rb:640:in `acquire_connection'
activerecord (7.0.4) lib/active_record/connection_adapters/abstract/connection_pool.rb:341:in `checkout'
activerecord (7.0.4) lib/active_record/connection_adapters/abstract/connection_pool.rb:181:in `connection'
activerecord (7.0.4) lib/active_record/connection_adapters/abstract/connection_handler.rb:211:in `retrieve_connection'
activerecord (7.0.4) lib/active_record/connection_handling.rb:313:in `retrieve_connection'
activerecord (7.0.4) lib/active_record/connection_handling.rb:280:in `connection'
activerecord (7.0.4) lib/active_record/migration.rb:613:in `connection'
activerecord (7.0.4) lib/active_record/migration.rb:608:in `build_watcher'
activerecord (7.0.4) lib/active_record/migration.rb:590:in `block in call'
activerecord (7.0.4) lib/active_record/migration.rb:589:in `synchronize'
activerecord (7.0.4) lib/active_record/migration.rb:589:in `call'
actionpack (7.0.4) lib/action_dispatch/middleware/callbacks.rb:27:in `block in call'
activesupport (7.0.4) lib/active_support/callbacks.rb:99:in `run_callbacks'
actionpack (7.0.4) lib/action_dispatch/middleware/callbacks.rb:26:in `call'
actionpack (7.0.4) lib/action_dispatch/middleware/executor.rb:14:in `call'
actionpack (7.0.4) lib/action_dispatch/middleware/actionable_exceptions.rb:17:in `call'
actionpack (7.0.4) lib/action_dispatch/middleware/debug_exceptions.rb:28:in `call'
actionpack (7.0.4) lib/action_dispatch/middleware/show_exceptions.rb:26:in `call'
railties (7.0.4) lib/rails/rack/logger.rb:40:in `call_app'
railties (7.0.4) lib/rails/rack/logger.rb:25:in `block in call'
activesupport (7.0.4) lib/active_support/tagged_logging.rb:99:in `block in tagged'
activesupport (7.0.4) lib/active_support/tagged_logging.rb:37:in `tagged'
activesupport (7.0.4) lib/active_support/tagged_logging.rb:99:in `tagged'
railties (7.0.4) lib/rails/rack/logger.rb:25:in `call'
actionpack (7.0.4) lib/action_dispatch/middleware/remote_ip.rb:93:in `call'
actionpack (7.0.4) lib/action_dispatch/middleware/request_id.rb:26:in `call'
rack (2.2.4) lib/rack/runtime.rb:22:in `call'
activesupport (7.0.4) lib/active_support/cache/strategy/local_cache_middleware.rb:29:in `call'
actionpack (7.0.4) lib/action_dispatch/middleware/server_timing.rb:61:in `block in call'
actionpack (7.0.4) lib/action_dispatch/middleware/server_timing.rb:26:in `collect_events'
actionpack (7.0.4) lib/action_dispatch/middleware/server_timing.rb:60:in `call'
actionpack (7.0.4) lib/action_dispatch/middleware/executor.rb:14:in `call'
actionpack (7.0.4) lib/action_dispatch/middleware/static.rb:23:in `call'
rack (2.2.4) lib/rack/sendfile.rb:110:in `call'
actionpack (7.0.4) lib/action_dispatch/middleware/host_authorization.rb:137:in `call'
railties (7.0.4) lib/rails/engine.rb:530:in `call'
puma (5.6.5) lib/puma/configuration.rb:252:in `call'
puma (5.6.5) lib/puma/request.rb:77:in `block in handle_request'
puma (5.6.5) lib/puma/thread_pool.rb:340:in `with_force_shutdown'
puma (5.6.5) lib/puma/request.rb:76:in `handle_request'
puma (5.6.5) lib/puma/server.rb:443:in `process_client'
puma (5.6.5) lib/puma/thread_pool.rb:147:in `block in spawn_thread'
  [1m[35m (1669.1ms)[0m  [1m[35mCREATE DATABASE "Stories_development" ENCODING = 'unicode'[0m
  [1m[35m (682.1ms)[0m  [1m[35mCREATE DATABASE "Stories_test" ENCODING = 'unicode'[0m
  [1m[35m (268.2ms)[0m  [1m[35mCREATE TABLE "schema_migrations" ("version" character varying NOT NULL PRIMARY KEY)[0m
  [1m[35m (92.6ms)[0m  [1m[35mCREATE TABLE "ar_internal_metadata" ("key" character varying NOT NULL PRIMARY KEY, "value" character varying, "created_at" timestamp(6) NOT NULL, "updated_at" timestamp(6) NOT NULL)[0m
  [1m[35m (0.4ms)[0m  [1m[34mSELECT pg_try_advisory_lock(7399495298708468970)[0m
  [1m[36mActiveRecord::SchemaMigration Pluck (0.6ms)[0m  [1m[34mSELECT "schema_migrations"."version" FROM "schema_migrations" ORDER BY "schema_migrations"."version" ASC[0m
Migrating to CreateArticles (20221116202528)
  [1m[36mTRANSACTION (0.2ms)[0m  [1m[35mBEGIN[0m
  [1m[35m (148.4ms)[0m  [1m[35mCREATE TABLE "articles" ("id" bigserial primary key, "title" character varying, "body" text, "created_at" timestamp(6) NOT NULL, "updated_at" timestamp(6) NOT NULL)[0m
  [1m[36mActiveRecord::SchemaMigration Create (25.8ms)[0m  [1m[32mINSERT INTO "schema_migrations" ("version") VALUES ($1) RETURNING "version"[0m  [["version", "20221116202528"]]
  [1m[36mTRANSACTION (15.6ms)[0m  [1m[35mCOMMIT[0m
  [1m[36mActiveRecord::InternalMetadata Load (1.1ms)[0m  [1m[34mSELECT "ar_internal_metadata".* FROM "ar_internal_metadata" WHERE "ar_internal_metadata"."key" = $1 LIMIT $2[0m  [["key", "environment"], ["LIMIT", 1]]
  [1m[36mTRANSACTION (0.3ms)[0m  [1m[35mBEGIN[0m
  [1m[36mActiveRecord::InternalMetadata Create (1.2ms)[0m  [1m[32mINSERT INTO "ar_internal_metadata" ("key", "value", "created_at", "updated_at") VALUES ($1, $2, $3, $4) RETURNING "key"[0m  [["key", "environment"], ["value", "development"], ["created_at", "2022-11-16 20:26:21.434690"], ["updated_at", "2022-11-16 20:26:21.434690"]]
  [1m[36mTRANSACTION (7.1ms)[0m  [1m[35mCOMMIT[0m
  [1m[35m (0.7ms)[0m  [1m[34mSELECT pg_advisory_unlock(7399495298708468970)[0m
  [1m[36mActiveRecord::SchemaMigration Pluck (0.8ms)[0m  [1m[34mSELECT "schema_migrations"."version" FROM "schema_migrations" ORDER BY "schema_migrations"."version" ASC[0m
Started GET "/" for ::1 at 2022-11-16 23:11:18 +0200
  [1m[36mActiveRecord::SchemaMigration Pluck (0.9ms)[0m  [1m[34mSELECT "schema_migrations"."version" FROM "schema_migrations" ORDER BY "schema_migrations"."version" ASC[0m
Processing by Api::V1::ArticlesController#index as HTML
Completed 204 No Content in 193ms (ActiveRecord: 0.0ms | Allocations: 14443)


Started GET "/" for ::1 at 2022-11-16 23:15:12 +0200
Processing by Api::V1::ArticlesController#index as HTML
Completed 200 OK in 1ms (Views: 0.2ms | ActiveRecord: 0.0ms | Allocations: 247)


Started GET "/favicon.ico" for ::1 at 2022-11-16 23:15:13 +0200
  
ActionController::RoutingError (No route matches [GET] "/favicon.ico"):
  
Started GET "/routes" for ::1 at 2022-11-16 23:15:45 +0200
  
ActionController::RoutingError (No route matches [GET] "/routes"):
  
Started GET "/api/v1/articles" for ::1 at 2022-11-16 23:16:26 +0200
Processing by Api::V1::ArticlesController#index as */*
Completed 200 OK in 1ms (Views: 0.2ms | ActiveRecord: 0.0ms | Allocations: 107)


Started POST "/api/v1/articles" for ::1 at 2022-11-16 23:16:46 +0200
Processing by Api::V1::ArticlesController#create as */*
Completed 200 OK in 0ms (Views: 0.1ms | ActiveRecord: 0.0ms | Allocations: 76)


  [1m[36mTRANSACTION (0.2ms)[0m  [1m[35mBEGIN[0m
  [1m[36mArticle Create (34.7ms)[0m  [1m[32mINSERT INTO "articles" ("title", "body", "created_at", "updated_at") VALUES ($1, $2, $3, $4) RETURNING "id"[0m  [["title", "Title"], ["body", "Body"], ["created_at", "2022-11-16 21:21:42.547240"], ["updated_at", "2022-11-16 21:21:42.547240"]]
  [1m[36mTRANSACTION (40.5ms)[0m  [1m[35mCOMMIT[0m
Started GET "/api/v1/articles" for ::1 at 2022-11-16 23:22:35 +0200
Processing by Api::V1::ArticlesController#index as */*
  [1m[36mArticle Load (0.6ms)[0m  [1m[34mSELECT "articles".* FROM "articles"[0m
  ↳ app/controllers/api/v1/articles_controller.rb:5:in `index'
Completed 200 OK in 54ms (Views: 49.9ms | ActiveRecord: 18.1ms | Allocations: 20267)


Started POST "/api/v1/articles" for ::1 at 2022-11-16 23:36:49 +0200
Processing by Api::V1::ArticlesController#create as */*
  Parameters: {"title"=>"Two", "body"=>"Body two", "article"=>{"title"=>"Two", "body"=>"Body two"}}
Completed 500 Internal Server Error in 3ms (ActiveRecord: 9.2ms | Allocations: 1487)


  
ActiveModel::UnknownAttributeError (unknown attribute 'tille' for Article.):
  
app/controllers/api/v1/articles_controller.rb:9:in `create'
Started GET "/api/v1/articles" for ::1 at 2022-11-16 23:37:33 +0200
Processing by Api::V1::ArticlesController#index as */*
  Parameters: {"title"=>"Two", "body"=>"Body two", "article"=>{"title"=>"Two", "body"=>"Body two"}}
  [1m[36mArticle Load (1.0ms)[0m  [1m[34mSELECT "articles".* FROM "articles"[0m
  ↳ app/controllers/api/v1/articles_controller.rb:5:in `index'
Completed 200 OK in 6ms (Views: 4.2ms | ActiveRecord: 1.0ms | Allocations: 1075)


Started POST "/api/v1/articles" for ::1 at 2022-11-16 23:38:23 +0200
Processing by Api::V1::ArticlesController#create as */*
  Parameters: {"title"=>"Two", "body"=>"Body two", "article"=>{"title"=>"Two", "body"=>"Body two"}}
  [1m[36mTRANSACTION (0.2ms)[0m  [1m[35mBEGIN[0m
  ↳ app/controllers/api/v1/articles_controller.rb:10:in `create'
  [1m[36mArticle Create (0.7ms)[0m  [1m[32mINSERT INTO "articles" ("title", "body", "created_at", "updated_at") VALUES ($1, $2, $3, $4) RETURNING "id"[0m  [["title", "Two"], ["body", "Body two"], ["created_at", "2022-11-16 21:38:24.034962"], ["updated_at", "2022-11-16 21:38:24.034962"]]
  ↳ app/controllers/api/v1/articles_controller.rb:10:in `create'
  [1m[36mTRANSACTION (13.7ms)[0m  [1m[35mCOMMIT[0m
  ↳ app/controllers/api/v1/articles_controller.rb:10:in `create'
Completed 200 OK in 32ms (Views: 0.5ms | ActiveRecord: 23.4ms | Allocations: 3748)


Started POST "/api/v1/articles" for ::1 at 2022-11-16 23:39:09 +0200
Processing by Api::V1::ArticlesController#create as */*
  Parameters: {"title"=>"Two", "body"=>"Body two", "article"=>{"title"=>"Two", "body"=>"Body two"}}
  [1m[36mTRANSACTION (0.2ms)[0m  [1m[35mBEGIN[0m
  ↳ app/controllers/api/v1/articles_controller.rb:10:in `create'
  [1m[36mArticle Create (0.5ms)[0m  [1m[32mINSERT INTO "articles" ("title", "body", "created_at", "updated_at") VALUES ($1, $2, $3, $4) RETURNING "id"[0m  [["title", "Two"], ["body", "Body two"], ["created_at", "2022-11-16 21:39:09.842608"], ["updated_at", "2022-11-16 21:39:09.842608"]]
  ↳ app/controllers/api/v1/articles_controller.rb:10:in `create'
  [1m[36mTRANSACTION (14.4ms)[0m  [1m[35mCOMMIT[0m
  ↳ app/controllers/api/v1/articles_controller.rb:10:in `create'
Completed 200 OK in 24ms (Views: 0.6ms | ActiveRecord: 15.1ms | Allocations: 1796)


Started GET "/api/v1/articles" for ::1 at 2022-11-16 23:39:42 +0200
Processing by Api::V1::ArticlesController#index as */*
  Parameters: {"title"=>"Two", "body"=>"Body two", "article"=>{"title"=>"Two", "body"=>"Body two"}}
  [1m[36mArticle Load (0.4ms)[0m  [1m[34mSELECT "articles".* FROM "articles"[0m
  ↳ app/controllers/api/v1/articles_controller.rb:5:in `index'
Completed 200 OK in 6ms (Views: 5.5ms | ActiveRecord: 0.4ms | Allocations: 1049)


Started POST "/api/v1/articles" for ::1 at 2022-11-16 23:39:49 +0200
Processing by Api::V1::ArticlesController#create as */*
  Parameters: {"title"=>"Two", "body"=>"Body two", "article"=>{"title"=>"Two", "body"=>"Body two"}}
  [1m[36mTRANSACTION (0.2ms)[0m  [1m[35mBEGIN[0m
  ↳ app/controllers/api/v1/articles_controller.rb:10:in `create'
  [1m[36mArticle Create (13.2ms)[0m  [1m[32mINSERT INTO "articles" ("title", "body", "created_at", "updated_at") VALUES ($1, $2, $3, $4) RETURNING "id"[0m  [["title", "Two"], ["body", "Body two"], ["created_at", "2022-11-16 21:39:49.624262"], ["updated_at", "2022-11-16 21:39:49.624262"]]
  ↳ app/controllers/api/v1/articles_controller.rb:10:in `create'
  [1m[36mTRANSACTION (26.0ms)[0m  [1m[35mCOMMIT[0m
  ↳ app/controllers/api/v1/articles_controller.rb:10:in `create'
Completed 200 OK in 47ms (Views: 0.4ms | ActiveRecord: 39.4ms | Allocations: 1795)


Started GET "/api/v1/articles/2" for ::1 at 2022-11-16 23:51:26 +0200
Processing by Api::V1::ArticlesController#show as */*
  Parameters: {"title"=>"Two", "body"=>"Body two", "id"=>"2", "article"=>{"title"=>"Two", "body"=>"Body two"}}
  [1m[36mArticle Load (0.7ms)[0m  [1m[34mSELECT "articles".* FROM "articles" WHERE "articles"."id" = $1 LIMIT $2[0m  [["id", 2], ["LIMIT", 1]]
  ↳ app/controllers/api/v1/articles_controller.rb:16:in `show'
Completed 200 OK in 61ms (Views: 0.6ms | ActiveRecord: 10.2ms | Allocations: 3183)


Started PATCH "/api/v1/articles/1" for ::1 at 2022-11-16 23:57:11 +0200
Processing by Api::V1::ArticlesController#update as */*
  Parameters: {"title"=>"Two", "body"=>"Body two", "id"=>"1", "article"=>{"title"=>"Two", "body"=>"Body two"}}
  [1m[36mArticle Load (0.4ms)[0m  [1m[34mSELECT "articles".* FROM "articles" WHERE "articles"."id" = $1 LIMIT $2[0m  [["id", 1], ["LIMIT", 1]]
  ↳ app/controllers/api/v1/articles_controller.rb:22:in `update'
  [1m[36mTRANSACTION (0.2ms)[0m  [1m[35mBEGIN[0m
  ↳ app/controllers/api/v1/articles_controller.rb:23:in `update'
  [1m[36mArticle Update (0.7ms)[0m  [1m[33mUPDATE "articles" SET "body" = $1, "updated_at" = $2 WHERE "articles"."id" = $3[0m  [["body", "Body two"], ["updated_at", "2022-11-16 21:57:11.948186"], ["id", 1]]
  ↳ app/controllers/api/v1/articles_controller.rb:23:in `update'
  [1m[36mTRANSACTION (35.5ms)[0m  [1m[35mCOMMIT[0m
  ↳ app/controllers/api/v1/articles_controller.rb:23:in `update'
Completed 200 OK in 53ms (Views: 0.6ms | ActiveRecord: 45.2ms | Allocations: 4129)


Started PATCH "/api/v1/articles/1" for ::1 at 2022-11-16 23:58:57 +0200
Processing by Api::V1::ArticlesController#update as */*
  Parameters: {"body"=>"Body one", "id"=>"1", "article"=>{"body"=>"Body one"}}
  [1m[36mArticle Load (0.4ms)[0m  [1m[34mSELECT "articles".* FROM "articles" WHERE "articles"."id" = $1 LIMIT $2[0m  [["id", 1], ["LIMIT", 1]]
  ↳ app/controllers/api/v1/articles_controller.rb:22:in `update'
  [1m[36mTRANSACTION (0.2ms)[0m  [1m[35mBEGIN[0m
  ↳ app/controllers/api/v1/articles_controller.rb:23:in `update'
  [1m[36mArticle Update (22.6ms)[0m  [1m[33mUPDATE "articles" SET "body" = $1, "updated_at" = $2 WHERE "articles"."id" = $3[0m  [["body", "Body one"], ["updated_at", "2022-11-16 21:58:57.290889"], ["id", 1]]
  ↳ app/controllers/api/v1/articles_controller.rb:23:in `update'
  [1m[36mTRANSACTION (20.1ms)[0m  [1m[35mCOMMIT[0m
  ↳ app/controllers/api/v1/articles_controller.rb:23:in `update'
Completed 200 OK in 54ms (Views: 0.5ms | ActiveRecord: 43.4ms | Allocations: 2216)


Started DELETE "/api/v1/articles/3" for ::1 at 2022-11-17 00:07:19 +0200
  
AbstractController::ActionNotFound (The action 'destroy' could not be found for Api::V1::ArticlesController):
  
actionpack (7.0.4) lib/abstract_controller/base.rb:146:in `process'
actionpack (7.0.4) lib/action_controller/metal.rb:188:in `dispatch'
actionpack (7.0.4) lib/action_controller/metal.rb:251:in `dispatch'
actionpack (7.0.4) lib/action_dispatch/routing/route_set.rb:49:in `dispatch'
actionpack (7.0.4) lib/action_dispatch/routing/route_set.rb:32:in `serve'
actionpack (7.0.4) lib/action_dispatch/journey/router.rb:50:in `block in serve'
actionpack (7.0.4) lib/action_dispatch/journey/router.rb:32:in `each'
actionpack (7.0.4) lib/action_dispatch/journey/router.rb:32:in `serve'
actionpack (7.0.4) lib/action_dispatch/routing/route_set.rb:852:in `call'
rack (2.2.4) lib/rack/etag.rb:27:in `call'
rack (2.2.4) lib/rack/conditional_get.rb:40:in `call'
rack (2.2.4) lib/rack/head.rb:12:in `call'
activerecord (7.0.4) lib/active_record/migration.rb:603:in `call'
actionpack (7.0.4) lib/action_dispatch/middleware/callbacks.rb:27:in `block in call'
activesupport (7.0.4) lib/active_support/callbacks.rb:99:in `run_callbacks'
actionpack (7.0.4) lib/action_dispatch/middleware/callbacks.rb:26:in `call'
actionpack (7.0.4) lib/action_dispatch/middleware/executor.rb:14:in `call'
actionpack (7.0.4) lib/action_dispatch/middleware/actionable_exceptions.rb:17:in `call'
actionpack (7.0.4) lib/action_dispatch/middleware/debug_exceptions.rb:28:in `call'
actionpack (7.0.4) lib/action_dispatch/middleware/show_exceptions.rb:26:in `call'
railties (7.0.4) lib/rails/rack/logger.rb:40:in `call_app'
railties (7.0.4) lib/rails/rack/logger.rb:25:in `block in call'
activesupport (7.0.4) lib/active_support/tagged_logging.rb:99:in `block in tagged'
activesupport (7.0.4) lib/active_support/tagged_logging.rb:37:in `tagged'
activesupport (7.0.4) lib/active_support/tagged_logging.rb:99:in `tagged'
railties (7.0.4) lib/rails/rack/logger.rb:25:in `call'
actionpack (7.0.4) lib/action_dispatch/middleware/remote_ip.rb:93:in `call'
actionpack (7.0.4) lib/action_dispatch/middleware/request_id.rb:26:in `call'
rack (2.2.4) lib/rack/runtime.rb:22:in `call'
activesupport (7.0.4) lib/active_support/cache/strategy/local_cache_middleware.rb:29:in `call'
actionpack (7.0.4) lib/action_dispatch/middleware/server_timing.rb:61:in `block in call'
actionpack (7.0.4) lib/action_dispatch/middleware/server_timing.rb:26:in `collect_events'
actionpack (7.0.4) lib/action_dispatch/middleware/server_timing.rb:60:in `call'
actionpack (7.0.4) lib/action_dispatch/middleware/executor.rb:14:in `call'
actionpack (7.0.4) lib/action_dispatch/middleware/static.rb:23:in `call'
rack (2.2.4) lib/rack/sendfile.rb:110:in `call'
actionpack (7.0.4) lib/action_dispatch/middleware/host_authorization.rb:137:in `call'
railties (7.0.4) lib/rails/engine.rb:530:in `call'
puma (5.6.5) lib/puma/configuration.rb:252:in `call'
puma (5.6.5) lib/puma/request.rb:77:in `block in handle_request'
puma (5.6.5) lib/puma/thread_pool.rb:340:in `with_force_shutdown'
puma (5.6.5) lib/puma/request.rb:76:in `handle_request'
puma (5.6.5) lib/puma/server.rb:443:in `process_client'
puma (5.6.5) lib/puma/thread_pool.rb:147:in `block in spawn_thread'
Started DELETE "/api/v1/articles/3" for ::1 at 2022-11-17 00:07:52 +0200
  
AbstractController::ActionNotFound (The action 'destroy' could not be found for Api::V1::ArticlesController):
  
actionpack (7.0.4) lib/abstract_controller/base.rb:146:in `process'
actionpack (7.0.4) lib/action_controller/metal.rb:188:in `dispatch'
actionpack (7.0.4) lib/action_controller/metal.rb:251:in `dispatch'
actionpack (7.0.4) lib/action_dispatch/routing/route_set.rb:49:in `dispatch'
actionpack (7.0.4) lib/action_dispatch/routing/route_set.rb:32:in `serve'
actionpack (7.0.4) lib/action_dispatch/journey/router.rb:50:in `block in serve'
actionpack (7.0.4) lib/action_dispatch/journey/router.rb:32:in `each'
actionpack (7.0.4) lib/action_dispatch/journey/router.rb:32:in `serve'
actionpack (7.0.4) lib/action_dispatch/routing/route_set.rb:852:in `call'
rack (2.2.4) lib/rack/etag.rb:27:in `call'
rack (2.2.4) lib/rack/conditional_get.rb:40:in `call'
rack (2.2.4) lib/rack/head.rb:12:in `call'
activerecord (7.0.4) lib/active_record/migration.rb:603:in `call'
actionpack (7.0.4) lib/action_dispatch/middleware/callbacks.rb:27:in `block in call'
activesupport (7.0.4) lib/active_support/callbacks.rb:99:in `run_callbacks'
actionpack (7.0.4) lib/action_dispatch/middleware/callbacks.rb:26:in `call'
actionpack (7.0.4) lib/action_dispatch/middleware/executor.rb:14:in `call'
actionpack (7.0.4) lib/action_dispatch/middleware/actionable_exceptions.rb:17:in `call'
actionpack (7.0.4) lib/action_dispatch/middleware/debug_exceptions.rb:28:in `call'
actionpack (7.0.4) lib/action_dispatch/middleware/show_exceptions.rb:26:in `call'
railties (7.0.4) lib/rails/rack/logger.rb:40:in `call_app'
railties (7.0.4) lib/rails/rack/logger.rb:25:in `block in call'
activesupport (7.0.4) lib/active_support/tagged_logging.rb:99:in `block in tagged'
activesupport (7.0.4) lib/active_support/tagged_logging.rb:37:in `tagged'
activesupport (7.0.4) lib/active_support/tagged_logging.rb:99:in `tagged'
railties (7.0.4) lib/rails/rack/logger.rb:25:in `call'
actionpack (7.0.4) lib/action_dispatch/middleware/remote_ip.rb:93:in `call'
actionpack (7.0.4) lib/action_dispatch/middleware/request_id.rb:26:in `call'
rack (2.2.4) lib/rack/runtime.rb:22:in `call'
activesupport (7.0.4) lib/active_support/cache/strategy/local_cache_middleware.rb:29:in `call'
actionpack (7.0.4) lib/action_dispatch/middleware/server_timing.rb:61:in `block in call'
actionpack (7.0.4) lib/action_dispatch/middleware/server_timing.rb:26:in `collect_events'
actionpack (7.0.4) lib/action_dispatch/middleware/server_timing.rb:60:in `call'
actionpack (7.0.4) lib/action_dispatch/middleware/executor.rb:14:in `call'
actionpack (7.0.4) lib/action_dispatch/middleware/static.rb:23:in `call'
rack (2.2.4) lib/rack/sendfile.rb:110:in `call'
actionpack (7.0.4) lib/action_dispatch/middleware/host_authorization.rb:137:in `call'
railties (7.0.4) lib/rails/engine.rb:530:in `call'
puma (5.6.5) lib/puma/configuration.rb:252:in `call'
puma (5.6.5) lib/puma/request.rb:77:in `block in handle_request'
puma (5.6.5) lib/puma/thread_pool.rb:340:in `with_force_shutdown'
puma (5.6.5) lib/puma/request.rb:76:in `handle_request'
puma (5.6.5) lib/puma/server.rb:443:in `process_client'
puma (5.6.5) lib/puma/thread_pool.rb:147:in `block in spawn_thread'
Started GET "/api/v1/articles" for ::1 at 2022-11-17 00:08:29 +0200
Processing by Api::V1::ArticlesController#index as */*
  [1m[36mArticle Load (1.0ms)[0m  [1m[34mSELECT "articles".* FROM "articles"[0m
  ↳ app/controllers/api/v1/articles_controller.rb:5:in `index'
Completed 200 OK in 44ms (Views: 31.4ms | ActiveRecord: 14.1ms | Allocations: 7671)


Started DELETE "/api/v1/articles/4" for ::1 at 2022-11-17 00:09:46 +0200
Processing by Api::V1::ArticlesController#destroy as */*
  Parameters: {"id"=>"4"}
  [1m[36mArticle Load (0.4ms)[0m  [1m[34mSELECT "articles".* FROM "articles" WHERE "articles"."id" = $1 LIMIT $2[0m  [["id", 4], ["LIMIT", 1]]
  ↳ app/controllers/api/v1/articles_controller.rb:29:in `destroy'
  [1m[36mArticle Destroy (26.7ms)[0m  [1m[31mDELETE FROM "articles" WHERE "articles"."id" = $1[0m  [["id", 4]]
  ↳ app/controllers/api/v1/articles_controller.rb:30:in `destroy'
Completed 200 OK in 52ms (Views: 0.4ms | ActiveRecord: 37.6ms | Allocations: 3755)


  [1m[36mActiveRecord::SchemaMigration Pluck (49.1ms)[0m  [1m[34mSELECT "schema_migrations"."version" FROM "schema_migrations" ORDER BY "schema_migrations"."version" ASC[0m
  [1m[36mActiveRecord::SchemaMigration Pluck (49.1ms)[0m  [1m[34mSELECT "schema_migrations"."version" FROM "schema_migrations" ORDER BY "schema_migrations"."version" ASC[0m
Started GET "/api/v1/articles" for ::1 at 2022-11-18 10:39:25 +0200
  [1m[36mActiveRecord::SchemaMigration Pluck (0.7ms)[0m  [1m[34mSELECT "schema_migrations"."version" FROM "schema_migrations" ORDER BY "schema_migrations"."version" ASC[0m
Processing by Api::V1::ArticlesController#index as */*
  [1m[36mArticle Load (78.6ms)[0m  [1m[34mSELECT "articles".* FROM "articles"[0m
  ↳ app/controllers/api/v1/articles_controller.rb:5:in `index'
Completed 200 OK in 286ms (Views: 18.6ms | ActiveRecord: 136.6ms | Allocations: 30548)


Started GET "/api/v1/articles" for ::1 at 2022-11-18 13:00:29 +0200
  [1m[36mActiveRecord::SchemaMigration Pluck (26.1ms)[0m  [1m[34mSELECT "schema_migrations"."version" FROM "schema_migrations" ORDER BY "schema_migrations"."version" ASC[0m
Processing by Api::V1::ArticlesController#index as */*
  [1m[36mArticle Load (17.0ms)[0m  [1m[34mSELECT "articles".* FROM "articles"[0m
  ↳ app/controllers/api/v1/articles_controller.rb:5:in `index'
Completed 200 OK in 302ms (Views: 43.5ms | ActiveRecord: 48.2ms | Allocations: 30500)


Started POST "/api/v1/articles" for ::1 at 2022-11-18 13:02:39 +0200
Processing by Api::V1::ArticlesController#create as */*
  Parameters: {"title"=>"four", "body"=>"Body fpur 4", "article"=>{"title"=>"four", "body"=>"Body fpur 4"}}
  [1m[36mTRANSACTION (0.1ms)[0m  [1m[35mBEGIN[0m
  ↳ app/controllers/api/v1/articles_controller.rb:10:in `create'
  [1m[36mArticle Create (110.0ms)[0m  [1m[32mINSERT INTO "articles" ("title", "body", "created_at", "updated_at") VALUES ($1, $2, $3, $4) RETURNING "id"[0m  [["title", "four"], ["body", "Body fpur 4"], ["created_at", "2022-11-18 11:02:39.989105"], ["updated_at", "2022-11-18 11:02:39.989105"]]
  ↳ app/controllers/api/v1/articles_controller.rb:10:in `create'
  [1m[36mTRANSACTION (30.2ms)[0m  [1m[35mCOMMIT[0m
  ↳ app/controllers/api/v1/articles_controller.rb:10:in `create'
Completed 200 OK in 149ms (Views: 1.8ms | ActiveRecord: 140.4ms | Allocations: 2492)


Started GET "/api/v1/articles" for ::1 at 2022-11-18 13:07:59 +0200
Processing by Api::V1::ArticlesController#index as */*
  Parameters: {"title"=>"Two", "body"=>"Body two", "article"=>{"title"=>"Two", "body"=>"Body two"}}
  [1m[36mArticle Load (0.3ms)[0m  [1m[34mSELECT "articles".* FROM "articles"[0m
  ↳ app/controllers/api/v1/articles_controller.rb:5:in `index'
Completed 200 OK in 3ms (Views: 2.4ms | ActiveRecord: 0.3ms | Allocations: 1032)


Started GET "/api/v1/articles" for ::1 at 2022-11-20 18:37:43 +0200
  [1m[36mActiveRecord::SchemaMigration Pluck (71.1ms)[0m  [1m[34mSELECT "schema_migrations"."version" FROM "schema_migrations" ORDER BY "schema_migrations"."version" ASC[0m
Processing by Api::V1::ArticlesController#index as */*
  [1m[36mArticle Load (51.8ms)[0m  [1m[34mSELECT "articles".* FROM "articles"[0m
  ↳ app/controllers/api/v1/articles_controller.rb:7:in `index'
Completed 200 OK in 302ms (Views: 36.7ms | ActiveRecord: 101.5ms | Allocations: 30856)


Started POST "/api/v1/articles" for ::1 at 2022-11-20 18:38:15 +0200
Processing by Api::V1::ArticlesController#create as */*
  Parameters: {"title"=>"55555", "body"=>"Body 55555", "article"=>{"title"=>"55555", "body"=>"Body 55555"}}
  [1m[36mTRANSACTION (0.2ms)[0m  [1m[35mBEGIN[0m
  ↳ app/controllers/api/v1/articles_controller.rb:12:in `create'
  [1m[36mArticle Create (58.5ms)[0m  [1m[32mINSERT INTO "articles" ("title", "body", "created_at", "updated_at") VALUES ($1, $2, $3, $4) RETURNING "id"[0m  [["title", "55555"], ["body", "Body 55555"], ["created_at", "2022-11-20 16:38:15.729288"], ["updated_at", "2022-11-20 16:38:15.729288"]]
  ↳ app/controllers/api/v1/articles_controller.rb:12:in `create'
  [1m[36mTRANSACTION (10.9ms)[0m  [1m[35mCOMMIT[0m
  ↳ app/controllers/api/v1/articles_controller.rb:12:in `create'
Completed 200 OK in 76ms (Views: 0.4ms | ActiveRecord: 69.7ms | Allocations: 2672)


Started GET "/api/v1/articles" for ::1 at 2022-11-20 18:39:57 +0200
Processing by Api::V1::ArticlesController#index as */*
  [1m[36mArticle Load (0.3ms)[0m  [1m[34mSELECT "articles".* FROM "articles"[0m
  ↳ app/controllers/api/v1/articles_controller.rb:7:in `index'
Completed 200 OK in 5ms (Views: 3.8ms | ActiveRecord: 0.3ms | Allocations: 1122)


Started PATCH "/api/v1/articles/6" for ::1 at 2022-11-20 18:42:29 +0200
Processing by Api::V1::ArticlesController#update as */*
  Parameters: {"title"=>"5-5-5-5-5", "body"=>"5-5-5-5-5-5", "id"=>"6", "article"=>{"title"=>"5-5-5-5-5", "body"=>"5-5-5-5-5-5"}}
  [1m[36mArticle Load (0.4ms)[0m  [1m[34mSELECT "articles".* FROM "articles" WHERE "articles"."id" = $1 LIMIT $2[0m  [["id", 6], ["LIMIT", 1]]
  ↳ app/controllers/api/v1/articles_controller.rb:40:in `set_article'
  [1m[36mTRANSACTION (0.2ms)[0m  [1m[35mBEGIN[0m
  ↳ app/controllers/api/v1/articles_controller.rb:25:in `update'
  [1m[36mArticle Update (0.8ms)[0m  [1m[33mUPDATE "articles" SET "title" = $1, "body" = $2, "updated_at" = $3 WHERE "articles"."id" = $4[0m  [["title", "5-5-5-5-5"], ["body", "5-5-5-5-5-5"], ["updated_at", "2022-11-20 16:42:29.577621"], ["id", 6]]
  ↳ app/controllers/api/v1/articles_controller.rb:25:in `update'
  [1m[36mTRANSACTION (19.6ms)[0m  [1m[35mCOMMIT[0m
  ↳ app/controllers/api/v1/articles_controller.rb:25:in `update'
Completed 200 OK in 63ms (Views: 0.3ms | ActiveRecord: 21.3ms | Allocations: 5030)


Started PATCH "/api/v1/articles/6" for ::1 at 2022-11-20 18:42:37 +0200
Processing by Api::V1::ArticlesController#update as */*
  Parameters: {"title"=>"5-5-5-5-5", "body"=>"5-5-5-5-5-5", "id"=>"6", "article"=>{"title"=>"5-5-5-5-5", "body"=>"5-5-5-5-5-5"}}
  [1m[36mArticle Load (0.3ms)[0m  [1m[34mSELECT "articles".* FROM "articles" WHERE "articles"."id" = $1 LIMIT $2[0m  [["id", 6], ["LIMIT", 1]]
  ↳ app/controllers/api/v1/articles_controller.rb:40:in `set_article'
Completed 200 OK in 3ms (Views: 0.3ms | ActiveRecord: 0.3ms | Allocations: 814)


Started GET "/api/v1/articles" for ::1 at 2022-11-20 18:42:59 +0200
Processing by Api::V1::ArticlesController#index as */*
  [1m[36mArticle Load (0.4ms)[0m  [1m[34mSELECT "articles".* FROM "articles"[0m
  ↳ app/controllers/api/v1/articles_controller.rb:7:in `index'
Completed 200 OK in 3ms (Views: 2.4ms | ActiveRecord: 0.4ms | Allocations: 1089)


Started DELETE "/api/v1/articles/6" for ::1 at 2022-11-20 18:43:16 +0200
Processing by Api::V1::ArticlesController#destroy as */*
  Parameters: {"id"=>"6"}
  [1m[36mArticle Load (0.4ms)[0m  [1m[34mSELECT "articles".* FROM "articles" WHERE "articles"."id" = $1 LIMIT $2[0m  [["id", 6], ["LIMIT", 1]]
  ↳ app/controllers/api/v1/articles_controller.rb:40:in `set_article'
  [1m[36mArticle Destroy (41.7ms)[0m  [1m[31mDELETE FROM "articles" WHERE "articles"."id" = $1[0m  [["id", 6]]
  ↳ app/controllers/api/v1/articles_controller.rb:32:in `destroy'
Completed 200 OK in 46ms (Views: 0.3ms | ActiveRecord: 42.1ms | Allocations: 954)


Started GET "/api/v1/articles" for ::1 at 2022-11-20 18:43:23 +0200
Processing by Api::V1::ArticlesController#index as */*
  [1m[36mArticle Load (0.3ms)[0m  [1m[34mSELECT "articles".* FROM "articles"[0m
  ↳ app/controllers/api/v1/articles_controller.rb:7:in `index'
Completed 200 OK in 3ms (Views: 2.3ms | ActiveRecord: 0.3ms | Allocations: 992)


Started POST "/api/v1/articles" for ::1 at 2022-11-20 18:59:08 +0200
  [1m[36mActiveRecord::SchemaMigration Pluck (0.8ms)[0m  [1m[34mSELECT "schema_migrations"."version" FROM "schema_migrations" ORDER BY "schema_migrations"."version" ASC[0m
Processing by Api::V1::ArticlesController#create as */*
  Parameters: {"title"=>"5", "body"=>"Body 55555", "article"=>{"title"=>"5", "body"=>"Body 55555"}}
Completed 500 Internal Server Error in 122ms (ActiveRecord: 5.2ms | Allocations: 32694)


  
NoMethodError (undefined method `arrors' for #<Article id: nil, title: "5", body: "Body 55555", created_at: nil, updated_at: nil>
Did you mean?  errors):
  
app/controllers/api/v1/articles_controller.rb:15:in `create'
Started POST "/api/v1/articles" for ::1 at 2022-11-20 19:02:12 +0200
  [1m[36mActiveRecord::SchemaMigration Pluck (0.7ms)[0m  [1m[34mSELECT "schema_migrations"."version" FROM "schema_migrations" ORDER BY "schema_migrations"."version" ASC[0m
Processing by Api::V1::ArticlesController#create as */*
  Parameters: {"title"=>"5", "body"=>"Body 55555", "article"=>{"title"=>"5", "body"=>"Body 55555"}}
Completed 422 Unprocessable Entity in 271ms (Views: 158.3ms | ActiveRecord: 4.7ms | Allocations: 33967)


Started POST "/api/v1/articles" for ::1 at 2022-11-20 19:08:25 +0200
  [1m[36mActiveRecord::SchemaMigration Pluck (0.7ms)[0m  [1m[34mSELECT "schema_migrations"."version" FROM "schema_migrations" ORDER BY "schema_migrations"."version" ASC[0m
Processing by Api::V1::ArticlesController#create as */*
  Parameters: {"title"=>"5", "body"=>"Body 55555", "article"=>{"title"=>"5", "body"=>"Body 55555"}}
  [1m[36mTRANSACTION (0.3ms)[0m  [1m[35mBEGIN[0m
  ↳ app/controllers/api/v1/articles_controller.rb:12:in `create'
  [1m[36mArticle Create (0.6ms)[0m  [1m[32mINSERT INTO "articles" ("title", "body", "created_at", "updated_at") VALUES ($1, $2, $3, $4) RETURNING "id"[0m  [["title", "5"], ["body", "Body 55555"], ["created_at", "2022-11-20 17:08:25.899152"], ["updated_at", "2022-11-20 17:08:25.899152"]]
  ↳ app/controllers/api/v1/articles_controller.rb:12:in `create'
  [1m[36mTRANSACTION (15.4ms)[0m  [1m[35mCOMMIT[0m
  ↳ app/controllers/api/v1/articles_controller.rb:12:in `create'
Completed 500 Internal Server Error in 135ms (ActiveRecord: 21.3ms | Allocations: 32740)


  
ArgumentError (Unrecognized status code :create):
  
app/controllers/api/v1/articles_controller.rb:13:in `create'
Started POST "/api/v1/articles" for ::1 at 2022-11-20 19:11:24 +0200
Processing by Api::V1::ArticlesController#create as */*
  Parameters: {"title"=>"5", "body"=>"Body 55555", "article"=>{"title"=>"5", "body"=>"Body 55555"}}
Completed 500 Internal Server Error in 6ms (ActiveRecord: 4.4ms | Allocations: 1851)


  
ArgumentError (Unrecognized status code :create):
  
app/controllers/api/v1/articles_controller.rb:13:in `create'
Started POST "/api/v1/articles" for ::1 at 2022-11-20 19:11:40 +0200
  [1m[36mActiveRecord::SchemaMigration Pluck (1.7ms)[0m  [1m[34mSELECT "schema_migrations"."version" FROM "schema_migrations" ORDER BY "schema_migrations"."version" ASC[0m
Processing by Api::V1::ArticlesController#create as */*
  Parameters: {"title"=>"5", "body"=>"Body 55555", "article"=>{"title"=>"5", "body"=>"Body 55555"}}
Completed 500 Internal Server Error in 117ms (ActiveRecord: 4.7ms | Allocations: 30785)


  
ArgumentError (Unrecognized status code :create):
  
app/controllers/api/v1/articles_controller.rb:13:in `create'
Started POST "/api/v1/articles" for ::1 at 2022-11-20 19:12:36 +0200
Processing by Api::V1::ArticlesController#create as */*
  Parameters: {"title"=>"555", "body"=>"Body 55555", "article"=>{"title"=>"555", "body"=>"Body 55555"}}
  [1m[36mTRANSACTION (0.2ms)[0m  [1m[35mBEGIN[0m
  ↳ app/controllers/api/v1/articles_controller.rb:12:in `create'
  [1m[36mArticle Create (0.7ms)[0m  [1m[32mINSERT INTO "articles" ("title", "body", "created_at", "updated_at") VALUES ($1, $2, $3, $4) RETURNING "id"[0m  [["title", "555"], ["body", "Body 55555"], ["created_at", "2022-11-20 17:12:36.074335"], ["updated_at", "2022-11-20 17:12:36.074335"]]
  ↳ app/controllers/api/v1/articles_controller.rb:12:in `create'
  [1m[36mTRANSACTION (11.8ms)[0m  [1m[35mCOMMIT[0m
  ↳ app/controllers/api/v1/articles_controller.rb:12:in `create'
Completed 500 Internal Server Error in 20ms (ActiveRecord: 12.6ms | Allocations: 2436)


  
ArgumentError (Unrecognized status code :create):
  
app/controllers/api/v1/articles_controller.rb:13:in `create'
Started POST "/api/v1/articles" for ::1 at 2022-11-20 19:13:42 +0200
Processing by Api::V1::ArticlesController#create as */*
  Parameters: {"title"=>"555", "body"=>"Body 55555", "article"=>{"title"=>"555", "body"=>"Body 55555"}}
  [1m[36mTRANSACTION (0.4ms)[0m  [1m[35mBEGIN[0m
  ↳ app/controllers/api/v1/articles_controller.rb:12:in `create'
  [1m[36mArticle Create (0.4ms)[0m  [1m[32mINSERT INTO "articles" ("title", "body", "created_at", "updated_at") VALUES ($1, $2, $3, $4) RETURNING "id"[0m  [["title", "555"], ["body", "Body 55555"], ["created_at", "2022-11-20 17:13:42.276932"], ["updated_at", "2022-11-20 17:13:42.276932"]]
  ↳ app/controllers/api/v1/articles_controller.rb:12:in `create'
  [1m[36mTRANSACTION (41.6ms)[0m  [1m[35mCOMMIT[0m
  ↳ app/controllers/api/v1/articles_controller.rb:12:in `create'
Completed 200 OK in 53ms (Views: 0.5ms | ActiveRecord: 46.2ms | Allocations: 3545)


Started POST "/api/v1/articles" for ::1 at 2022-11-20 19:15:22 +0200
  [1m[36mActiveRecord::SchemaMigration Pluck (1.0ms)[0m  [1m[34mSELECT "schema_migrations"."version" FROM "schema_migrations" ORDER BY "schema_migrations"."version" ASC[0m
Processing by Api::V1::ArticlesController#create as */*
  Parameters: {"title"=>"6666", "body"=>"Body 6666666", "article"=>{"title"=>"6666", "body"=>"Body 6666666"}}
  [1m[36mTRANSACTION (0.2ms)[0m  [1m[35mBEGIN[0m
  ↳ app/controllers/api/v1/articles_controller.rb:12:in `create'
  [1m[36mArticle Create (0.6ms)[0m  [1m[32mINSERT INTO "articles" ("title", "body", "created_at", "updated_at") VALUES ($1, $2, $3, $4) RETURNING "id"[0m  [["title", "6666"], ["body", "Body 6666666"], ["created_at", "2022-11-20 17:15:22.732658"], ["updated_at", "2022-11-20 17:15:22.732658"]]
  ↳ app/controllers/api/v1/articles_controller.rb:12:in `create'
  [1m[36mTRANSACTION (20.8ms)[0m  [1m[35mCOMMIT[0m
  ↳ app/controllers/api/v1/articles_controller.rb:12:in `create'
Completed 201 Created in 145ms (Views: 0.7ms | ActiveRecord: 26.8ms | Allocations: 32993)


  [1m[35m (0.4ms)[0m  [1m[34mSELECT pg_try_advisory_lock(7399495298708468970)[0m
  [1m[36mActiveRecord::SchemaMigration Pluck (78.1ms)[0m  [1m[34mSELECT "schema_migrations"."version" FROM "schema_migrations" ORDER BY "schema_migrations"."version" ASC[0m
Migrating to CreateComments (20221125181030)
  [1m[36mTRANSACTION (0.4ms)[0m  [1m[35mBEGIN[0m
  [1m[35m (310.9ms)[0m  [1m[35mCREATE TABLE "comments" ("id" bigserial primary key, "body" character varying, "status" integer, "author_id" bigint, "created_at" timestamp(6) NOT NULL, "updated_at" timestamp(6) NOT NULL)[0m
  [1m[35m (50.1ms)[0m  [1m[35mCREATE INDEX "index_comments_on_author_id" ON "comments" ("author_id")[0m
  [1m[36mActiveRecord::SchemaMigration Create (0.8ms)[0m  [1m[32mINSERT INTO "schema_migrations" ("version") VALUES ($1) RETURNING "version"[0m  [["version", "20221125181030"]]
  [1m[36mTRANSACTION (8.4ms)[0m  [1m[35mCOMMIT[0m
Migrating to CreateAuthors (20221125181127)
  [1m[36mTRANSACTION (0.5ms)[0m  [1m[35mBEGIN[0m
  [1m[35m (94.1ms)[0m  [1m[35mCREATE TABLE "authors" ("id" bigserial primary key, "name" character varying, "created_at" timestamp(6) NOT NULL, "updated_at" timestamp(6) NOT NULL)[0m
  [1m[36mActiveRecord::SchemaMigration Create (0.6ms)[0m  [1m[32mINSERT INTO "schema_migrations" ("version") VALUES ($1) RETURNING "version"[0m  [["version", "20221125181127"]]
  [1m[36mTRANSACTION (13.4ms)[0m  [1m[35mCOMMIT[0m
Migrating to AddAuthorToArticles (20221125183406)
  [1m[36mTRANSACTION (0.4ms)[0m  [1m[35mBEGIN[0m
  [1m[35m (10.9ms)[0m  [1m[35mALTER TABLE "articles" ADD "author_id" bigint[0m
  [1m[35m (103.5ms)[0m  [1m[35mCREATE INDEX "index_articles_on_author_id" ON "articles" ("author_id")[0m
  [1m[36mActiveRecord::SchemaMigration Create (0.6ms)[0m  [1m[32mINSERT INTO "schema_migrations" ("version") VALUES ($1) RETURNING "version"[0m  [["version", "20221125183406"]]
  [1m[36mTRANSACTION (12.0ms)[0m  [1m[35mCOMMIT[0m
  [1m[36mActiveRecord::InternalMetadata Load (59.7ms)[0m  [1m[34mSELECT "ar_internal_metadata".* FROM "ar_internal_metadata" WHERE "ar_internal_metadata"."key" = $1 LIMIT $2[0m  [["key", "environment"], ["LIMIT", 1]]
  [1m[35m (0.7ms)[0m  [1m[34mSELECT pg_advisory_unlock(7399495298708468970)[0m
  [1m[36mActiveRecord::SchemaMigration Pluck (1.0ms)[0m  [1m[34mSELECT "schema_migrations"."version" FROM "schema_migrations" ORDER BY "schema_migrations"."version" ASC[0m
  [1m[35m (0.3ms)[0m  [1m[34mSELECT pg_try_advisory_lock(7399495298708468970)[0m
  [1m[36mActiveRecord::SchemaMigration Pluck (0.9ms)[0m  [1m[34mSELECT "schema_migrations"."version" FROM "schema_migrations" ORDER BY "schema_migrations"."version" ASC[0m
Migrating to AddAuthorToComments (20221125185117)
  [1m[36mTRANSACTION (0.2ms)[0m  [1m[35mBEGIN[0m
  [1m[35m (0.6ms)[0m  [1m[35mALTER TABLE "comments" ADD "article_id" bigint[0m
  [1m[35m (56.2ms)[0m  [1m[35mCREATE INDEX "index_comments_on_article_id" ON "comments" ("article_id")[0m
  [1m[36mActiveRecord::SchemaMigration Create (0.4ms)[0m  [1m[32mINSERT INTO "schema_migrations" ("version") VALUES ($1) RETURNING "version"[0m  [["version", "20221125185117"]]
  [1m[36mTRANSACTION (10.2ms)[0m  [1m[35mCOMMIT[0m
  [1m[36mActiveRecord::InternalMetadata Load (0.4ms)[0m  [1m[34mSELECT "ar_internal_metadata".* FROM "ar_internal_metadata" WHERE "ar_internal_metadata"."key" = $1 LIMIT $2[0m  [["key", "environment"], ["LIMIT", 1]]
  [1m[35m (0.4ms)[0m  [1m[34mSELECT pg_advisory_unlock(7399495298708468970)[0m
  [1m[36mActiveRecord::SchemaMigration Pluck (0.8ms)[0m  [1m[34mSELECT "schema_migrations"."version" FROM "schema_migrations" ORDER BY "schema_migrations"."version" ASC[0m
  [1m[36mTRANSACTION (0.3ms)[0m  [1m[35mBEGIN[0m
  [1m[36mAuthor Create (1.7ms)[0m  [1m[32mINSERT INTO "authors" ("name", "created_at", "updated_at") VALUES ($1, $2, $3) RETURNING "id"[0m  [["name", "Dan"], ["created_at", "2022-11-25 19:00:31.453265"], ["updated_at", "2022-11-25 19:00:31.453265"]]
  [1m[36mTRANSACTION (33.1ms)[0m  [1m[35mCOMMIT[0m
  [1m[36mArticle Load (36.5ms)[0m  [1m[34mSELECT "articles".* FROM "articles" ORDER BY "articles"."id" ASC LIMIT $1[0m  [["LIMIT", 1]]
  [1m[36mArticle Load (0.8ms)[0m  [1m[34mSELECT "articles".* FROM "articles" ORDER BY "articles"."id" ASC LIMIT $1[0m  [["LIMIT", 1]]
  [1m[36mTRANSACTION (0.4ms)[0m  [1m[35mBEGIN[0m
  [1m[36mComment Create (1.8ms)[0m  [1m[32mINSERT INTO "comments" ("body", "status", "author_id", "created_at", "updated_at", "article_id") VALUES ($1, $2, $3, $4, $5, $6) RETURNING "id"[0m  [["body", nil], ["status", nil], ["author_id", 1], ["created_at", "2022-11-25 19:05:53.964307"], ["updated_at", "2022-11-25 19:05:53.964307"], ["article_id", 1]]
  [1m[36mTRANSACTION (26.5ms)[0m  [1m[35mCOMMIT[0m
  [1m[36mArticle Load (0.7ms)[0m  [1m[34mSELECT "articles".* FROM "articles" ORDER BY "articles"."id" ASC LIMIT $1[0m  [["LIMIT", 1]]
  [1m[36mArticle Load (0.7ms)[0m  [1m[34mSELECT "articles".* FROM "articles" ORDER BY "articles"."id" ASC LIMIT $1[0m  [["LIMIT", 1]]
  [1m[36mComment Load (0.8ms)[0m  [1m[34mSELECT "comments".* FROM "comments" WHERE "comments"."article_id" = $1[0m  [["article_id", 1]]
  [1m[36mAuthor Load (0.6ms)[0m  [1m[34mSELECT "authors".* FROM "authors" ORDER BY "authors"."id" ASC LIMIT $1[0m  [["LIMIT", 1]]
  [1m[36mComment Load (0.6ms)[0m  [1m[34mSELECT "comments".* FROM "comments" WHERE "comments"."author_id" = $1[0m  [["author_id", 1]]
  [1m[36mComment Load (0.8ms)[0m  [1m[34mSELECT "comments".* FROM "comments" ORDER BY "comments"."id" ASC LIMIT $1[0m  [["LIMIT", 1]]
  [1m[36mAuthor Load (0.6ms)[0m  [1m[34mSELECT "authors".* FROM "authors" WHERE "authors"."id" = $1 LIMIT $2[0m  [["id", 1], ["LIMIT", 1]]
  [1m[36mTRANSACTION (0.4ms)[0m  [1m[35mBEGIN[0m
  [1m[36mAuthor Create (0.7ms)[0m  [1m[32mINSERT INTO "authors" ("name", "created_at", "updated_at") VALUES ($1, $2, $3) RETURNING "id"[0m  [["name", "Anton"], ["created_at", "2022-11-25 19:19:20.871632"], ["updated_at", "2022-11-25 19:19:20.871632"]]
  [1m[36mTRANSACTION (58.7ms)[0m  [1m[35mCOMMIT[0m
  [1m[36mAuthor Load (0.6ms)[0m  [1m[34mSELECT "authors".* FROM "authors" ORDER BY "authors"."id" ASC LIMIT $1 OFFSET $2[0m  [["LIMIT", 1], ["OFFSET", 1]]
  [1m[36mArticle Load (0.6ms)[0m  [1m[34mSELECT "articles".* FROM "articles" ORDER BY "articles"."id" ASC LIMIT $1[0m  [["LIMIT", 1]]
  [1m[36mAuthor Load (0.7ms)[0m  [1m[34mSELECT "authors".* FROM "authors" ORDER BY "authors"."id" ASC LIMIT $1 OFFSET $2[0m  [["LIMIT", 1], ["OFFSET", 1]]
  [1m[36mArticle Load (0.6ms)[0m  [1m[34mSELECT "articles".* FROM "articles" ORDER BY "articles"."id" ASC LIMIT $1[0m  [["LIMIT", 1]]
  [1m[36mTRANSACTION (0.5ms)[0m  [1m[35mBEGIN[0m
  [1m[36mComment Create (0.9ms)[0m  [1m[32mINSERT INTO "comments" ("body", "status", "author_id", "created_at", "updated_at", "article_id") VALUES ($1, $2, $3, $4, $5, $6) RETURNING "id"[0m  [["body", "First comment"], ["status", nil], ["author_id", 2], ["created_at", "2022-11-25 19:26:24.867781"], ["updated_at", "2022-11-25 19:26:24.867781"], ["article_id", 1]]
  [1m[36mTRANSACTION (29.9ms)[0m  [1m[35mCOMMIT[0m
  [1m[35m (0.6ms)[0m  [1m[34mSELECT pg_try_advisory_lock(7399495298708468970)[0m
  [1m[36mActiveRecord::SchemaMigration Pluck (2.8ms)[0m  [1m[34mSELECT "schema_migrations"."version" FROM "schema_migrations" ORDER BY "schema_migrations"."version" ASC[0m
Migrating to AddStatusToComments (20221126143359)
  [1m[36mTRANSACTION (0.4ms)[0m  [1m[35mBEGIN[0m
  [1m[35m (1.4ms)[0m  [1m[35mALTER TABLE "comments" ALTER COLUMN "status" SET DEFAULT 0[0m
  [1m[36mActiveRecord::SchemaMigration Create (0.9ms)[0m  [1m[32mINSERT INTO "schema_migrations" ("version") VALUES ($1) RETURNING "version"[0m  [["version", "20221126143359"]]
  [1m[36mTRANSACTION (43.0ms)[0m  [1m[35mCOMMIT[0m
  [1m[36mActiveRecord::InternalMetadata Load (0.8ms)[0m  [1m[34mSELECT "ar_internal_metadata".* FROM "ar_internal_metadata" WHERE "ar_internal_metadata"."key" = $1 LIMIT $2[0m  [["key", "environment"], ["LIMIT", 1]]
  [1m[35m (0.5ms)[0m  [1m[34mSELECT pg_advisory_unlock(7399495298708468970)[0m
  [1m[36mActiveRecord::SchemaMigration Pluck (0.8ms)[0m  [1m[34mSELECT "schema_migrations"."version" FROM "schema_migrations" ORDER BY "schema_migrations"."version" ASC[0m
  [1m[36mComment Load (1.0ms)[0m  [1m[34mSELECT "comments".* FROM "comments"[0m
  [1m[36mComment Update All (33.9ms)[0m  [1m[33mUPDATE "comments" SET "status" = $1[0m  [["status", 0]]
  [1m[36mComment Load (0.8ms)[0m  [1m[34mSELECT "comments".* FROM "comments"[0m
  [1m[36mAuthor Load (0.9ms)[0m  [1m[34mSELECT "authors".* FROM "authors" ORDER BY "authors"."id" ASC LIMIT $1[0m  [["LIMIT", 1]]
  [1m[36mAuthor Load (0.8ms)[0m  [1m[34mSELECT "authors".* FROM "authors" ORDER BY "authors"."id" ASC LIMIT $1[0m  [["LIMIT", 1]]
  [1m[36mArticle Load (1.0ms)[0m  [1m[34mSELECT "articles".* FROM "articles" ORDER BY "articles"."id" DESC LIMIT $1[0m  [["LIMIT", 1]]
  [1m[36mTRANSACTION (0.4ms)[0m  [1m[35mBEGIN[0m
  [1m[36mComment Create (32.0ms)[0m  [1m[32mINSERT INTO "comments" ("body", "status", "author_id", "created_at", "updated_at", "article_id") VALUES ($1, $2, $3, $4, $5, $6) RETURNING "id"[0m  [["body", "Comment now 26.11"], ["status", 0], ["author_id", 1], ["created_at", "2022-11-26 14:42:54.518856"], ["updated_at", "2022-11-26 14:42:54.518856"], ["article_id", 10]]
  [1m[36mTRANSACTION (100.8ms)[0m  [1m[35mCOMMIT[0m
  [1m[36mArticle Load (0.7ms)[0m  [1m[34mSELECT "articles".* FROM "articles" ORDER BY "articles"."id" DESC LIMIT $1[0m  [["LIMIT", 1]]
  [1m[36mComment Load (0.7ms)[0m  [1m[34mSELECT "comments".* FROM "comments" WHERE "comments"."article_id" = $1 ORDER BY "comments"."id" DESC LIMIT $2[0m  [["article_id", 10], ["LIMIT", 1]]
  [1m[36mComment Load (0.6ms)[0m  [1m[34mSELECT "comments".* FROM "comments" ORDER BY "comments"."id" DESC LIMIT $1[0m  [["LIMIT", 1]]
  [1m[36mComment Load (0.7ms)[0m  [1m[34mSELECT "comments".* FROM "comments" ORDER BY "comments"."id" DESC LIMIT $1[0m  [["LIMIT", 1]]
  [1m[36mComment Load (0.4ms)[0m  [1m[34mSELECT "comments".* FROM "comments" WHERE "comments"."status" = $1[0m  [["status", 0]]
  [1m[36mComment Load (0.4ms)[0m  [1m[34mSELECT "comments".* FROM "comments" WHERE "comments"."status" = $1[0m  [["status", 1]]
Started GET "/api/v1/articles/1" for ::1 at 2022-11-26 17:09:37 +0200
  [1m[36mActiveRecord::SchemaMigration Pluck (1.9ms)[0m  [1m[34mSELECT "schema_migrations"."version" FROM "schema_migrations" ORDER BY "schema_migrations"."version" ASC[0m
Processing by Api::V1::ArticlesController#show as */*
  Parameters: {"title"=>"Two", "body"=>"Body two", "id"=>"1", "article"=>{"title"=>"Two", "body"=>"Body two"}}
  [1m[36mArticle Load (1.3ms)[0m  [1m[34mSELECT "articles".* FROM "articles" WHERE "articles"."id" = $1 LIMIT $2[0m  [["id", 1], ["LIMIT", 1]]
  ↳ app/controllers/api/v1/articles_controller.rb:32:in `set_article'
  [1m[36mComment Load (1.3ms)[0m  [1m[34mSELECT "comments".* FROM "comments" WHERE "comments"."article_id" = $1 AND "comments"."status" IN ($2, $3)[0m  [["article_id", 1], ["status", 0], ["status", 1]]
  ↳ app/controllers/api/v1/articles_controller.rb:16:in `show'
Completed 200 OK in 560ms (Views: 88.6ms | ActiveRecord: 23.3ms | Allocations: 53605)


Started GET "/api/v1/articles" for ::1 at 2022-11-26 17:11:21 +0200
Processing by Api::V1::ArticlesController#index as */*
  [1m[36mArticle Load (0.3ms)[0m  [1m[34mSELECT "articles".* FROM "articles"[0m
  ↳ app/controllers/api/v1/articles_controller.rb:6:in `index'
Completed 200 OK in 4ms (Views: 3.3ms | ActiveRecord: 0.3ms | Allocations: 1534)


Started GET "/api/v1/comments" for ::1 at 2022-11-26 18:11:00 +0200
  [1m[36mActiveRecord::SchemaMigration Pluck (0.9ms)[0m  [1m[34mSELECT "schema_migrations"."version" FROM "schema_migrations" ORDER BY "schema_migrations"."version" ASC[0m
Processing by Api::V1::CommentsController#index as */*
  [1m[36mComment Load (0.9ms)[0m  [1m[34mSELECT "comments".* FROM "comments" WHERE "comments"."status" IN ($1, $2)[0m  [["status", 0], ["status", 1]]
  ↳ app/controllers/api/v1/comments_controller.rb:5:in `index'
Completed 200 OK in 203ms (Views: 41.4ms | ActiveRecord: 25.3ms | Allocations: 35493)


Started GET "/api/v1/articles" for ::1 at 2022-11-26 18:11:57 +0200
Processing by Api::V1::ArticlesController#index as */*
  [1m[36mArticle Load (0.7ms)[0m  [1m[34mSELECT "articles".* FROM "articles"[0m
  ↳ app/controllers/api/v1/articles_controller.rb:6:in `index'
Completed 200 OK in 38ms (Views: 25.0ms | ActiveRecord: 7.1ms | Allocations: 18265)


Started GET "/api/v1/comments" for ::1 at 2022-11-26 18:36:59 +0200
  [1m[36mActiveRecord::SchemaMigration Pluck (0.8ms)[0m  [1m[34mSELECT "schema_migrations"."version" FROM "schema_migrations" ORDER BY "schema_migrations"."version" ASC[0m
  
ActionController::RoutingError (No route matches [GET] "/api/v1/comments"):
  
Started GET "/api/v1/comments" for ::1 at 2022-11-26 18:42:45 +0200
  [1m[36mActiveRecord::SchemaMigration Pluck (1.0ms)[0m  [1m[34mSELECT "schema_migrations"."version" FROM "schema_migrations" ORDER BY "schema_migrations"."version" ASC[0m
Processing by Api::V1::CommentsController#index as */*
  [1m[36mComment Load (0.8ms)[0m  [1m[34mSELECT "comments".* FROM "comments" WHERE "comments"."status" IN ($1, $2)[0m  [["status", 0], ["status", 1]]
  ↳ app/controllers/api/v1/comments_controller.rb:5:in `index'
Completed 200 OK in 66ms (Views: 30.0ms | ActiveRecord: 8.3ms | Allocations: 35492)


Started PATCH "/api/v1/comments/1" for ::1 at 2022-11-26 18:45:41 +0200
Processing by Api::V1::CommentsController#update as */*
  Parameters: {"status"=>"published", "id"=>"1", "comment"=>{"status"=>"published"}}
Completed 500 Internal Server Error in 1ms (ActiveRecord: 0.0ms | Allocations: 714)


  
NoMethodError (undefined method `update' for nil:NilClass):
  
app/controllers/api/v1/comments_controller.rb:9:in `update'
Started PATCH "/api/v1/comments/1" for ::1 at 2022-11-26 18:48:53 +0200
  [1m[36mActiveRecord::SchemaMigration Pluck (0.7ms)[0m  [1m[34mSELECT "schema_migrations"."version" FROM "schema_migrations" ORDER BY "schema_migrations"."version" ASC[0m
Processing by Api::V1::CommentsController#update as */*
  Parameters: {"status"=>"published", "id"=>"1", "comment"=>{"status"=>"published"}}
  [1m[36mComment Load (0.5ms)[0m  [1m[34mSELECT "comments".* FROM "comments" WHERE "comments"."id" = $1 LIMIT $2[0m  [["id", 1], ["LIMIT", 1]]
  ↳ app/controllers/api/v1/comments_controller.rb:19:in `set_comment'
  [1m[36mTRANSACTION (0.2ms)[0m  [1m[35mBEGIN[0m
  ↳ app/controllers/api/v1/comments_controller.rb:11:in `update'
  [1m[36mAuthor Load (0.4ms)[0m  [1m[34mSELECT "authors".* FROM "authors" WHERE "authors"."id" = $1 LIMIT $2[0m  [["id", 1], ["LIMIT", 1]]
  ↳ app/controllers/api/v1/comments_controller.rb:11:in `update'
  [1m[36mArticle Load (0.5ms)[0m  [1m[34mSELECT "articles".* FROM "articles" WHERE "articles"."id" = $1 LIMIT $2[0m  [["id", 1], ["LIMIT", 1]]
  ↳ app/controllers/api/v1/comments_controller.rb:11:in `update'
  [1m[36mTRANSACTION (12.1ms)[0m  [1m[31mROLLBACK[0m
  ↳ app/controllers/api/v1/comments_controller.rb:11:in `update'
Completed 200 OK in 354ms (Views: 0.5ms | ActiveRecord: 28.0ms | Allocations: 71549)


Started PATCH "/api/v1/comments/1" for ::1 at 2022-11-26 18:49:15 +0200
Processing by Api::V1::CommentsController#update as */*
  Parameters: {"status"=>"unpublished", "id"=>"1", "comment"=>{"status"=>"unpublished"}}
  [1m[36mComment Load (0.4ms)[0m  [1m[34mSELECT "comments".* FROM "comments" WHERE "comments"."id" = $1 LIMIT $2[0m  [["id", 1], ["LIMIT", 1]]
  ↳ app/controllers/api/v1/comments_controller.rb:19:in `set_comment'
  [1m[36mTRANSACTION (0.2ms)[0m  [1m[35mBEGIN[0m
  ↳ app/controllers/api/v1/comments_controller.rb:11:in `update'
  [1m[36mAuthor Load (0.4ms)[0m  [1m[34mSELECT "authors".* FROM "authors" WHERE "authors"."id" = $1 LIMIT $2[0m  [["id", 1], ["LIMIT", 1]]
  ↳ app/controllers/api/v1/comments_controller.rb:11:in `update'
  [1m[36mArticle Load (0.4ms)[0m  [1m[34mSELECT "articles".* FROM "articles" WHERE "articles"."id" = $1 LIMIT $2[0m  [["id", 1], ["LIMIT", 1]]
  ↳ app/controllers/api/v1/comments_controller.rb:11:in `update'
  [1m[36mTRANSACTION (0.1ms)[0m  [1m[31mROLLBACK[0m
  ↳ app/controllers/api/v1/comments_controller.rb:11:in `update'
Completed 200 OK in 12ms (Views: 0.3ms | ActiveRecord: 1.6ms | Allocations: 3457)


Started PATCH "/api/v1/comments/1" for ::1 at 2022-11-26 18:51:21 +0200
  [1m[36mActiveRecord::SchemaMigration Pluck (0.7ms)[0m  [1m[34mSELECT "schema_migrations"."version" FROM "schema_migrations" ORDER BY "schema_migrations"."version" ASC[0m
Error occurred while parsing request parameters.
Contents:

{
    "status": "published"
    "body": "Body firs comment"
}
Processing by Api::V1::CommentsController#update as */*
Completed 400 Bad Request in 0ms (ActiveRecord: 0.0ms | Allocations: 206)


  
ActionDispatch::Http::Parameters::ParseError (Error occurred while parsing request parameters):
  
app/controllers/api/v1/comments_controller.rb:19:in `set_comment'
Started PATCH "/api/v1/comments/1" for ::1 at 2022-11-26 18:51:27 +0200
Processing by Api::V1::CommentsController#update as */*
  Parameters: {"status"=>"published", "body"=>"Body firs comment", "id"=>"1", "comment"=>{"body"=>"Body firs comment", "status"=>"published"}}
  [1m[36mComment Load (0.8ms)[0m  [1m[34mSELECT "comments".* FROM "comments" WHERE "comments"."id" = $1 LIMIT $2[0m  [["id", 1], ["LIMIT", 1]]
  ↳ app/controllers/api/v1/comments_controller.rb:19:in `set_comment'
  [1m[36mTRANSACTION (0.2ms)[0m  [1m[35mBEGIN[0m
  ↳ app/controllers/api/v1/comments_controller.rb:11:in `update'
  [1m[36mAuthor Load (1.3ms)[0m  [1m[34mSELECT "authors".* FROM "authors" WHERE "authors"."id" = $1 LIMIT $2[0m  [["id", 1], ["LIMIT", 1]]
  ↳ app/controllers/api/v1/comments_controller.rb:11:in `update'
  [1m[36mArticle Load (0.8ms)[0m  [1m[34mSELECT "articles".* FROM "articles" WHERE "articles"."id" = $1 LIMIT $2[0m  [["id", 1], ["LIMIT", 1]]
  ↳ app/controllers/api/v1/comments_controller.rb:11:in `update'
  [1m[36mComment Update (25.9ms)[0m  [1m[33mUPDATE "comments" SET "body" = $1, "status" = $2, "updated_at" = $3 WHERE "comments"."id" = $4[0m  [["body", "Body firs comment"], ["status", 1], ["updated_at", "2022-11-26 16:51:28.035461"], ["id", 1]]
  ↳ app/controllers/api/v1/comments_controller.rb:11:in `update'
  [1m[36mTRANSACTION (35.0ms)[0m  [1m[35mCOMMIT[0m
  ↳ app/controllers/api/v1/comments_controller.rb:11:in `update'
Completed 200 OK in 180ms (Views: 0.5ms | ActiveRecord: 79.4ms | Allocations: 70202)


Started GET "/api/v1/comments" for ::1 at 2022-11-26 19:01:47 +0200
Processing by Api::V1::CommentsController#index as */*
  [1m[36mComment Load (1.0ms)[0m  [1m[34mSELECT "comments".* FROM "comments" WHERE "comments"."status" IS NULL[0m
  ↳ app/controllers/api/v1/comments_controller.rb:7:in `index'
Completed 200 OK in 28ms (Views: 1.8ms | ActiveRecord: 7.8ms | Allocations: 7973)


Started GET "/api/v1/comments?status=published" for ::1 at 2022-11-26 19:02:12 +0200
Processing by Api::V1::CommentsController#index as */*
  Parameters: {"status"=>"published"}
  [1m[36mComment Load (0.3ms)[0m  [1m[34mSELECT "comments".* FROM "comments" WHERE "comments"."status" = $1[0m  [["status", 1]]
  ↳ app/controllers/api/v1/comments_controller.rb:7:in `index'
Completed 200 OK in 7ms (Views: 6.2ms | ActiveRecord: 0.5ms | Allocations: 2502)


Started GET "/api/v1/comments?status=unpublished" for ::1 at 2022-11-26 19:03:00 +0200
Processing by Api::V1::CommentsController#index as */*
  Parameters: {"status"=>"unpublished"}
  [1m[36mComment Load (0.3ms)[0m  [1m[34mSELECT "comments".* FROM "comments" WHERE "comments"."status" = $1[0m  [["status", 0]]
  ↳ app/controllers/api/v1/comments_controller.rb:7:in `index'
Completed 200 OK in 3ms (Views: 2.3ms | ActiveRecord: 0.3ms | Allocations: 902)


Started GET "/api/v1/comments" for ::1 at 2022-11-26 19:03:56 +0200
Processing by Api::V1::CommentsController#index as */*
  [1m[36mComment Load (0.4ms)[0m  [1m[34mSELECT "comments".* FROM "comments" WHERE "comments"."status" = $1[0m  [["status", 0]]
  ↳ app/controllers/api/v1/comments_controller.rb:7:in `index'
Completed 200 OK in 37ms (Views: 12.2ms | ActiveRecord: 13.0ms | Allocations: 7101)


Started GET "/api/v1/comments" for ::1 at 2022-11-27 14:43:50 +0200
  [1m[36mActiveRecord::SchemaMigration Pluck (79.6ms)[0m  [1m[34mSELECT "schema_migrations"."version" FROM "schema_migrations" ORDER BY "schema_migrations"."version" ASC[0m
Processing by Api::V1::CommentsController#index as */*
  [1m[36mComment Load (532.3ms)[0m  [1m[34mSELECT "comments".* FROM "comments" WHERE "comments"."status" = $1[0m  [["status", 0]]
  ↳ app/controllers/api/v1/comments_controller.rb:15:in `index'
Completed 200 OK in 2501ms (Views: 377.2ms | ActiveRecord: 1391.6ms | Allocations: 36160)


Started GET "/api/v1/comments?status=published" for ::1 at 2022-11-27 14:45:05 +0200
Processing by Api::V1::CommentsController#index as */*
  Parameters: {"status"=>"published"}
  [1m[36mComment Load (0.4ms)[0m  [1m[34mSELECT "comments".* FROM "comments" WHERE "comments"."status" = $1[0m  [["status", 1]]
  ↳ app/controllers/api/v1/comments_controller.rb:15:in `index'
Completed 200 OK in 3ms (Views: 2.2ms | ActiveRecord: 0.4ms | Allocations: 966)


Started PATCH "/api/v1/comments/1" for ::1 at 2022-11-27 15:37:42 +0200
Processing by Api::V1::CommentsController#update as */*
  Parameters: {"body"=>"000000", "id"=>"1", "comment"=>{"body"=>"000000"}}
  [1m[36mComment Load (2.0ms)[0m  [1m[34mSELECT "comments".* FROM "comments" WHERE "comments"."id" = $1 LIMIT $2[0m  [["id", 1], ["LIMIT", 1]]
  ↳ app/controllers/api/v1/comments_controller.rb:28:in `set_comment'
  [1m[36mTRANSACTION (0.2ms)[0m  [1m[35mBEGIN[0m
  ↳ app/controllers/api/v1/comments_controller.rb:20:in `update'
  [1m[36mAuthor Load (31.8ms)[0m  [1m[34mSELECT "authors".* FROM "authors" WHERE "authors"."id" = $1 LIMIT $2[0m  [["id", 1], ["LIMIT", 1]]
  ↳ app/controllers/api/v1/comments_controller.rb:20:in `update'
  [1m[36mArticle Load (28.5ms)[0m  [1m[34mSELECT "articles".* FROM "articles" WHERE "articles"."id" = $1 LIMIT $2[0m  [["id", 1], ["LIMIT", 1]]
  ↳ app/controllers/api/v1/comments_controller.rb:20:in `update'
  [1m[36mComment Update (1.1ms)[0m  [1m[33mUPDATE "comments" SET "body" = $1, "updated_at" = $2 WHERE "comments"."id" = $3[0m  [["body", "000000"], ["updated_at", "2022-11-27 13:37:43.357837"], ["id", 1]]
  ↳ app/controllers/api/v1/comments_controller.rb:20:in `update'
  [1m[36mTRANSACTION (6.6ms)[0m  [1m[35mCOMMIT[0m
  ↳ app/controllers/api/v1/comments_controller.rb:20:in `update'
Completed 200 OK in 819ms (Views: 1.1ms | ActiveRecord: 172.1ms | Allocations: 45216)


Started PATCH "/api/v1/comments/1" for ::1 at 2022-11-27 15:38:29 +0200
Processing by Api::V1::CommentsController#update as */*
  Parameters: {"status"=>"unpublished", "id"=>"1", "comment"=>{"status"=>"unpublished"}}
  [1m[36mComment Load (0.4ms)[0m  [1m[34mSELECT "comments".* FROM "comments" WHERE "comments"."id" = $1 LIMIT $2[0m  [["id", 1], ["LIMIT", 1]]
  ↳ app/controllers/api/v1/comments_controller.rb:28:in `set_comment'
  [1m[36mTRANSACTION (0.2ms)[0m  [1m[35mBEGIN[0m
  ↳ app/controllers/api/v1/comments_controller.rb:20:in `update'
  [1m[36mAuthor Load (0.3ms)[0m  [1m[34mSELECT "authors".* FROM "authors" WHERE "authors"."id" = $1 LIMIT $2[0m  [["id", 1], ["LIMIT", 1]]
  ↳ app/controllers/api/v1/comments_controller.rb:20:in `update'
  [1m[36mArticle Load (0.3ms)[0m  [1m[34mSELECT "articles".* FROM "articles" WHERE "articles"."id" = $1 LIMIT $2[0m  [["id", 1], ["LIMIT", 1]]
  ↳ app/controllers/api/v1/comments_controller.rb:20:in `update'
  [1m[36mComment Update (0.4ms)[0m  [1m[33mUPDATE "comments" SET "status" = $1, "updated_at" = $2 WHERE "comments"."id" = $3[0m  [["status", 0], ["updated_at", "2022-11-27 13:38:29.187192"], ["id", 1]]
  ↳ app/controllers/api/v1/comments_controller.rb:20:in `update'
  [1m[36mTRANSACTION (14.5ms)[0m  [1m[35mCOMMIT[0m
  ↳ app/controllers/api/v1/comments_controller.rb:20:in `update'
Completed 200 OK in 27ms (Views: 0.4ms | ActiveRecord: 16.1ms | Allocations: 4048)


Started GET "/api/v1/comments" for ::1 at 2022-11-27 15:38:44 +0200
Processing by Api::V1::CommentsController#index as */*
  [1m[36mComment Load (0.3ms)[0m  [1m[34mSELECT "comments".* FROM "comments" WHERE "comments"."status" = $1[0m  [["status", 0]]
  ↳ app/controllers/api/v1/comments_controller.rb:15:in `index'
Completed 200 OK in 5ms (Views: 4.0ms | ActiveRecord: 0.3ms | Allocations: 1008)


Started GET "/api/v1/comments?status=published" for ::1 at 2022-11-27 15:38:59 +0200
Processing by Api::V1::CommentsController#index as */*
  Parameters: {"status"=>"published"}
  [1m[36mComment Load (0.3ms)[0m  [1m[34mSELECT "comments".* FROM "comments" WHERE "comments"."status" = $1[0m  [["status", 1]]
  ↳ app/controllers/api/v1/comments_controller.rb:15:in `index'
Completed 200 OK in 2ms (Views: 1.7ms | ActiveRecord: 0.3ms | Allocations: 700)


Started GET "/api/v1/comments" for ::1 at 2022-11-27 15:40:46 +0200
  [1m[36mActiveRecord::SchemaMigration Pluck (0.9ms)[0m  [1m[34mSELECT "schema_migrations"."version" FROM "schema_migrations" ORDER BY "schema_migrations"."version" ASC[0m
Processing by Api::V1::CommentsController#index as */*
  [1m[36mComment Load (1.2ms)[0m  [1m[34mSELECT "comments".* FROM "comments" WHERE "comments"."status" IN ($1, $2)[0m  [["status", 0], ["status", 1]]
  ↳ app/controllers/api/v1/comments_controller.rb:15:in `index'
Completed 200 OK in 65ms (Views: 23.7ms | ActiveRecord: 6.2ms | Allocations: 36888)


Started GET "/api/v1/articles" for ::1 at 2022-11-27 17:43:54 +0200
  [1m[36mActiveRecord::SchemaMigration Pluck (26.8ms)[0m  [1m[34mSELECT "schema_migrations"."version" FROM "schema_migrations" ORDER BY "schema_migrations"."version" ASC[0m
Processing by Api::V1::ArticlesController#index as */*
  [1m[36mArticle Load (10.8ms)[0m  [1m[34mSELECT "articles".* FROM "articles"[0m
  ↳ app/controllers/api/v1/articles_controller.rb:13:in `index'
Completed 200 OK in 379ms (Views: 52.2ms | ActiveRecord: 24.0ms | Allocations: 36040)


Started GET "/api/v1/articles/1" for ::1 at 2022-11-27 17:44:36 +0200
Processing by Api::V1::ArticlesController#show as */*
  Parameters: {"title"=>"Two", "body"=>"Body two", "id"=>"1", "article"=>{"title"=>"Two", "body"=>"Body two"}}
  [1m[36mArticle Load (0.5ms)[0m  [1m[34mSELECT "articles".* FROM "articles" WHERE "articles"."id" = $1 LIMIT $2[0m  [["id", 1], ["LIMIT", 1]]
  ↳ app/controllers/api/v1/articles_controller.rb:46:in `set_article'
  [1m[36mComment Load (30.7ms)[0m  [1m[34mSELECT "comments".* FROM "comments" WHERE "comments"."article_id" = $1 AND "comments"."status" IN ($2, $3)[0m  [["article_id", 1], ["status", 0], ["status", 1]]
  ↳ app/controllers/api/v1/articles_controller.rb:26:in `show'
Completed 200 OK in 342ms (Views: 73.7ms | ActiveRecord: 34.6ms | Allocations: 26773)


Started GET "/api/v1/articles" for ::1 at 2022-11-27 17:47:36 +0200
Processing by Api::V1::ArticlesController#index as */*
  [1m[36mArticle Load (0.5ms)[0m  [1m[34mSELECT "articles".* FROM "articles"[0m
  ↳ app/controllers/api/v1/articles_controller.rb:13:in `index'
Completed 200 OK in 6ms (Views: 5.3ms | ActiveRecord: 0.5ms | Allocations: 1505)


  [1m[36mArticle Load (0.8ms)[0m  [1m[34mSELECT "articles".* FROM "articles"[0m
  [1m[36mArticle Load (34.6ms)[0m  [1m[34mSELECT "articles".* FROM "articles"[0m
  [1m[36mArticle Load (0.8ms)[0m  [1m[34mSELECT "articles".* FROM "articles" ORDER BY "articles"."id" ASC LIMIT $1[0m  [["LIMIT", 1]]
  [1m[36mArticle Load (0.7ms)[0m  [1m[34mSELECT "articles".* FROM "articles" ORDER BY "articles"."id" ASC LIMIT $1[0m  [["LIMIT", 1]]
  [1m[36mArticle Load (0.7ms)[0m  [1m[34mSELECT "articles".* FROM "articles" ORDER BY "articles"."id" ASC LIMIT $1[0m  [["LIMIT", 1]]
  [1m[36mArticle Load (0.8ms)[0m  [1m[34mSELECT "articles".* FROM "articles"[0m
  [1m[36mComment Load (1.2ms)[0m  [1m[34mSELECT "comments".* FROM "comments"[0m
  [1m[36mComment Load (0.6ms)[0m  [1m[34mSELECT "comments".* FROM "comments" ORDER BY "comments"."id" ASC LIMIT $1[0m  [["LIMIT", 1]]
Started GET "/api/v1/articles" for ::1 at 2022-11-28 22:17:42 +0200
  [1m[36mActiveRecord::SchemaMigration Pluck (49.0ms)[0m  [1m[34mSELECT "schema_migrations"."version" FROM "schema_migrations" ORDER BY "schema_migrations"."version" ASC[0m
Processing by Api::V1::ArticlesController#index as */*
  [1m[36mArticle Load (64.1ms)[0m  [1m[34mSELECT "articles".* FROM "articles"[0m
  ↳ app/controllers/api/v1/articles_controller.rb:13:in `index'
Completed 200 OK in 518ms (Views: 61.9ms | ActiveRecord: 158.2ms | Allocations: 34690)


Started GET "/api/v1/articles/2" for ::1 at 2022-11-28 22:18:12 +0200
Processing by Api::V1::ArticlesController#show as */*
  Parameters: {"id"=>"2"}
  [1m[36mArticle Load (0.4ms)[0m  [1m[34mSELECT "articles".* FROM "articles" WHERE "articles"."id" = $1 LIMIT $2[0m  [["id", 2], ["LIMIT", 1]]
  ↳ app/controllers/api/v1/articles_controller.rb:46:in `set_article'
  [1m[36mComment Load (65.3ms)[0m  [1m[34mSELECT "comments".* FROM "comments" WHERE "comments"."article_id" = $1 AND "comments"."status" IN ($2, $3)[0m  [["article_id", 2], ["status", 0], ["status", 1]]
  ↳ app/controllers/api/v1/articles_controller.rb:26:in `show'
Completed 200 OK in 416ms (Views: 3.2ms | ActiveRecord: 68.5ms | Allocations: 12260)


Started POST "/api/v1/articles" for ::1 at 2022-11-28 22:18:46 +0200
Processing by Api::V1::ArticlesController#create as */*
  Parameters: {"title"=>"Title_0", "body"=>"Body_0", "article"=>{"title"=>"Title_0", "body"=>"Body_0"}}
Completed 200 OK in 149ms (Views: 0.4ms | ActiveRecord: 0.0ms | Allocations: 5094)


Started GET "/api/v1/articles" for ::1 at 2022-11-28 22:19:06 +0200
Processing by Api::V1::ArticlesController#index as */*
  [1m[36mArticle Load (0.3ms)[0m  [1m[34mSELECT "articles".* FROM "articles"[0m
  ↳ app/controllers/api/v1/articles_controller.rb:13:in `index'
Completed 200 OK in 3ms (Views: 2.7ms | ActiveRecord: 0.3ms | Allocations: 1523)


Started POST "/api/v1/articles" for ::1 at 2022-11-28 22:21:20 +0200
Processing by Api::V1::ArticlesController#create as */*
  Parameters: {"title"=>"Title_0", "body"=>"Body_0", "article"=>{"title"=>"Title_0", "body"=>"Body_0"}}
Completed 200 OK in 3ms (Views: 0.4ms | ActiveRecord: 0.0ms | Allocations: 396)


Started POST "/api/v1/articles" for ::1 at 2022-11-28 22:23:25 +0200
  [1m[36mActiveRecord::SchemaMigration Pluck (1.3ms)[0m  [1m[34mSELECT "schema_migrations"."version" FROM "schema_migrations" ORDER BY "schema_migrations"."version" ASC[0m
Processing by Api::V1::ArticlesController#create as */*
  Parameters: {"id"=>555, "title"=>"Title_0", "body"=>"Body_0", "article"=>{"id"=>555, "title"=>"Title_0", "body"=>"Body_0"}}
Completed 200 OK in 106ms (Views: 0.4ms | ActiveRecord: 6.9ms | Allocations: 35146)


Started GET "/api/v1/articles" for ::1 at 2022-11-28 22:23:32 +0200
Processing by Api::V1::ArticlesController#index as */*
  [1m[36mArticle Load (0.7ms)[0m  [1m[34mSELECT "articles".* FROM "articles"[0m
  ↳ app/controllers/api/v1/articles_controller.rb:13:in `index'
Completed 200 OK in 7ms (Views: 6.1ms | ActiveRecord: 0.7ms | Allocations: 1885)


Started GET "/api/v1/articles/555" for ::1 at 2022-11-28 22:23:49 +0200
Processing by Api::V1::ArticlesController#show as */*
  Parameters: {"id"=>"555"}
  [1m[36mArticle Load (0.5ms)[0m  [1m[34mSELECT "articles".* FROM "articles" WHERE "articles"."id" = $1 LIMIT $2[0m  [["id", 555], ["LIMIT", 1]]
  ↳ app/controllers/api/v1/articles_controller.rb:46:in `set_article'
Completed 404 Not Found in 14ms (ActiveRecord: 6.0ms | Allocations: 1729)


  
ActiveRecord::RecordNotFound (Couldn't find Article with 'id'=555):
  
app/controllers/api/v1/articles_controller.rb:46:in `set_article'
Started GET "/api/v1/articles/5" for ::1 at 2022-11-28 22:24:52 +0200
Processing by Api::V1::ArticlesController#show as */*
  Parameters: {"id"=>"5"}
  [1m[36mArticle Load (0.5ms)[0m  [1m[34mSELECT "articles".* FROM "articles" WHERE "articles"."id" = $1 LIMIT $2[0m  [["id", 5], ["LIMIT", 1]]
  ↳ app/controllers/api/v1/articles_controller.rb:46:in `set_article'
  [1m[36mComment Load (3.2ms)[0m  [1m[34mSELECT "comments".* FROM "comments" WHERE "comments"."article_id" = $1 AND "comments"."status" IN ($2, $3)[0m  [["article_id", 5], ["status", 0], ["status", 1]]
  ↳ app/controllers/api/v1/articles_controller.rb:26:in `show'
Completed 200 OK in 52ms (Views: 3.5ms | ActiveRecord: 13.2ms | Allocations: 13436)


Started PATCH "/api/v1/articles/5" for ::1 at 2022-11-28 22:25:18 +0200
Processing by Api::V1::ArticlesController#update as */*
  Parameters: {"title"=>"000", "body"=>"000", "id"=>"5", "article"=>{"title"=>"000", "body"=>"000"}}
  [1m[36mArticle Load (0.3ms)[0m  [1m[34mSELECT "articles".* FROM "articles" WHERE "articles"."id" = $1 LIMIT $2[0m  [["id", 5], ["LIMIT", 1]]
  ↳ app/controllers/api/v1/articles_controller.rb:46:in `set_article'
Completed 200 OK in 12ms (Views: 0.4ms | ActiveRecord: 0.3ms | Allocations: 3439)


Started GET "/api/v1/articles" for ::1 at 2022-11-28 22:25:26 +0200
Processing by Api::V1::ArticlesController#index as */*
  [1m[36mArticle Load (0.6ms)[0m  [1m[34mSELECT "articles".* FROM "articles"[0m
  ↳ app/controllers/api/v1/articles_controller.rb:13:in `index'
Completed 200 OK in 8ms (Views: 6.6ms | ActiveRecord: 0.6ms | Allocations: 1524)


Started GET "/api/v1/articles/5" for ::1 at 2022-11-28 22:26:40 +0200
Processing by Api::V1::ArticlesController#show as */*
  Parameters: {"id"=>"5"}
  [1m[36mArticle Load (0.4ms)[0m  [1m[34mSELECT "articles".* FROM "articles" WHERE "articles"."id" = $1 LIMIT $2[0m  [["id", 5], ["LIMIT", 1]]
  ↳ app/controllers/api/v1/articles_controller.rb:46:in `set_article'
  [1m[36mComment Load (0.6ms)[0m  [1m[34mSELECT "comments".* FROM "comments" WHERE "comments"."article_id" = $1 AND "comments"."status" IN ($2, $3)[0m  [["article_id", 5], ["status", 0], ["status", 1]]
  ↳ app/controllers/api/v1/articles_controller.rb:26:in `show'
Completed 200 OK in 7ms (Views: 3.3ms | ActiveRecord: 0.9ms | Allocations: 1561)


Started GET "/api/v1/articles" for ::1 at 2022-11-28 22:27:17 +0200
Processing by Api::V1::ArticlesController#index as */*
  [1m[36mArticle Load (0.5ms)[0m  [1m[34mSELECT "articles".* FROM "articles"[0m
  ↳ app/controllers/api/v1/articles_controller.rb:13:in `index'
Completed 200 OK in 7ms (Views: 6.5ms | ActiveRecord: 0.5ms | Allocations: 1390)


Started GET "/api/v1/articles" for ::1 at 2022-11-29 19:32:19 +0200
  [1m[36mActiveRecord::SchemaMigration Pluck (81.1ms)[0m  [1m[34mSELECT "schema_migrations"."version" FROM "schema_migrations" ORDER BY "schema_migrations"."version" ASC[0m
Processing by Api::V1::ArticlesController#index as */*
  [1m[36mArticle Load (76.5ms)[0m  [1m[34mSELECT "articles".* FROM "articles"[0m
  ↳ app/controllers/api/v1/articles_controller.rb:13:in `index'
Completed 200 OK in 492ms (Views: 54.3ms | ActiveRecord: 140.3ms | Allocations: 34688)


Started GET "/api/v1/articles/5" for ::1 at 2022-11-29 19:39:13 +0200
Processing by Api::V1::ArticlesController#show as */*
  Parameters: {"id"=>"5"}
  [1m[36mArticle Load (0.7ms)[0m  [1m[34mSELECT "articles".* FROM "articles" WHERE "articles"."id" = $1 LIMIT $2[0m  [["id", 5], ["LIMIT", 1]]
  ↳ app/controllers/api/v1/articles_controller.rb:47:in `set_article'
  [1m[36mComment Load (63.3ms)[0m  [1m[34mSELECT "comments".* FROM "comments" WHERE "comments"."article_id" = $1 AND "comments"."status" IN ($2, $3)[0m  [["article_id", 5], ["status", 0], ["status", 1]]
  ↳ app/controllers/api/v1/articles_controller.rb:27:in `show'
Completed 200 OK in 391ms (Views: 2.6ms | ActiveRecord: 90.5ms | Allocations: 15345)


Started POST "/api/v1/articles" for ::1 at 2022-11-29 19:39:39 +0200
Processing by Api::V1::ArticlesController#create as */*
  Parameters: {"title"=>"Title_0", "body"=>"Body_0", "article"=>{"title"=>"Title_0", "body"=>"Body_0"}}
Completed 500 Internal Server Error in 119045ms (ActiveRecord: 0.0ms | Allocations: 78914)


  
SystemExit (exit):
  
(byebug):1:in `exit'
(byebug):1:in `create'
app/controllers/api/v1/articles_controller.rb:20:in `create'
Started POST "/api/v1/articles" for ::1 at 2022-11-29 19:42:23 +0200
  [1m[36mActiveRecord::SchemaMigration Pluck (0.7ms)[0m  [1m[34mSELECT "schema_migrations"."version" FROM "schema_migrations" ORDER BY "schema_migrations"."version" ASC[0m
Processing by Api::V1::ArticlesController#create as */*
  Parameters: {"title"=>"Title_0", "body"=>"Body_0", "article"=>{"title"=>"Title_0", "body"=>"Body_0"}}
Completed 500 Internal Server Error in 94027ms (ActiveRecord: 5.2ms | Allocations: 100899)


  
SystemExit (exit):
  
(byebug):1:in `exit'
(byebug):1:in `create'
app/controllers/api/v1/articles_controller.rb:23:in `create'
Started POST "/api/v1/articles" for ::1 at 2022-11-29 19:45:27 +0200
  [1m[36mActiveRecord::SchemaMigration Pluck (0.8ms)[0m  [1m[34mSELECT "schema_migrations"."version" FROM "schema_migrations" ORDER BY "schema_migrations"."version" ASC[0m
Processing by Api::V1::ArticlesController#create as */*
  Parameters: {"title"=>"Title_0", "body"=>"Body_0", "author_id"=>"1", "article"=>{"title"=>"Title_0", "body"=>"Body_0", "author_id"=>"1"}}
  [1m[36mTRANSACTION (0.2ms)[0m  [1m[35mBEGIN[0m
  ↳ app/controllers/api/v1/articles_controller.rb:20:in `create'
  [1m[36mAuthor Load (44.7ms)[0m  [1m[34mSELECT "authors".* FROM "authors" WHERE "authors"."id" = $1 LIMIT $2[0m  [["id", 1], ["LIMIT", 1]]
  ↳ app/controllers/api/v1/articles_controller.rb:20:in `create'
  [1m[36mArticle Create (47.7ms)[0m  [1m[32mINSERT INTO "articles" ("title", "body", "created_at", "updated_at", "author_id") VALUES ($1, $2, $3, $4, $5) RETURNING "id"[0m  [["title", "Title_0"], ["body", "Body_0"], ["created_at", "2022-11-29 17:45:27.604771"], ["updated_at", "2022-11-29 17:45:27.604771"], ["author_id", 1]]
  ↳ app/controllers/api/v1/articles_controller.rb:20:in `create'
  [1m[36mTRANSACTION (17.1ms)[0m  [1m[35mCOMMIT[0m
  ↳ app/controllers/api/v1/articles_controller.rb:20:in `create'
Completed 500 Internal Server Error in 31195ms (ActiveRecord: 126.6ms | Allocations: 107111)


  
SystemExit (exit):
  
(byebug):1:in `exit'
(byebug):1:in `create'
app/controllers/api/v1/articles_controller.rb:23:in `create'
Started POST "/api/v1/articles" for ::1 at 2022-11-29 19:46:34 +0200
  [1m[36mActiveRecord::SchemaMigration Pluck (0.8ms)[0m  [1m[34mSELECT "schema_migrations"."version" FROM "schema_migrations" ORDER BY "schema_migrations"."version" ASC[0m
Processing by Api::V1::ArticlesController#create as */*
  Parameters: {"title"=>"Title_0", "body"=>"Body_0", "author_id"=>"1", "article"=>{"title"=>"Title_0", "body"=>"Body_0", "author_id"=>"1"}}
  [1m[36mTRANSACTION (0.4ms)[0m  [1m[35mBEGIN[0m
  ↳ app/controllers/api/v1/articles_controller.rb:20:in `create'
  [1m[36mAuthor Load (0.8ms)[0m  [1m[34mSELECT "authors".* FROM "authors" WHERE "authors"."id" = $1 LIMIT $2[0m  [["id", 1], ["LIMIT", 1]]
  ↳ app/controllers/api/v1/articles_controller.rb:20:in `create'
  [1m[36mArticle Create (0.9ms)[0m  [1m[32mINSERT INTO "articles" ("title", "body", "created_at", "updated_at", "author_id") VALUES ($1, $2, $3, $4, $5) RETURNING "id"[0m  [["title", "Title_0"], ["body", "Body_0"], ["created_at", "2022-11-29 17:46:34.774501"], ["updated_at", "2022-11-29 17:46:34.774501"], ["author_id", 1]]
  ↳ app/controllers/api/v1/articles_controller.rb:20:in `create'
  [1m[36mTRANSACTION (12.6ms)[0m  [1m[35mCOMMIT[0m
  ↳ app/controllers/api/v1/articles_controller.rb:20:in `create'
Completed 200 OK in 222ms (Views: 0.8ms | ActiveRecord: 24.0ms | Allocations: 53588)


Started GET "/api/v1/articles" for ::1 at 2022-11-29 19:47:39 +0200
Processing by Api::V1::ArticlesController#index as */*
  [1m[36mArticle Load (0.5ms)[0m  [1m[34mSELECT "articles".* FROM "articles"[0m
  ↳ app/controllers/api/v1/articles_controller.rb:13:in `index'
Completed 200 OK in 5ms (Views: 3.8ms | ActiveRecord: 0.5ms | Allocations: 1914)


Started PATCH "/api/v1/articles/5" for ::1 at 2022-11-29 19:48:15 +0200
Processing by Api::V1::ArticlesController#update as */*
  Parameters: {"title"=>"000", "body"=>"000", "id"=>"5", "article"=>{"title"=>"000", "body"=>"000"}}
  [1m[36mArticle Load (0.3ms)[0m  [1m[34mSELECT "articles".* FROM "articles" WHERE "articles"."id" = $1 LIMIT $2[0m  [["id", 5], ["LIMIT", 1]]
  ↳ app/controllers/api/v1/articles_controller.rb:48:in `set_article'
Completed 200 OK in 4ms (Views: 0.4ms | ActiveRecord: 0.3ms | Allocations: 1168)


Started GET "/api/v1/articles" for ::1 at 2022-11-29 19:48:40 +0200
Processing by Api::V1::ArticlesController#index as */*
  [1m[36mArticle Load (0.3ms)[0m  [1m[34mSELECT "articles".* FROM "articles"[0m
  ↳ app/controllers/api/v1/articles_controller.rb:13:in `index'
Completed 200 OK in 4ms (Views: 3.3ms | ActiveRecord: 0.3ms | Allocations: 1594)


Started PATCH "/api/v1/articles/12" for ::1 at 2022-11-29 19:48:55 +0200
Processing by Api::V1::ArticlesController#update as */*
  Parameters: {"title"=>"000", "body"=>"000", "id"=>"12", "article"=>{"title"=>"000", "body"=>"000"}}
  [1m[36mArticle Load (0.4ms)[0m  [1m[34mSELECT "articles".* FROM "articles" WHERE "articles"."id" = $1 LIMIT $2[0m  [["id", 12], ["LIMIT", 1]]
  ↳ app/controllers/api/v1/articles_controller.rb:48:in `set_article'
  [1m[36mTRANSACTION (1.4ms)[0m  [1m[35mBEGIN[0m
  ↳ app/controllers/api/v1/articles_controller.rb:33:in `update'
  [1m[36mAuthor Load (1.0ms)[0m  [1m[34mSELECT "authors".* FROM "authors" WHERE "authors"."id" = $1 LIMIT $2[0m  [["id", 1], ["LIMIT", 1]]
  ↳ app/controllers/api/v1/articles_controller.rb:33:in `update'
  [1m[36mArticle Update (0.6ms)[0m  [1m[33mUPDATE "articles" SET "title" = $1, "body" = $2, "updated_at" = $3 WHERE "articles"."id" = $4[0m  [["title", "000"], ["body", "000"], ["updated_at", "2022-11-29 17:48:55.142903"], ["id", 12]]
  ↳ app/controllers/api/v1/articles_controller.rb:33:in `update'
  [1m[36mTRANSACTION (32.4ms)[0m  [1m[35mCOMMIT[0m
  ↳ app/controllers/api/v1/articles_controller.rb:33:in `update'
Completed 200 OK in 53ms (Views: 0.4ms | ActiveRecord: 35.7ms | Allocations: 3440)


Started GET "/api/v1/articles" for ::1 at 2022-11-29 19:49:02 +0200
Processing by Api::V1::ArticlesController#index as */*
  [1m[36mArticle Load (0.4ms)[0m  [1m[34mSELECT "articles".* FROM "articles"[0m
  ↳ app/controllers/api/v1/articles_controller.rb:13:in `index'
Completed 200 OK in 7ms (Views: 6.1ms | ActiveRecord: 0.4ms | Allocations: 1578)


Started GET "/api/v1/comments" for ::1 at 2022-11-29 20:28:49 +0200
  [1m[36mActiveRecord::SchemaMigration Pluck (0.9ms)[0m  [1m[34mSELECT "schema_migrations"."version" FROM "schema_migrations" ORDER BY "schema_migrations"."version" ASC[0m
Processing by Api::V1::CommentsController#index as */*
  [1m[36mComment Load (15.2ms)[0m  [1m[34mSELECT "comments".* FROM "comments" WHERE "comments"."status" = $1[0m  [["status", 0]]
  ↳ app/controllers/api/v1/comments_controller.rb:15:in `index'
Completed 200 OK in 332ms (Views: 50.2ms | ActiveRecord: 26.1ms | Allocations: 36184)


Started GET "/api/v1/articles" for ::1 at 2022-11-29 20:34:48 +0200
  [1m[36mActiveRecord::SchemaMigration Pluck (1.2ms)[0m  [1m[34mSELECT "schema_migrations"."version" FROM "schema_migrations" ORDER BY "schema_migrations"."version" ASC[0m
Processing by Api::V1::ArticlesController#index as */*
  [1m[36mArticle Load (0.6ms)[0m  [1m[34mSELECT "articles".* FROM "articles"[0m
  ↳ app/controllers/api/v1/articles_controller.rb:13:in `index'
Completed 200 OK in 195ms (Views: 20.3ms | ActiveRecord: 5.4ms | Allocations: 34870)


Started POST "/api/v1/comments" for ::1 at 2022-11-29 20:37:26 +0200
  
ActionController::RoutingError (No route matches [POST] "/api/v1/comments"):
  
Started POST "/api/v1/comments" for ::1 at 2022-11-29 20:38:52 +0200
  [1m[36mActiveRecord::SchemaMigration Pluck (0.8ms)[0m  [1m[34mSELECT "schema_migrations"."version" FROM "schema_migrations" ORDER BY "schema_migrations"."version" ASC[0m
Processing by Api::V1::CommentsController#create as */*
  Parameters: {"status"=>"published", "body"=>"New comment", "author_id"=>"1", "article_id"=>"1", "comment"=>{"body"=>"New comment", "status"=>"published", "author_id"=>"1", "article_id"=>"1"}}
Completed 404 Not Found in 5ms (ActiveRecord: 4.5ms | Allocations: 918)


  
ActiveRecord::RecordNotFound (Couldn't find Comment without an ID):
  
app/controllers/api/v1/comments_controller.rb:34:in `set_comment'
Started POST "/api/v1/comments" for ::1 at 2022-11-29 20:40:48 +0200
  [1m[36mActiveRecord::SchemaMigration Pluck (0.7ms)[0m  [1m[34mSELECT "schema_migrations"."version" FROM "schema_migrations" ORDER BY "schema_migrations"."version" ASC[0m
Processing by Api::V1::CommentsController#create as */*
  Parameters: {"status"=>"published", "body"=>"New comment", "author_id"=>"1", "article_id"=>"1", "comment"=>{"body"=>"New comment", "status"=>"published", "author_id"=>"1", "article_id"=>"1"}}
Completed 200 OK in 116ms (Views: 0.5ms | ActiveRecord: 4.9ms | Allocations: 31059)


Started POST "/api/v1/comments" for ::1 at 2022-11-29 20:41:27 +0200
Processing by Api::V1::CommentsController#create as */*
  Parameters: {"status"=>"unpublished", "body"=>"New comment", "author_id"=>"1", "article_id"=>"1", "comment"=>{"body"=>"New comment", "status"=>"unpublished", "author_id"=>"1", "article_id"=>"1"}}
Completed 200 OK in 1ms (Views: 0.4ms | ActiveRecord: 0.0ms | Allocations: 260)


Started GET "/api/v1/comments" for ::1 at 2022-11-29 20:41:59 +0200
Processing by Api::V1::CommentsController#index as */*
  [1m[36mComment Load (0.4ms)[0m  [1m[34mSELECT "comments".* FROM "comments" WHERE "comments"."status" = $1[0m  [["status", 0]]
  ↳ app/controllers/api/v1/comments_controller.rb:15:in `index'
Completed 200 OK in 6ms (Views: 4.6ms | ActiveRecord: 0.7ms | Allocations: 2339)


Started POST "/api/v1/comments" for ::1 at 2022-11-29 20:56:15 +0200
  [1m[36mActiveRecord::SchemaMigration Pluck (0.8ms)[0m  [1m[34mSELECT "schema_migrations"."version" FROM "schema_migrations" ORDER BY "schema_migrations"."version" ASC[0m
Processing by Api::V1::CommentsController#create as */*
  Parameters: {"status"=>"unpublished", "body"=>"New comment", "author_id"=>"1", "article_id"=>"1", "comment"=>{"body"=>"New comment", "status"=>"unpublished", "author_id"=>"1", "article_id"=>"1"}}
  [1m[36mTRANSACTION (0.2ms)[0m  [1m[35mBEGIN[0m
  ↳ app/controllers/api/v1/comments_controller.rb:20:in `create'
  [1m[36mAuthor Load (0.4ms)[0m  [1m[34mSELECT "authors".* FROM "authors" WHERE "authors"."id" = $1 LIMIT $2[0m  [["id", 1], ["LIMIT", 1]]
  ↳ app/controllers/api/v1/comments_controller.rb:20:in `create'
  [1m[36mArticle Load (0.5ms)[0m  [1m[34mSELECT "articles".* FROM "articles" WHERE "articles"."id" = $1 LIMIT $2[0m  [["id", 1], ["LIMIT", 1]]
  ↳ app/controllers/api/v1/comments_controller.rb:20:in `create'
  [1m[36mComment Create (59.4ms)[0m  [1m[32mINSERT INTO "comments" ("body", "status", "author_id", "created_at", "updated_at", "article_id") VALUES ($1, $2, $3, $4, $5, $6) RETURNING "id"[0m  [["body", "New comment"], ["status", 0], ["author_id", 1], ["created_at", "2022-11-29 18:56:15.859363"], ["updated_at", "2022-11-29 18:56:15.859363"], ["article_id", 1]]
  ↳ app/controllers/api/v1/comments_controller.rb:20:in `create'
  [1m[36mTRANSACTION (21.0ms)[0m  [1m[35mCOMMIT[0m
  ↳ app/controllers/api/v1/comments_controller.rb:20:in `create'
Completed 200 OK in 271ms (Views: 0.5ms | ActiveRecord: 94.2ms | Allocations: 71690)


